mode: k-multiple; k=23
>>> priority_pos = VB VBD VBG VBN VBP VBZ NN IN
>>> inpriority_pos = '' , -LRB- -RRB- . : CC CD DT JJ JJS MD NNP NNPS NNS POS PRP PRP$ RB RBS RP TO WDT WP WP$ ``

# division of <> <> <> <> <> <> <> <> <> <> <>, 0 1 2 3 4 5 6 7 8 9 10 11 12 13 14 15 16 17 18 19 20 21 22 23 24 25 26 27 28 29 30 31 32
{{{ cspc: 298 patterns
<DT> <> <> <> <> <> <> <> <> <> <> (8 30 )
<IN> <> <> <> <> <> <> <> <> <> <> (7 24 27 )
<JJ> <> <> <> <> <> <> <> <> <> <> (16 )
<NN> <> <> <> <> <> <> <> <> <> <> (17 )
<NNP> <> <> <> <> <> <> <> <> <> <> (0 2 4 5 10 11 12 14 15 19 20 22 28 29 32 )
<PRP> <> <> <> <> <> <> <> <> <> <> (1 3 6 13 18 21 25 26 31 )
<PRP$> <> <> <> <> <> <> <> <> <> <> (9 23 )
<> <''> <> <> <> <> <> <> <> <> <> (11 13 29 )
<> <,> <> <> <> <> <> <> <> <> <> (2 3 4 7 8 11 12 14 16 18 20 22 25 27 29 )
<> <-LRB-> <> <> <> <> <> <> <> <> <> (0 2 4 5 12 22 )
<> <-RRB-> <> <> <> <> <> <> <> <> <> (0 2 4 5 12 22 )
<> <:> <> <> <> <> <> <> <> <> <> (0 5 12 31 )
<> <CC> <> <> <> <> <> <> <> <> <> (0 2 3 12 13 14 16 20 22 26 27 29 31 32 )
<> <CD> <> <> <> <> <> <> <> <> <> (0 2 4 5 10 12 13 15 20 22 23 24 27 29 31 )
<> <DT> <> <> <> <> <> <> <> <> <> (0 1 2 3 4 5 6 7 8 10 11 12 13 14 15 18 20 22 25 27 29 30 31 32 )
<> <IN> <> <> <> <> <> <> <> <> <> (0 1 3 4 8 10 12 13 14 15 16 18 19 20 22 26 27 29 30 31 32 )
<> <JJ> <> <> <> <> <> <> <> <> <> (0 2 3 4 5 6 8 12 13 14 15 16 22 25 27 29 31 )
<> <JJS> <> <> <> <> <> <> <> <> <> (31 )
<> <MD> <> <> <> <> <> <> <> <> <> (11 )
<> <NN> <> <> <> <> <> <> <> <> <> (0 2 3 4 5 7 8 9 10 11 12 13 14 16 17 18 19 22 24 25 26 27 29 30 31 32 )
<> <NNP> <> <> <> <> <> <> <> <> <> (0 1 2 3 4 5 7 8 11 12 13 14 15 16 18 20 22 25 26 27 29 30 31 32 )
<> <NNPS> <> <> <> <> <> <> <> <> <> (29 )
<> <NNS> <> <> <> <> <> <> <> <> <> (0 3 7 10 12 15 16 17 18 19 22 27 32 )
<> <POS> <> <> <> <> <> <> <> <> <> (32 )
<> <PRP> <> <> <> <> <> <> <> <> <> (24 27 )
<> <PRP$> <> <> <> <> <> <> <> <> <> (3 10 12 13 27 )
<> <RB> <> <> <> <> <> <> <> <> <> (3 16 18 29 31 )
<> <RP> <> <> <> <> <> <> <> <> <> (29 )
<> <TO> <> <> <> <> <> <> <> <> <> (3 10 11 12 25 27 )
<> <VB> <> <> <> <> <> <> <> <> <> (11 25 27 )
<> <VBD> <> <> <> <> <> <> <> <> <> (0 1 5 6 7 8 10 11 12 13 15 17 18 19 20 24 25 27 29 30 31 )
<> <VBG> <> <> <> <> <> <> <> <> <> (7 20 22 27 29 31 )
<> <VBN> <> <> <> <> <> <> <> <> <> (2 3 4 11 16 22 26 28 29 30 )
<> <VBP> <> <> <> <> <> <> <> <> <> (16 )
<> <VBZ> <> <> <> <> <> <> <> <> <> (2 3 4 14 21 22 26 28 29 32 )
<> <WDT> <> <> <> <> <> <> <> <> <> (11 14 18 )
<> <WP> <> <> <> <> <> <> <> <> <> (0 12 29 )
<> <WP$> <> <> <> <> <> <> <> <> <> (29 )
<> <``> <> <> <> <> <> <> <> <> <> (11 13 29 )
<> <> <''> <> <> <> <> <> <> <> <> (11 13 29 )
<> <> <,> <> <> <> <> <> <> <> <> (2 3 4 5 7 8 11 12 14 15 16 18 20 22 25 27 29 )
<> <> <-LRB-> <> <> <> <> <> <> <> <> (0 2 4 5 12 22 )
<> <> <-RRB-> <> <> <> <> <> <> <> <> (0 2 4 5 12 22 )
<> <> <:> <> <> <> <> <> <> <> <> (0 5 12 31 )
<> <> <CC> <> <> <> <> <> <> <> <> (0 2 3 6 8 10 12 13 14 20 22 26 27 29 31 32 )
<> <> <CD> <> <> <> <> <> <> <> <> (0 2 4 5 10 12 13 15 20 22 27 29 31 )
<> <> <DT> <> <> <> <> <> <> <> <> (0 1 2 3 4 5 6 8 10 11 12 13 14 15 18 20 22 25 27 29 30 31 32 )
<> <> <IN> <> <> <> <> <> <> <> <> (0 1 3 4 7 8 10 11 12 13 14 15 16 18 19 20 21 22 26 27 28 29 30 31 32 )
<> <> <JJ> <> <> <> <> <> <> <> <> (0 2 3 4 5 6 8 12 13 14 15 16 22 25 27 29 31 )
<> <> <JJS> <> <> <> <> <> <> <> <> (31 )
<> <> <MD> <> <> <> <> <> <> <> <> (11 )
<> <> <NN> <> <> <> <> <> <> <> <> (0 1 2 3 4 5 7 8 9 10 11 12 13 14 16 17 18 19 22 23 24 25 26 27 29 30 31 32 )
<> <> <NNP> <> <> <> <> <> <> <> <> (0 1 2 3 4 5 7 8 12 13 14 15 16 18 19 20 22 24 25 26 27 29 30 31 32 )
<> <> <NNPS> <> <> <> <> <> <> <> <> (29 )
<> <> <NNS> <> <> <> <> <> <> <> <> (0 3 7 10 12 15 16 17 18 19 22 27 32 )
<> <> <POS> <> <> <> <> <> <> <> <> (32 )
<> <> <PRP> <> <> <> <> <> <> <> <> (24 27 )
<> <> <PRP$> <> <> <> <> <> <> <> <> (3 10 12 13 27 )
<> <> <RB> <> <> <> <> <> <> <> <> (3 16 17 18 29 31 )
<> <> <RP> <> <> <> <> <> <> <> <> (29 )
<> <> <TO> <> <> <> <> <> <> <> <> (3 10 11 12 25 27 )
<> <> <VB> <> <> <> <> <> <> <> <> (11 25 27 )
<> <> <VBD> <> <> <> <> <> <> <> <> (0 5 7 11 12 13 18 24 27 29 30 31 )
<> <> <VBG> <> <> <> <> <> <> <> <> (7 20 22 27 29 31 )
<> <> <VBN> <> <> <> <> <> <> <> <> (2 3 4 11 16 22 26 27 28 29 30 )
<> <> <VBP> <> <> <> <> <> <> <> <> (16 )
<> <> <VBZ> <> <> <> <> <> <> <> <> (2 4 14 22 29 )
<> <> <WDT> <> <> <> <> <> <> <> <> (11 14 18 )
<> <> <WP> <> <> <> <> <> <> <> <> (0 12 29 )
<> <> <WP$> <> <> <> <> <> <> <> <> (29 )
<> <> <``> <> <> <> <> <> <> <> <> (11 13 29 )
<> <> <> <''> <> <> <> <> <> <> <> (11 13 29 )
<> <> <> <,> <> <> <> <> <> <> <> (2 3 4 5 7 8 11 12 14 15 16 18 20 22 25 27 29 )
<> <> <> <-LRB-> <> <> <> <> <> <> <> (2 4 5 24 )
<> <> <> <-RRB-> <> <> <> <> <> <> <> (0 2 4 5 12 22 )
<> <> <> <:> <> <> <> <> <> <> <> (0 5 12 31 )
<> <> <> <CC> <> <> <> <> <> <> <> (0 2 3 4 5 6 8 10 12 13 14 20 22 25 26 27 29 31 32 )
<> <> <> <CD> <> <> <> <> <> <> <> (0 2 4 5 10 12 13 15 20 22 27 29 30 31 )
<> <> <> <DT> <> <> <> <> <> <> <> (0 2 3 4 5 8 10 11 12 13 14 15 18 22 25 27 29 30 31 32 )
<> <> <> <IN> <> <> <> <> <> <> <> (0 1 3 4 7 8 10 11 12 13 14 15 16 18 19 20 22 26 27 28 29 30 31 32 )
<> <> <> <JJ> <> <> <> <> <> <> <> (0 2 3 4 5 6 8 12 14 15 22 25 27 29 31 32 )
<> <> <> <JJS> <> <> <> <> <> <> <> (31 )
<> <> <> <MD> <> <> <> <> <> <> <> (11 )
<> <> <> <NN> <> <> <> <> <> <> <> (0 1 2 3 4 5 7 8 9 10 11 12 13 14 16 17 18 22 23 24 25 26 27 29 30 31 32 )
<> <> <> <NNP> <> <> <> <> <> <> <> (0 1 2 3 4 5 7 8 11 12 13 14 15 16 18 19 20 21 22 24 26 27 29 30 31 32 )
<> <> <> <NNPS> <> <> <> <> <> <> <> (29 )
<> <> <> <NNS> <> <> <> <> <> <> <> (0 3 7 8 10 12 15 16 17 18 19 22 27 32 )
<> <> <> <POS> <> <> <> <> <> <> <> (32 )
<> <> <> <PRP> <> <> <> <> <> <> <> (27 )
<> <> <> <PRP$> <> <> <> <> <> <> <> (3 12 13 27 )
<> <> <> <RB> <> <> <> <> <> <> <> (16 17 18 29 31 )
<> <> <> <RP> <> <> <> <> <> <> <> (29 )
<> <> <> <TO> <> <> <> <> <> <> <> (3 10 11 12 25 27 )
<> <> <> <VB> <> <> <> <> <> <> <> (11 25 27 )
<> <> <> <VBD> <> <> <> <> <> <> <> (0 5 7 12 13 18 24 27 29 31 )
<> <> <> <VBG> <> <> <> <> <> <> <> (7 20 22 27 28 29 31 )
<> <> <> <VBN> <> <> <> <> <> <> <> (2 3 4 11 16 22 26 27 28 29 30 )
<> <> <> <VBP> <> <> <> <> <> <> <> (16 )
<> <> <> <VBZ> <> <> <> <> <> <> <> (2 4 14 22 29 )
<> <> <> <WDT> <> <> <> <> <> <> <> (11 14 16 18 )
<> <> <> <WP> <> <> <> <> <> <> <> (0 12 29 )
<> <> <> <WP$> <> <> <> <> <> <> <> (29 )
<> <> <> <``> <> <> <> <> <> <> <> (11 13 29 )
<> <> <> <> <''> <> <> <> <> <> <> (11 13 29 )
<> <> <> <> <,> <> <> <> <> <> <> (2 3 4 5 7 8 11 12 14 15 16 18 19 20 21 22 27 29 )
<> <> <> <> <-LRB-> <> <> <> <> <> <> (2 24 )
<> <> <> <> <-RRB-> <> <> <> <> <> <> (0 2 4 5 12 22 )
<> <> <> <> <:> <> <> <> <> <> <> (0 5 12 31 )
<> <> <> <> <CC> <> <> <> <> <> <> (0 2 3 4 5 6 7 8 10 12 13 14 20 22 25 26 27 29 30 31 32 )
<> <> <> <> <CD> <> <> <> <> <> <> (0 2 4 5 10 12 13 15 20 22 27 29 30 31 )
<> <> <> <> <DT> <> <> <> <> <> <> (0 2 3 4 5 8 10 11 12 13 14 15 18 22 25 27 29 30 31 32 )
<> <> <> <> <IN> <> <> <> <> <> <> (0 1 3 4 7 8 10 11 12 13 14 15 16 17 18 19 20 22 26 27 28 29 30 31 32 )
<> <> <> <> <JJ> <> <> <> <> <> <> (0 2 3 4 5 6 8 12 14 15 22 25 27 29 31 32 )
<> <> <> <> <JJS> <> <> <> <> <> <> (31 )
<> <> <> <> <MD> <> <> <> <> <> <> (11 )
<> <> <> <> <NN> <> <> <> <> <> <> (0 1 2 3 4 5 6 7 8 9 10 11 12 13 14 15 16 18 22 24 25 26 27 28 29 30 31 32 )
<> <> <> <> <NNP> <> <> <> <> <> <> (0 1 2 3 4 5 7 8 11 12 13 14 15 16 18 19 20 22 24 26 27 29 30 31 32 )
<> <> <> <> <NNPS> <> <> <> <> <> <> (29 )
<> <> <> <> <NNS> <> <> <> <> <> <> (0 3 7 8 10 12 15 17 18 20 22 27 32 )
<> <> <> <> <POS> <> <> <> <> <> <> (3 32 )
<> <> <> <> <PRP> <> <> <> <> <> <> (27 )
<> <> <> <> <PRP$> <> <> <> <> <> <> (1 3 12 13 27 )
<> <> <> <> <RB> <> <> <> <> <> <> (16 17 18 29 31 )
<> <> <> <> <RP> <> <> <> <> <> <> (29 )
<> <> <> <> <TO> <> <> <> <> <> <> (3 10 11 12 25 27 )
<> <> <> <> <VB> <> <> <> <> <> <> (11 25 27 )
<> <> <> <> <VBD> <> <> <> <> <> <> (0 5 7 9 12 13 18 23 27 29 31 )
<> <> <> <> <VBG> <> <> <> <> <> <> (7 20 22 27 28 29 31 )
<> <> <> <> <VBN> <> <> <> <> <> <> (2 4 16 26 27 29 )
<> <> <> <> <VBP> <> <> <> <> <> <> (16 )
<> <> <> <> <VBZ> <> <> <> <> <> <> (2 4 14 22 26 29 )
<> <> <> <> <WDT> <> <> <> <> <> <> (11 14 16 18 )
<> <> <> <> <WP> <> <> <> <> <> <> (0 12 29 )
<> <> <> <> <WP$> <> <> <> <> <> <> (29 )
<> <> <> <> <``> <> <> <> <> <> <> (11 13 29 )
<> <> <> <> <> <''> <> <> <> <> <> (11 13 29 )
<> <> <> <> <> <,> <> <> <> <> <> (2 3 4 5 7 8 11 12 14 15 16 18 19 20 22 27 29 )
<> <> <> <> <> <-LRB-> <> <> <> <> <> (24 )
<> <> <> <> <> <-RRB-> <> <> <> <> <> (0 2 4 5 12 22 24 )
<> <> <> <> <> <:> <> <> <> <> <> (0 5 12 31 )
<> <> <> <> <> <CC> <> <> <> <> <> (0 2 3 4 5 7 8 10 12 13 14 20 22 25 26 27 29 30 31 32 )
<> <> <> <> <> <CD> <> <> <> <> <> (0 2 4 5 10 12 13 15 20 27 29 30 31 )
<> <> <> <> <> <DT> <> <> <> <> <> (0 2 3 4 5 8 10 11 12 13 14 15 17 18 19 22 23 25 27 29 30 31 32 )
<> <> <> <> <> <IN> <> <> <> <> <> (0 1 2 3 4 5 6 7 8 10 11 12 13 14 15 16 17 18 20 22 26 27 29 30 31 32 )
<> <> <> <> <> <JJ> <> <> <> <> <> (0 2 3 4 5 6 8 9 12 14 15 22 25 27 29 31 32 )
<> <> <> <> <> <JJS> <> <> <> <> <> (31 )
<> <> <> <> <> <MD> <> <> <> <> <> (11 )
<> <> <> <> <> <NN> <> <> <> <> <> (0 1 2 3 4 5 6 7 8 10 11 12 13 14 15 16 18 22 25 26 27 28 29 30 31 32 )
<> <> <> <> <> <NNP> <> <> <> <> <> (0 2 3 4 5 7 8 11 12 13 14 15 16 18 19 20 21 22 24 26 27 29 30 31 32 )
<> <> <> <> <> <NNPS> <> <> <> <> <> (29 )
<> <> <> <> <> <NNS> <> <> <> <> <> (0 3 7 8 10 12 15 18 20 22 27 32 )
<> <> <> <> <> <POS> <> <> <> <> <> (3 )
<> <> <> <> <> <PRP> <> <> <> <> <> (27 )
<> <> <> <> <> <PRP$> <> <> <> <> <> (1 3 12 13 27 )
<> <> <> <> <> <RB> <> <> <> <> <> (16 17 18 26 29 31 )
<> <> <> <> <> <RBS> <> <> <> <> <> (3 )
<> <> <> <> <> <RP> <> <> <> <> <> (29 )
<> <> <> <> <> <TO> <> <> <> <> <> (3 11 12 25 27 31 )
<> <> <> <> <> <VB> <> <> <> <> <> (11 25 27 )
<> <> <> <> <> <VBD> <> <> <> <> <> (0 5 7 9 10 12 13 18 27 29 31 )
<> <> <> <> <> <VBG> <> <> <> <> <> (7 20 22 27 28 29 31 )
<> <> <> <> <> <VBN> <> <> <> <> <> (2 16 27 29 )
<> <> <> <> <> <VBZ> <> <> <> <> <> (2 4 14 16 22 26 29 )
<> <> <> <> <> <WDT> <> <> <> <> <> (11 14 16 18 )
<> <> <> <> <> <WP> <> <> <> <> <> (0 12 29 )
<> <> <> <> <> <WP$> <> <> <> <> <> (29 )
<> <> <> <> <> <``> <> <> <> <> <> (11 13 29 )
<> <> <> <> <> <> <''> <> <> <> <> (11 13 29 )
<> <> <> <> <> <> <,> <> <> <> <> (2 3 4 5 8 11 12 14 15 16 18 19 20 22 24 27 29 )
<> <> <> <> <> <> <-LRB-> <> <> <> <> (24 )
<> <> <> <> <> <> <-RRB-> <> <> <> <> (0 2 4 5 12 24 )
<> <> <> <> <> <> <:> <> <> <> <> (0 5 12 31 )
<> <> <> <> <> <> <CC> <> <> <> <> (0 2 3 4 5 7 8 10 12 13 14 20 21 22 25 26 27 29 30 31 32 )
<> <> <> <> <> <> <CD> <> <> <> <> (0 2 4 5 10 12 13 20 27 29 30 31 )
<> <> <> <> <> <> <DT> <> <> <> <> (0 2 3 4 5 11 12 13 14 15 17 18 19 22 25 26 27 29 30 31 32 )
<> <> <> <> <> <> <IN> <> <> <> <> (0 1 2 3 4 5 6 7 8 10 11 12 13 14 15 16 17 18 20 22 27 28 29 30 31 32 )
<> <> <> <> <> <> <JJ> <> <> <> <> (0 2 3 4 5 8 9 12 14 15 17 22 25 27 29 31 32 )
<> <> <> <> <> <> <JJS> <> <> <> <> (31 )
<> <> <> <> <> <> <MD> <> <> <> <> (11 )
<> <> <> <> <> <> <NN> <> <> <> <> (0 1 2 3 4 5 6 7 8 9 10 11 12 13 14 15 16 18 19 20 22 23 25 26 27 28 29 30 31 32 )
<> <> <> <> <> <> <NNP> <> <> <> <> (0 2 3 4 5 7 8 11 12 13 14 15 16 18 19 20 22 24 26 27 29 30 31 32 )
<> <> <> <> <> <> <NNPS> <> <> <> <> (29 )
<> <> <> <> <> <> <NNS> <> <> <> <> (0 3 7 8 10 12 15 18 20 22 27 32 )
<> <> <> <> <> <> <POS> <> <> <> <> (3 )
<> <> <> <> <> <> <PRP> <> <> <> <> (27 )
<> <> <> <> <> <> <PRP$> <> <> <> <> (1 12 13 27 )
<> <> <> <> <> <> <RB> <> <> <> <> (3 16 17 18 26 29 31 )
<> <> <> <> <> <> <RBS> <> <> <> <> (3 )
<> <> <> <> <> <> <RP> <> <> <> <> (29 )
<> <> <> <> <> <> <TO> <> <> <> <> (3 11 12 25 27 31 )
<> <> <> <> <> <> <VB> <> <> <> <> (11 25 27 )
<> <> <> <> <> <> <VBD> <> <> <> <> (0 5 7 10 12 13 18 27 29 31 )
<> <> <> <> <> <> <VBG> <> <> <> <> (7 20 22 27 29 31 )
<> <> <> <> <> <> <VBN> <> <> <> <> (2 16 27 29 )
<> <> <> <> <> <> <VBZ> <> <> <> <> (2 4 14 16 22 26 29 )
<> <> <> <> <> <> <WDT> <> <> <> <> (11 14 16 18 )
<> <> <> <> <> <> <WP> <> <> <> <> (0 12 29 )
<> <> <> <> <> <> <WP$> <> <> <> <> (29 )
<> <> <> <> <> <> <``> <> <> <> <> (6 11 13 29 )
<> <> <> <> <> <> <> <''> <> <> <> (11 13 29 )
<> <> <> <> <> <> <> <,> <> <> <> (2 3 4 5 8 11 12 14 15 16 18 19 20 22 24 27 29 )
<> <> <> <> <> <> <> <-LRB-> <> <> <> (12 25 )
<> <> <> <> <> <> <> <-RRB-> <> <> <> (0 2 4 5 12 24 )
<> <> <> <> <> <> <> <:> <> <> <> (5 12 31 )
<> <> <> <> <> <> <> <CC> <> <> <> (0 2 3 4 5 7 8 9 10 12 13 14 20 22 25 26 27 29 30 31 32 )
<> <> <> <> <> <> <> <CD> <> <> <> (0 2 4 5 10 12 13 20 27 29 30 31 )
<> <> <> <> <> <> <> <DT> <> <> <> (0 1 2 3 4 5 11 12 13 14 15 16 17 18 19 22 24 25 26 27 29 30 31 32 )
<> <> <> <> <> <> <> <IN> <> <> <> (0 1 2 3 4 5 6 7 8 10 11 12 13 14 15 16 17 18 19 20 22 23 27 28 29 30 31 32 )
<> <> <> <> <> <> <> <JJ> <> <> <> (0 2 4 5 6 8 12 14 15 17 22 25 27 29 31 32 )
<> <> <> <> <> <> <> <JJS> <> <> <> (31 )
<> <> <> <> <> <> <> <MD> <> <> <> (11 )
<> <> <> <> <> <> <> <NN> <> <> <> (0 1 2 3 4 5 7 8 9 11 12 13 14 15 16 17 18 19 20 22 25 26 27 28 29 30 31 32 )
<> <> <> <> <> <> <> <NNP> <> <> <> (0 2 3 4 5 8 11 12 13 14 15 16 18 20 22 24 26 27 29 30 31 32 )
<> <> <> <> <> <> <> <NNPS> <> <> <> (29 )
<> <> <> <> <> <> <> <NNS> <> <> <> (0 3 7 8 10 12 15 18 20 22 27 32 )
<> <> <> <> <> <> <> <POS> <> <> <> (3 )
<> <> <> <> <> <> <> <PRP> <> <> <> (27 )
<> <> <> <> <> <> <> <PRP$> <> <> <> (1 12 13 27 )
<> <> <> <> <> <> <> <RB> <> <> <> (3 16 18 26 29 31 )
<> <> <> <> <> <> <> <RBS> <> <> <> (3 )
<> <> <> <> <> <> <> <RP> <> <> <> (29 )
<> <> <> <> <> <> <> <TO> <> <> <> (3 7 11 12 25 27 31 )
<> <> <> <> <> <> <> <VB> <> <> <> (11 25 27 )
<> <> <> <> <> <> <> <VBD> <> <> <> (0 5 7 10 12 13 18 27 29 31 )
<> <> <> <> <> <> <> <VBG> <> <> <> (7 20 22 27 28 29 31 )
<> <> <> <> <> <> <> <VBN> <> <> <> (2 3 27 29 )
<> <> <> <> <> <> <> <VBZ> <> <> <> (2 4 14 16 21 26 29 )
<> <> <> <> <> <> <> <WDT> <> <> <> (11 14 16 18 )
<> <> <> <> <> <> <> <WP> <> <> <> (0 12 29 )
<> <> <> <> <> <> <> <WP$> <> <> <> (29 )
<> <> <> <> <> <> <> <``> <> <> <> (6 11 13 29 )
<> <> <> <> <> <> <> <> <''> <> <> (13 29 )
<> <> <> <> <> <> <> <> <,> <> <> (2 3 4 5 8 11 12 14 15 16 18 20 22 24 27 29 )
<> <> <> <> <> <> <> <> <-LRB-> <> <> (12 25 )
<> <> <> <> <> <> <> <> <-RRB-> <> <> (0 2 4 5 12 24 )
<> <> <> <> <> <> <> <> <:> <> <> (31 )
<> <> <> <> <> <> <> <> <CC> <> <> (0 2 3 4 5 7 8 9 10 12 13 14 20 22 25 26 27 29 30 31 32 )
<> <> <> <> <> <> <> <> <CD> <> <> (0 2 4 5 10 12 13 20 27 29 30 31 )
<> <> <> <> <> <> <> <> <DT> <> <> (0 1 2 3 4 5 11 12 13 14 15 16 17 18 19 24 25 26 27 29 30 31 32 )
<> <> <> <> <> <> <> <> <IN> <> <> (0 1 2 3 4 5 7 8 10 11 12 13 14 15 16 17 18 19 20 21 22 26 27 28 29 30 31 32 )
<> <> <> <> <> <> <> <> <JJ> <> <> (0 1 2 4 5 6 8 9 10 12 14 15 17 22 24 25 27 29 31 32 )
<> <> <> <> <> <> <> <> <JJS> <> <> (31 )
<> <> <> <> <> <> <> <> <MD> <> <> (11 )
<> <> <> <> <> <> <> <> <NN> <> <> (0 1 2 3 4 5 6 7 8 11 12 13 14 15 16 17 18 19 20 22 23 25 26 27 29 30 31 32 )
<> <> <> <> <> <> <> <> <NNP> <> <> (0 2 3 4 5 8 11 12 13 14 15 16 18 20 22 25 26 27 28 29 30 31 32 )
<> <> <> <> <> <> <> <> <NNPS> <> <> (29 )
<> <> <> <> <> <> <> <> <NNS> <> <> (0 3 7 8 10 12 18 20 22 27 32 )
<> <> <> <> <> <> <> <> <POS> <> <> (3 )
<> <> <> <> <> <> <> <> <PRP> <> <> (27 )
<> <> <> <> <> <> <> <> <PRP$> <> <> (1 12 13 27 )
<> <> <> <> <> <> <> <> <RB> <> <> (3 16 18 26 29 31 )
<> <> <> <> <> <> <> <> <RBS> <> <> (3 )
<> <> <> <> <> <> <> <> <RP> <> <> (29 )
<> <> <> <> <> <> <> <> <TO> <> <> (3 7 11 12 27 31 )
<> <> <> <> <> <> <> <> <VB> <> <> (11 25 27 )
<> <> <> <> <> <> <> <> <VBD> <> <> (0 5 10 12 13 18 27 29 31 )
<> <> <> <> <> <> <> <> <VBG> <> <> (3 7 16 20 22 27 28 29 31 )
<> <> <> <> <> <> <> <> <VBN> <> <> (2 3 27 29 )
<> <> <> <> <> <> <> <> <VBZ> <> <> (2 4 14 16 26 29 )
<> <> <> <> <> <> <> <> <WDT> <> <> (11 14 16 18 )
<> <> <> <> <> <> <> <> <WP> <> <> (0 12 29 )
<> <> <> <> <> <> <> <> <WP$> <> <> (29 )
<> <> <> <> <> <> <> <> <``> <> <> (6 11 13 29 )
<> <> <> <> <> <> <> <> <> <''> <> (13 29 )
<> <> <> <> <> <> <> <> <> <,> <> (2 3 4 5 8 12 14 15 16 18 20 22 24 27 29 )
<> <> <> <> <> <> <> <> <> <-LRB-> <> (12 25 )
<> <> <> <> <> <> <> <> <> <-RRB-> <> (0 2 5 12 25 )
<> <> <> <> <> <> <> <> <> <.> <> (6 11 )
<> <> <> <> <> <> <> <> <> <:> <> (31 )
<> <> <> <> <> <> <> <> <> <CC> <> (0 2 3 4 5 7 8 10 12 13 14 20 22 25 26 27 29 30 31 32 )
<> <> <> <> <> <> <> <> <> <CD> <> (0 2 4 5 10 12 13 20 27 29 30 31 )
<> <> <> <> <> <> <> <> <> <DT> <> (0 1 2 3 4 5 11 12 13 14 15 16 18 19 24 25 26 27 29 30 31 32 )
<> <> <> <> <> <> <> <> <> <IN> <> (0 1 2 3 4 5 7 8 10 11 12 13 14 15 16 17 18 19 20 22 26 27 29 30 31 32 )
<> <> <> <> <> <> <> <> <> <JJ> <> (0 1 2 4 5 6 8 9 10 12 14 15 17 22 24 25 27 29 31 32 )
<> <> <> <> <> <> <> <> <> <MD> <> (11 )
<> <> <> <> <> <> <> <> <> <NN> <> (0 1 2 3 4 5 6 7 8 9 11 12 13 14 15 16 17 18 19 20 22 23 24 25 26 27 29 30 31 32 )
<> <> <> <> <> <> <> <> <> <NNP> <> (2 3 4 5 8 11 12 13 14 15 16 17 18 20 21 22 25 26 27 28 29 30 31 32 )
<> <> <> <> <> <> <> <> <> <NNPS> <> (29 )
<> <> <> <> <> <> <> <> <> <NNS> <> (0 3 7 8 10 12 18 19 20 22 27 31 32 )
<> <> <> <> <> <> <> <> <> <POS> <> (3 )
<> <> <> <> <> <> <> <> <> <PRP> <> (27 )
<> <> <> <> <> <> <> <> <> <PRP$> <> (12 13 27 )
<> <> <> <> <> <> <> <> <> <RB> <> (3 16 18 26 29 31 )
<> <> <> <> <> <> <> <> <> <RBS> <> (3 )
<> <> <> <> <> <> <> <> <> <RP> <> (29 )
<> <> <> <> <> <> <> <> <> <TO> <> (7 11 12 27 31 )
<> <> <> <> <> <> <> <> <> <VB> <> (11 27 )
<> <> <> <> <> <> <> <> <> <VBD> <> (0 5 10 12 13 18 27 29 31 )
<> <> <> <> <> <> <> <> <> <VBG> <> (3 16 20 22 27 28 29 31 )
<> <> <> <> <> <> <> <> <> <VBN> <> (2 3 27 29 )
<> <> <> <> <> <> <> <> <> <VBZ> <> (2 4 14 16 26 29 )
<> <> <> <> <> <> <> <> <> <WDT> <> (11 14 16 18 )
<> <> <> <> <> <> <> <> <> <WP> <> (0 12 29 )
<> <> <> <> <> <> <> <> <> <WP$> <> (29 )
<> <> <> <> <> <> <> <> <> <``> <> (11 13 )
<> <> <> <> <> <> <> <> <> <> <''> (6 11 )
<> <> <> <> <> <> <> <> <> <> <.> (0 1 2 3 4 5 7 8 9 10 12 13 14 15 16 17 18 19 20 21 22 23 24 25 26 27 28 29 30 31 32 )
<> <> <> <> <> <> <> <> <> <> <> (0 1 2 3 4 5 6 7 8 9 10 11 12 13 14 15 16 17 18 19 20 22 24 25 26 27 28 29 30 31 32 )
}}}
{{{ div: 2 patterns
<> <> <> <> <> <> <> <> <> <> <.> (0 1 2 3 4 5 7 8 9 10 12 13 14 15 16 17 18 19 20 21 22 23 24 25 26 27 28 29 30 31 32)
<> <> <> <> <> <> <> <> <> <> <> (0 1 2 3 4 5 6 7 8 9 10 11 12 13 14 15 16 17 18 19 20 22 24 25 26 27 28 29 30 31 32)
}}}

# division of <> was/VBD <> <> <> <> <NN> <IN> <> <> <> ./. ''/'', 6 11
{{{ cspc: 27 patterns
<PRP> was/VBD <> <> <> <> <NN> <IN> <> <> <> ./. ''/'' (6 )
<> was/VBD <DT> <> <> <> <NN> <IN> <> <> <> ./. ''/'' (6 )
<> was/VBD <VBN> <> <> <> <NN> <IN> <> <> <> ./. ''/'' (11 )
<> was/VBD <> <''> <> <> <NN> <IN> <> <> <> ./. ''/'' (11 )
<> was/VBD <> <,> <> <> <NN> <IN> <> <> <> ./. ''/'' (11 )
<> was/VBD <> <DT> <> <> <NN> <IN> <> <> <> ./. ''/'' (11 )
<> was/VBD <> <JJ> <> <> <NN> <IN> <> <> <> ./. ''/'' (6 )
<> was/VBD <> <MD> <> <> <NN> <IN> <> <> <> ./. ''/'' (11 )
<> was/VBD <> <NN> <> <> <NN> <IN> <> <> <> ./. ''/'' (11 )
<> was/VBD <> <VB> <> <> <NN> <IN> <> <> <> ./. ''/'' (11 )
<> was/VBD <> <WDT> <> <> <NN> <IN> <> <> <> ./. ''/'' (11 )
<> was/VBD <> <``> <> <> <NN> <IN> <> <> <> ./. ''/'' (11 )
<> was/VBD <> <> <''> <> <NN> <IN> <> <> <> ./. ''/'' (11 )
<> was/VBD <> <> <,> <> <NN> <IN> <> <> <> ./. ''/'' (11 )
<> was/VBD <> <> <CC> <> <NN> <IN> <> <> <> ./. ''/'' (6 )
<> was/VBD <> <> <DT> <> <NN> <IN> <> <> <> ./. ''/'' (11 )
<> was/VBD <> <> <MD> <> <NN> <IN> <> <> <> ./. ''/'' (11 )
<> was/VBD <> <> <NN> <> <NN> <IN> <> <> <> ./. ''/'' (11 )
<> was/VBD <> <> <TO> <> <NN> <IN> <> <> <> ./. ''/'' (11 )
<> was/VBD <> <> <VB> <> <NN> <IN> <> <> <> ./. ''/'' (11 )
<> was/VBD <> <> <WDT> <> <NN> <IN> <> <> <> ./. ''/'' (11 )
<> was/VBD <> <> <``> <> <NN> <IN> <> <> <> ./. ''/'' (11 )
<> was/VBD <> <> <> <DT> <NN> <IN> <> <> <> ./. ''/'' (11 )
<> was/VBD <> <> <> <JJ> <NN> <IN> <> <> <> ./. ''/'' (6 )
<> was/VBD <> <> <> <> proponent/NN <IN> <> <> <> ./. ''/'' (6 )
<> was/VBD <> <> <> <> concept/NN <IN> <> <> <> ./. ''/'' (11 )
<> was/VBD <> <> <> <> concept/NN in/IN <> <> <> ./. ''/'' (11 )
}}}
{{{ div: 2 patterns
<> was/VBD <DT> <> <> <> <NN> <IN> <> <> <> ./. ''/'' (6)
<> was/VBD <VBN> <> <> <> <NN> <IN> <> <> <> ./. ''/'' (11)
}}}

# division of <> <> <> <> <> <> <> <> <> <> ./., 0 1 2 3 4 5 7 8 9 10 12 13 14 15 16 17 18 19 20 21 22 23 24 25 26 27 28 29 30 31 32
{{{ cspc: 261 patterns
<DT> <> <> <> <> <> <> <> <> <> ./. (8 30 )
<IN> <> <> <> <> <> <> <> <> <> ./. (7 24 27 )
<JJ> <> <> <> <> <> <> <> <> <> ./. (16 )
<NN> <> <> <> <> <> <> <> <> <> ./. (17 )
<NNP> <> <> <> <> <> <> <> <> <> ./. (0 2 4 5 10 12 14 15 19 20 22 28 29 32 )
<PRP> <> <> <> <> <> <> <> <> <> ./. (1 3 13 18 21 25 26 31 )
<PRP$> <> <> <> <> <> <> <> <> <> ./. (9 23 )
<> <''> <> <> <> <> <> <> <> <> ./. (13 29 )
<> <,> <> <> <> <> <> <> <> <> ./. (2 3 4 7 8 12 14 16 18 20 22 25 27 29 )
<> <-LRB-> <> <> <> <> <> <> <> <> ./. (0 2 4 5 12 22 )
<> <-RRB-> <> <> <> <> <> <> <> <> ./. (0 2 4 5 12 22 )
<> <:> <> <> <> <> <> <> <> <> ./. (0 5 12 31 )
<> <CC> <> <> <> <> <> <> <> <> ./. (0 2 3 12 13 14 16 20 22 26 27 29 31 32 )
<> <CD> <> <> <> <> <> <> <> <> ./. (0 2 4 5 10 12 13 15 20 22 23 24 27 29 31 )
<> <DT> <> <> <> <> <> <> <> <> ./. (0 1 2 3 4 5 7 8 10 12 13 14 15 18 20 22 25 27 29 30 31 32 )
<> <IN> <> <> <> <> <> <> <> <> ./. (0 1 3 4 8 10 12 13 14 15 16 18 19 20 22 26 27 29 30 31 32 )
<> <JJ> <> <> <> <> <> <> <> <> ./. (0 2 3 4 5 8 12 13 14 15 16 22 25 27 29 31 )
<> <JJS> <> <> <> <> <> <> <> <> ./. (31 )
<> <NN> <> <> <> <> <> <> <> <> ./. (0 2 3 4 5 7 8 9 10 12 13 14 16 17 18 19 22 24 25 26 27 29 30 31 32 )
<> <NNP> <> <> <> <> <> <> <> <> ./. (0 1 2 3 4 5 7 8 12 13 14 15 16 18 20 22 25 26 27 29 30 31 32 )
<> <NNPS> <> <> <> <> <> <> <> <> ./. (29 )
<> <NNS> <> <> <> <> <> <> <> <> ./. (0 3 7 10 12 15 16 17 18 19 22 27 32 )
<> <POS> <> <> <> <> <> <> <> <> ./. (32 )
<> <PRP> <> <> <> <> <> <> <> <> ./. (24 27 )
<> <PRP$> <> <> <> <> <> <> <> <> ./. (3 10 12 13 27 )
<> <RB> <> <> <> <> <> <> <> <> ./. (3 16 18 29 31 )
<> <RP> <> <> <> <> <> <> <> <> ./. (29 )
<> <TO> <> <> <> <> <> <> <> <> ./. (3 10 12 25 27 )
<> <VB> <> <> <> <> <> <> <> <> ./. (25 27 )
<> <VBD> <> <> <> <> <> <> <> <> ./. (0 1 5 7 8 10 12 13 15 17 18 19 20 24 25 27 29 30 31 )
<> <VBG> <> <> <> <> <> <> <> <> ./. (7 20 22 27 29 31 )
<> <VBN> <> <> <> <> <> <> <> <> ./. (2 3 4 16 22 26 28 29 30 )
<> <VBP> <> <> <> <> <> <> <> <> ./. (16 )
<> <VBZ> <> <> <> <> <> <> <> <> ./. (2 3 4 14 21 22 26 28 29 32 )
<> <WDT> <> <> <> <> <> <> <> <> ./. (14 18 )
<> <WP> <> <> <> <> <> <> <> <> ./. (0 12 29 )
<> <WP$> <> <> <> <> <> <> <> <> ./. (29 )
<> <``> <> <> <> <> <> <> <> <> ./. (13 29 )
<> <> <''> <> <> <> <> <> <> <> ./. (13 29 )
<> <> <,> <> <> <> <> <> <> <> ./. (2 3 4 5 7 8 12 14 15 16 18 20 22 25 27 29 )
<> <> <-LRB-> <> <> <> <> <> <> <> ./. (0 2 4 5 12 22 )
<> <> <-RRB-> <> <> <> <> <> <> <> ./. (0 2 4 5 12 22 )
<> <> <:> <> <> <> <> <> <> <> ./. (0 5 12 31 )
<> <> <CC> <> <> <> <> <> <> <> ./. (0 2 3 8 10 12 13 14 20 22 26 27 29 31 32 )
<> <> <CD> <> <> <> <> <> <> <> ./. (0 2 4 5 10 12 13 15 20 22 27 29 31 )
<> <> <DT> <> <> <> <> <> <> <> ./. (0 1 2 3 4 5 8 10 12 13 14 15 18 20 22 25 27 29 30 31 32 )
<> <> <IN> <> <> <> <> <> <> <> ./. (0 1 3 4 7 8 10 12 13 14 15 16 18 19 20 21 22 26 27 28 29 30 31 32 )
<> <> <JJ> <> <> <> <> <> <> <> ./. (0 2 3 4 5 8 12 13 14 15 16 22 25 27 29 31 )
<> <> <JJS> <> <> <> <> <> <> <> ./. (31 )
<> <> <NN> <> <> <> <> <> <> <> ./. (0 1 2 3 4 5 7 8 9 10 12 13 14 16 17 18 19 22 23 24 25 26 27 29 30 31 32 )
<> <> <NNP> <> <> <> <> <> <> <> ./. (0 1 2 3 4 5 7 8 12 13 14 15 16 18 19 20 22 24 25 26 27 29 30 31 32 )
<> <> <NNPS> <> <> <> <> <> <> <> ./. (29 )
<> <> <NNS> <> <> <> <> <> <> <> ./. (0 3 7 10 12 15 16 17 18 19 22 27 32 )
<> <> <POS> <> <> <> <> <> <> <> ./. (32 )
<> <> <PRP> <> <> <> <> <> <> <> ./. (24 27 )
<> <> <PRP$> <> <> <> <> <> <> <> ./. (3 10 12 13 27 )
<> <> <RB> <> <> <> <> <> <> <> ./. (3 16 17 18 29 31 )
<> <> <RP> <> <> <> <> <> <> <> ./. (29 )
<> <> <TO> <> <> <> <> <> <> <> ./. (3 10 12 25 27 )
<> <> <VB> <> <> <> <> <> <> <> ./. (25 27 )
<> <> <VBD> <> <> <> <> <> <> <> ./. (0 5 7 12 13 18 24 27 29 30 31 )
<> <> <VBG> <> <> <> <> <> <> <> ./. (7 20 22 27 29 31 )
<> <> <VBN> <> <> <> <> <> <> <> ./. (2 3 4 16 22 26 27 28 29 30 )
<> <> <VBP> <> <> <> <> <> <> <> ./. (16 )
<> <> <VBZ> <> <> <> <> <> <> <> ./. (2 4 14 22 29 )
<> <> <WDT> <> <> <> <> <> <> <> ./. (14 18 )
<> <> <WP> <> <> <> <> <> <> <> ./. (0 12 29 )
<> <> <WP$> <> <> <> <> <> <> <> ./. (29 )
<> <> <``> <> <> <> <> <> <> <> ./. (13 29 )
<> <> <> <''> <> <> <> <> <> <> ./. (13 29 )
<> <> <> <,> <> <> <> <> <> <> ./. (2 3 4 5 7 8 12 14 15 16 18 20 22 25 27 29 )
<> <> <> <-LRB-> <> <> <> <> <> <> ./. (2 4 5 24 )
<> <> <> <-RRB-> <> <> <> <> <> <> ./. (0 2 4 5 12 22 )
<> <> <> <:> <> <> <> <> <> <> ./. (0 5 12 31 )
<> <> <> <CC> <> <> <> <> <> <> ./. (0 2 3 4 5 8 10 12 13 14 20 22 25 26 27 29 31 32 )
<> <> <> <CD> <> <> <> <> <> <> ./. (0 2 4 5 10 12 13 15 20 22 27 29 30 31 )
<> <> <> <DT> <> <> <> <> <> <> ./. (0 2 3 4 5 8 10 12 13 14 15 18 22 25 27 29 30 31 32 )
<> <> <> <IN> <> <> <> <> <> <> ./. (0 1 3 4 7 8 10 12 13 14 15 16 18 19 20 22 26 27 28 29 30 31 32 )
<> <> <> <JJ> <> <> <> <> <> <> ./. (0 2 3 4 5 8 12 14 15 22 25 27 29 31 32 )
<> <> <> <JJS> <> <> <> <> <> <> ./. (31 )
<> <> <> <NN> <> <> <> <> <> <> ./. (0 1 2 3 4 5 7 8 9 10 12 13 14 16 17 18 22 23 24 25 26 27 29 30 31 32 )
<> <> <> <NNP> <> <> <> <> <> <> ./. (0 1 2 3 4 5 7 8 12 13 14 15 16 18 19 20 21 22 24 26 27 29 30 31 32 )
<> <> <> <NNPS> <> <> <> <> <> <> ./. (29 )
<> <> <> <NNS> <> <> <> <> <> <> ./. (0 3 7 8 10 12 15 16 17 18 19 22 27 32 )
<> <> <> <POS> <> <> <> <> <> <> ./. (32 )
<> <> <> <PRP> <> <> <> <> <> <> ./. (27 )
<> <> <> <PRP$> <> <> <> <> <> <> ./. (3 12 13 27 )
<> <> <> <RB> <> <> <> <> <> <> ./. (16 17 18 29 31 )
<> <> <> <RP> <> <> <> <> <> <> ./. (29 )
<> <> <> <TO> <> <> <> <> <> <> ./. (3 10 12 25 27 )
<> <> <> <VB> <> <> <> <> <> <> ./. (25 27 )
<> <> <> <VBD> <> <> <> <> <> <> ./. (0 5 7 12 13 18 24 27 29 31 )
<> <> <> <VBG> <> <> <> <> <> <> ./. (7 20 22 27 28 29 31 )
<> <> <> <VBN> <> <> <> <> <> <> ./. (2 3 4 16 22 26 27 28 29 30 )
<> <> <> <VBP> <> <> <> <> <> <> ./. (16 )
<> <> <> <VBZ> <> <> <> <> <> <> ./. (2 4 14 22 29 )
<> <> <> <WDT> <> <> <> <> <> <> ./. (14 16 18 )
<> <> <> <WP> <> <> <> <> <> <> ./. (0 12 29 )
<> <> <> <WP$> <> <> <> <> <> <> ./. (29 )
<> <> <> <``> <> <> <> <> <> <> ./. (13 29 )
<> <> <> <> <''> <> <> <> <> <> ./. (13 29 )
<> <> <> <> <,> <> <> <> <> <> ./. (2 3 4 5 7 8 12 14 15 16 18 19 20 21 22 27 29 )
<> <> <> <> <-LRB-> <> <> <> <> <> ./. (2 24 )
<> <> <> <> <-RRB-> <> <> <> <> <> ./. (0 2 4 5 12 22 )
<> <> <> <> <:> <> <> <> <> <> ./. (0 5 12 31 )
<> <> <> <> <CC> <> <> <> <> <> ./. (0 2 3 4 5 7 8 10 12 13 14 20 22 25 26 27 29 30 31 32 )
<> <> <> <> <CD> <> <> <> <> <> ./. (0 2 4 5 10 12 13 15 20 22 27 29 30 31 )
<> <> <> <> <DT> <> <> <> <> <> ./. (0 2 3 4 5 8 10 12 13 14 15 18 22 25 27 29 30 31 32 )
<> <> <> <> <IN> <> <> <> <> <> ./. (0 1 3 4 7 8 10 12 13 14 15 16 17 18 19 20 22 26 27 28 29 30 31 32 )
<> <> <> <> <JJ> <> <> <> <> <> ./. (0 2 3 4 5 8 12 14 15 22 25 27 29 31 32 )
<> <> <> <> <JJS> <> <> <> <> <> ./. (31 )
<> <> <> <> <NN> <> <> <> <> <> ./. (0 1 2 3 4 5 7 8 9 10 12 13 14 15 16 18 22 24 25 26 27 28 29 30 31 32 )
<> <> <> <> <NNP> <> <> <> <> <> ./. (0 1 2 3 4 5 7 8 12 13 14 15 16 18 19 20 22 24 26 27 29 30 31 32 )
<> <> <> <> <NNPS> <> <> <> <> <> ./. (29 )
<> <> <> <> <NNS> <> <> <> <> <> ./. (0 3 7 8 10 12 15 17 18 20 22 27 32 )
<> <> <> <> <POS> <> <> <> <> <> ./. (3 32 )
<> <> <> <> <PRP> <> <> <> <> <> ./. (27 )
<> <> <> <> <PRP$> <> <> <> <> <> ./. (1 3 12 13 27 )
<> <> <> <> <RB> <> <> <> <> <> ./. (16 17 18 29 31 )
<> <> <> <> <RP> <> <> <> <> <> ./. (29 )
<> <> <> <> <TO> <> <> <> <> <> ./. (3 10 12 25 27 )
<> <> <> <> <VB> <> <> <> <> <> ./. (25 27 )
<> <> <> <> <VBD> <> <> <> <> <> ./. (0 5 7 9 12 13 18 23 27 29 31 )
<> <> <> <> <VBG> <> <> <> <> <> ./. (7 20 22 27 28 29 31 )
<> <> <> <> <VBN> <> <> <> <> <> ./. (2 4 16 26 27 29 )
<> <> <> <> <VBP> <> <> <> <> <> ./. (16 )
<> <> <> <> <VBZ> <> <> <> <> <> ./. (2 4 14 22 26 29 )
<> <> <> <> <WDT> <> <> <> <> <> ./. (14 16 18 )
<> <> <> <> <WP> <> <> <> <> <> ./. (0 12 29 )
<> <> <> <> <WP$> <> <> <> <> <> ./. (29 )
<> <> <> <> <``> <> <> <> <> <> ./. (13 29 )
<> <> <> <> <> <''> <> <> <> <> ./. (13 29 )
<> <> <> <> <> <,> <> <> <> <> ./. (2 3 4 5 7 8 12 14 15 16 18 19 20 22 27 29 )
<> <> <> <> <> <-LRB-> <> <> <> <> ./. (24 )
<> <> <> <> <> <-RRB-> <> <> <> <> ./. (0 2 4 5 12 22 24 )
<> <> <> <> <> <:> <> <> <> <> ./. (0 5 12 31 )
<> <> <> <> <> <CC> <> <> <> <> ./. (0 2 3 4 5 7 8 10 12 13 14 20 22 25 26 27 29 30 31 32 )
<> <> <> <> <> <CD> <> <> <> <> ./. (0 2 4 5 10 12 13 15 20 27 29 30 31 )
<> <> <> <> <> <DT> <> <> <> <> ./. (0 2 3 4 5 8 10 12 13 14 15 17 18 19 22 23 25 27 29 30 31 32 )
<> <> <> <> <> <IN> <> <> <> <> ./. (0 1 2 3 4 5 7 8 10 12 13 14 15 16 17 18 20 22 26 27 29 30 31 32 )
<> <> <> <> <> <JJ> <> <> <> <> ./. (0 2 3 4 5 8 9 12 14 15 22 25 27 29 31 32 )
<> <> <> <> <> <JJS> <> <> <> <> ./. (31 )
<> <> <> <> <> <NN> <> <> <> <> ./. (0 1 2 3 4 5 7 8 10 12 13 14 15 16 18 22 25 26 27 28 29 30 31 32 )
<> <> <> <> <> <NNP> <> <> <> <> ./. (0 2 3 4 5 7 8 12 13 14 15 16 18 19 20 21 22 24 26 27 29 30 31 32 )
<> <> <> <> <> <NNPS> <> <> <> <> ./. (29 )
<> <> <> <> <> <NNS> <> <> <> <> ./. (0 3 7 8 10 12 15 18 20 22 27 32 )
<> <> <> <> <> <POS> <> <> <> <> ./. (3 )
<> <> <> <> <> <PRP> <> <> <> <> ./. (27 )
<> <> <> <> <> <PRP$> <> <> <> <> ./. (1 3 12 13 27 )
<> <> <> <> <> <RB> <> <> <> <> ./. (16 17 18 26 29 31 )
<> <> <> <> <> <RBS> <> <> <> <> ./. (3 )
<> <> <> <> <> <RP> <> <> <> <> ./. (29 )
<> <> <> <> <> <TO> <> <> <> <> ./. (3 12 25 27 31 )
<> <> <> <> <> <VB> <> <> <> <> ./. (25 27 )
<> <> <> <> <> <VBD> <> <> <> <> ./. (0 5 7 9 10 12 13 18 27 29 31 )
<> <> <> <> <> <VBG> <> <> <> <> ./. (7 20 22 27 28 29 31 )
<> <> <> <> <> <VBN> <> <> <> <> ./. (2 16 27 29 )
<> <> <> <> <> <VBZ> <> <> <> <> ./. (2 4 14 16 22 26 29 )
<> <> <> <> <> <WDT> <> <> <> <> ./. (14 16 18 )
<> <> <> <> <> <WP> <> <> <> <> ./. (0 12 29 )
<> <> <> <> <> <WP$> <> <> <> <> ./. (29 )
<> <> <> <> <> <``> <> <> <> <> ./. (13 29 )
<> <> <> <> <> <> <''> <> <> <> ./. (13 29 )
<> <> <> <> <> <> <,> <> <> <> ./. (2 3 4 5 8 12 14 15 16 18 19 20 22 24 27 29 )
<> <> <> <> <> <> <-LRB-> <> <> <> ./. (24 )
<> <> <> <> <> <> <-RRB-> <> <> <> ./. (0 2 4 5 12 24 )
<> <> <> <> <> <> <:> <> <> <> ./. (0 5 12 31 )
<> <> <> <> <> <> <CC> <> <> <> ./. (0 2 3 4 5 7 8 10 12 13 14 20 21 22 25 26 27 29 30 31 32 )
<> <> <> <> <> <> <CD> <> <> <> ./. (0 2 4 5 10 12 13 20 27 29 30 31 )
<> <> <> <> <> <> <DT> <> <> <> ./. (0 2 3 4 5 12 13 14 15 17 18 19 22 25 26 27 29 30 31 32 )
<> <> <> <> <> <> <IN> <> <> <> ./. (0 1 2 3 4 5 7 8 10 12 13 14 15 16 17 18 20 22 27 28 29 30 31 32 )
<> <> <> <> <> <> <JJ> <> <> <> ./. (0 2 3 4 5 8 9 12 14 15 17 22 25 27 29 31 32 )
<> <> <> <> <> <> <JJS> <> <> <> ./. (31 )
<> <> <> <> <> <> <NN> <> <> <> ./. (0 1 2 3 4 5 7 8 9 10 12 13 14 15 16 18 19 20 22 23 25 26 27 28 29 30 31 32 )
<> <> <> <> <> <> <NNP> <> <> <> ./. (0 2 3 4 5 7 8 12 13 14 15 16 18 19 20 22 24 26 27 29 30 31 32 )
<> <> <> <> <> <> <NNPS> <> <> <> ./. (29 )
<> <> <> <> <> <> <NNS> <> <> <> ./. (0 3 7 8 10 12 15 18 20 22 27 32 )
<> <> <> <> <> <> <POS> <> <> <> ./. (3 )
<> <> <> <> <> <> <PRP> <> <> <> ./. (27 )
<> <> <> <> <> <> <PRP$> <> <> <> ./. (1 12 13 27 )
<> <> <> <> <> <> <RB> <> <> <> ./. (3 16 17 18 26 29 31 )
<> <> <> <> <> <> <RBS> <> <> <> ./. (3 )
<> <> <> <> <> <> <RP> <> <> <> ./. (29 )
<> <> <> <> <> <> <TO> <> <> <> ./. (3 12 25 27 31 )
<> <> <> <> <> <> <VB> <> <> <> ./. (25 27 )
<> <> <> <> <> <> <VBD> <> <> <> ./. (0 5 7 10 12 13 18 27 29 31 )
<> <> <> <> <> <> <VBG> <> <> <> ./. (7 20 22 27 29 31 )
<> <> <> <> <> <> <VBN> <> <> <> ./. (2 16 27 29 )
<> <> <> <> <> <> <VBZ> <> <> <> ./. (2 4 14 16 22 26 29 )
<> <> <> <> <> <> <WDT> <> <> <> ./. (14 16 18 )
<> <> <> <> <> <> <WP> <> <> <> ./. (0 12 29 )
<> <> <> <> <> <> <WP$> <> <> <> ./. (29 )
<> <> <> <> <> <> <``> <> <> <> ./. (13 29 )
<> <> <> <> <> <> <> <''> <> <> ./. (13 29 )
<> <> <> <> <> <> <> <,> <> <> ./. (2 3 4 5 8 12 14 15 16 18 19 20 22 24 27 29 )
<> <> <> <> <> <> <> <-LRB-> <> <> ./. (12 25 )
<> <> <> <> <> <> <> <-RRB-> <> <> ./. (0 2 4 5 12 24 )
<> <> <> <> <> <> <> <:> <> <> ./. (5 12 31 )
<> <> <> <> <> <> <> <CC> <> <> ./. (0 2 3 4 5 7 8 9 10 12 13 14 20 22 25 26 27 29 30 31 32 )
<> <> <> <> <> <> <> <CD> <> <> ./. (0 2 4 5 10 12 13 20 27 29 30 31 )
<> <> <> <> <> <> <> <DT> <> <> ./. (0 1 2 3 4 5 12 13 14 15 16 17 18 19 22 24 25 26 27 29 30 31 32 )
<> <> <> <> <> <> <> <IN> <> <> ./. (0 1 2 3 4 5 7 8 10 12 13 14 15 16 17 18 19 20 22 23 27 28 29 30 31 32 )
<> <> <> <> <> <> <> <JJ> <> <> ./. (0 2 4 5 8 12 14 15 17 22 25 27 29 31 32 )
<> <> <> <> <> <> <> <JJS> <> <> ./. (31 )
<> <> <> <> <> <> <> <NN> <> <> ./. (0 1 2 3 4 5 7 8 9 12 13 14 15 16 17 18 19 20 22 25 26 27 28 29 30 31 32 )
<> <> <> <> <> <> <> <NNP> <> <> ./. (0 2 3 4 5 8 12 13 14 15 16 18 20 22 24 26 27 29 30 31 32 )
<> <> <> <> <> <> <> <NNPS> <> <> ./. (29 )
<> <> <> <> <> <> <> <NNS> <> <> ./. (0 3 7 8 10 12 15 18 20 22 27 32 )
<> <> <> <> <> <> <> <POS> <> <> ./. (3 )
<> <> <> <> <> <> <> <PRP> <> <> ./. (27 )
<> <> <> <> <> <> <> <PRP$> <> <> ./. (1 12 13 27 )
<> <> <> <> <> <> <> <RB> <> <> ./. (3 16 18 26 29 31 )
<> <> <> <> <> <> <> <RBS> <> <> ./. (3 )
<> <> <> <> <> <> <> <RP> <> <> ./. (29 )
<> <> <> <> <> <> <> <TO> <> <> ./. (3 7 12 25 27 31 )
<> <> <> <> <> <> <> <VB> <> <> ./. (25 27 )
<> <> <> <> <> <> <> <VBD> <> <> ./. (0 5 7 10 12 13 18 27 29 31 )
<> <> <> <> <> <> <> <VBG> <> <> ./. (7 20 22 27 28 29 31 )
<> <> <> <> <> <> <> <VBN> <> <> ./. (2 3 27 29 )
<> <> <> <> <> <> <> <VBZ> <> <> ./. (2 4 14 16 21 26 29 )
<> <> <> <> <> <> <> <WDT> <> <> ./. (14 16 18 )
<> <> <> <> <> <> <> <WP> <> <> ./. (0 12 29 )
<> <> <> <> <> <> <> <WP$> <> <> ./. (29 )
<> <> <> <> <> <> <> <``> <> <> ./. (13 29 )
<> <> <> <> <> <> <> <> <''> <> ./. (13 29 )
<> <> <> <> <> <> <> <> <,> <> ./. (2 3 4 5 8 12 14 15 16 18 20 22 24 27 29 )
<> <> <> <> <> <> <> <> <-LRB-> <> ./. (12 25 )
<> <> <> <> <> <> <> <> <-RRB-> <> ./. (0 2 4 5 12 24 )
<> <> <> <> <> <> <> <> <:> <> ./. (31 )
<> <> <> <> <> <> <> <> <CC> <> ./. (0 2 3 4 5 7 8 9 10 12 13 14 20 22 25 26 27 29 30 31 32 )
<> <> <> <> <> <> <> <> <CD> <> ./. (0 2 4 5 10 12 13 20 27 29 30 31 )
<> <> <> <> <> <> <> <> <DT> <> ./. (0 1 2 3 4 5 12 13 14 15 16 17 18 19 24 25 26 27 29 30 31 32 )
<> <> <> <> <> <> <> <> <IN> <> ./. (0 1 2 3 4 5 7 8 10 12 13 14 15 16 17 18 19 20 21 22 26 27 28 29 30 31 32 )
<> <> <> <> <> <> <> <> <JJ> <> ./. (0 1 2 4 5 8 9 10 12 14 15 17 22 24 25 27 29 31 32 )
<> <> <> <> <> <> <> <> <JJS> <> ./. (31 )
<> <> <> <> <> <> <> <> <NN> <> ./. (0 1 2 3 4 5 7 8 12 13 14 15 16 17 18 19 20 22 23 25 26 27 29 30 31 32 )
<> <> <> <> <> <> <> <> <NNP> <> ./. (0 2 3 4 5 8 12 13 14 15 16 18 20 22 25 26 27 28 29 30 31 32 )
<> <> <> <> <> <> <> <> <NNPS> <> ./. (29 )
<> <> <> <> <> <> <> <> <NNS> <> ./. (0 3 7 8 10 12 18 20 22 27 32 )
<> <> <> <> <> <> <> <> <POS> <> ./. (3 )
<> <> <> <> <> <> <> <> <PRP> <> ./. (27 )
<> <> <> <> <> <> <> <> <PRP$> <> ./. (1 12 13 27 )
<> <> <> <> <> <> <> <> <RB> <> ./. (3 16 18 26 29 31 )
<> <> <> <> <> <> <> <> <RBS> <> ./. (3 )
<> <> <> <> <> <> <> <> <RP> <> ./. (29 )
<> <> <> <> <> <> <> <> <TO> <> ./. (3 7 12 27 31 )
<> <> <> <> <> <> <> <> <VB> <> ./. (25 27 )
<> <> <> <> <> <> <> <> <VBD> <> ./. (0 5 10 12 13 18 27 29 31 )
<> <> <> <> <> <> <> <> <VBG> <> ./. (3 7 16 20 22 27 28 29 31 )
<> <> <> <> <> <> <> <> <VBN> <> ./. (2 3 27 29 )
<> <> <> <> <> <> <> <> <VBZ> <> ./. (2 4 14 16 26 29 )
<> <> <> <> <> <> <> <> <WDT> <> ./. (14 16 18 )
<> <> <> <> <> <> <> <> <WP> <> ./. (0 12 29 )
<> <> <> <> <> <> <> <> <WP$> <> ./. (29 )
<> <> <> <> <> <> <> <> <``> <> ./. (13 29 )
<> <> <> <> <> <> <> <> <> <-RRB-> ./. (12 25 )
<> <> <> <> <> <> <> <> <> <CD> ./. (30 )
<> <> <> <> <> <> <> <> <> <NN> ./. (1 2 3 4 5 7 8 9 13 14 15 16 20 22 23 24 27 29 )
<> <> <> <> <> <> <> <> <> <NNP> ./. (17 18 21 26 28 32 )
<> <> <> <> <> <> <> <> <> <NNS> ./. (0 10 19 31 )
<> <> <> <> <> <> <> <> <> <> ./. (0 1 2 3 4 5 7 8 9 10 12 13 14 15 16 17 18 19 20 22 24 25 26 27 28 29 30 31 32 )
}}}
{{{ div: 3 patterns
<PRP> <> <> <> <> <> <> <> <> <> ./. (1 3 13 18 21 25 26 31)
<PRP$> <> <> <> <> <> <> <> <> <> ./. (9 23)
<> <> <> <> <> <> <> <> <> <> ./. (0 1 2 3 4 5 7 8 9 10 12 13 14 15 16 17 18 19 20 22 24 25 26 27 28 29 30 31 32)
}}}

# division of <> <> <> <> <> <> <> <> <> <> <> <> ./., 0 2 4 5 7 8 10 12 14 15 16 17 19 20 22 24 27 28 29 30 32
{{{ cspc: 291 patterns
<DT> <> <> <> <> <> <> <> <> <> <> <> ./. (8 30 )
<IN> <> <> <> <> <> <> <> <> <> <> <> ./. (7 24 27 )
<JJ> <> <> <> <> <> <> <> <> <> <> <> ./. (16 )
<NN> <> <> <> <> <> <> <> <> <> <> <> ./. (17 )
<NNP> <> <> <> <> <> <> <> <> <> <> <> ./. (0 2 4 5 10 12 14 15 19 20 22 28 29 32 )
<> <''> <> <> <> <> <> <> <> <> <> <> ./. (29 )
<> <,> <> <> <> <> <> <> <> <> <> <> ./. (2 4 7 8 12 14 20 22 27 29 )
<> <-LRB-> <> <> <> <> <> <> <> <> <> <> ./. (0 2 4 5 12 22 )
<> <-RRB-> <> <> <> <> <> <> <> <> <> <> ./. (0 2 4 5 12 22 )
<> <:> <> <> <> <> <> <> <> <> <> <> ./. (0 5 12 )
<> <CC> <> <> <> <> <> <> <> <> <> <> ./. (0 2 12 14 16 20 22 27 29 32 )
<> <CD> <> <> <> <> <> <> <> <> <> <> ./. (0 2 4 5 12 15 20 22 24 27 29 )
<> <DT> <> <> <> <> <> <> <> <> <> <> ./. (0 2 4 5 7 8 10 12 14 15 20 22 27 29 30 32 )
<> <IN> <> <> <> <> <> <> <> <> <> <> ./. (4 8 10 12 14 15 16 20 22 27 29 30 32 )
<> <JJ> <> <> <> <> <> <> <> <> <> <> ./. (0 2 4 5 8 12 14 15 16 22 27 29 )
<> <NN> <> <> <> <> <> <> <> <> <> <> ./. (0 4 7 8 10 12 14 16 17 19 22 27 29 30 32 )
<> <NNP> <> <> <> <> <> <> <> <> <> <> ./. (0 2 4 5 7 8 12 14 16 20 22 27 29 32 )
<> <NNPS> <> <> <> <> <> <> <> <> <> <> ./. (29 )
<> <NNS> <> <> <> <> <> <> <> <> <> <> ./. (0 10 15 16 22 27 32 )
<> <POS> <> <> <> <> <> <> <> <> <> <> ./. (32 )
<> <PRP> <> <> <> <> <> <> <> <> <> <> ./. (24 27 )
<> <PRP$> <> <> <> <> <> <> <> <> <> <> ./. (10 12 27 )
<> <RB> <> <> <> <> <> <> <> <> <> <> ./. (16 29 )
<> <TO> <> <> <> <> <> <> <> <> <> <> ./. (10 27 )
<> <VB> <> <> <> <> <> <> <> <> <> <> ./. (27 )
<> <VBD> <> <> <> <> <> <> <> <> <> <> ./. (0 5 7 8 10 12 15 17 19 20 27 29 30 )
<> <VBG> <> <> <> <> <> <> <> <> <> <> ./. (22 27 29 )
<> <VBN> <> <> <> <> <> <> <> <> <> <> ./. (2 4 16 22 29 30 )
<> <VBP> <> <> <> <> <> <> <> <> <> <> ./. (16 )
<> <VBZ> <> <> <> <> <> <> <> <> <> <> ./. (2 4 14 22 28 29 32 )
<> <WDT> <> <> <> <> <> <> <> <> <> <> ./. (14 )
<> <WP> <> <> <> <> <> <> <> <> <> <> ./. (0 12 29 )
<> <WP$> <> <> <> <> <> <> <> <> <> <> ./. (29 )
<> <``> <> <> <> <> <> <> <> <> <> <> ./. (29 )
<> <> <''> <> <> <> <> <> <> <> <> <> ./. (29 )
<> <> <,> <> <> <> <> <> <> <> <> <> ./. (2 4 7 8 12 14 20 22 27 29 )
<> <> <-LRB-> <> <> <> <> <> <> <> <> <> ./. (0 2 4 5 12 22 )
<> <> <-RRB-> <> <> <> <> <> <> <> <> <> ./. (0 2 4 5 12 22 )
<> <> <:> <> <> <> <> <> <> <> <> <> ./. (0 5 12 )
<> <> <CC> <> <> <> <> <> <> <> <> <> ./. (0 2 12 14 20 22 27 29 32 )
<> <> <CD> <> <> <> <> <> <> <> <> <> ./. (0 2 4 5 10 12 15 20 22 27 29 )
<> <> <DT> <> <> <> <> <> <> <> <> <> ./. (0 2 4 5 8 10 12 14 15 20 22 27 29 30 32 )
<> <> <IN> <> <> <> <> <> <> <> <> <> ./. (4 8 10 12 14 15 16 20 22 27 29 30 32 )
<> <> <JJ> <> <> <> <> <> <> <> <> <> ./. (0 2 4 5 8 12 14 15 16 22 27 29 )
<> <> <NN> <> <> <> <> <> <> <> <> <> ./. (0 2 4 5 7 8 10 12 14 16 17 19 22 27 29 32 )
<> <> <NNP> <> <> <> <> <> <> <> <> <> ./. (0 2 4 5 7 8 12 14 15 16 20 22 27 29 30 32 )
<> <> <NNPS> <> <> <> <> <> <> <> <> <> ./. (29 )
<> <> <NNS> <> <> <> <> <> <> <> <> <> ./. (0 10 12 15 16 19 22 27 32 )
<> <> <POS> <> <> <> <> <> <> <> <> <> ./. (32 )
<> <> <PRP> <> <> <> <> <> <> <> <> <> ./. (24 27 )
<> <> <PRP$> <> <> <> <> <> <> <> <> <> ./. (10 12 27 )
<> <> <RB> <> <> <> <> <> <> <> <> <> ./. (16 29 )
<> <> <RP> <> <> <> <> <> <> <> <> <> ./. (29 )
<> <> <TO> <> <> <> <> <> <> <> <> <> ./. (10 27 )
<> <> <VB> <> <> <> <> <> <> <> <> <> ./. (27 )
<> <> <VBD> <> <> <> <> <> <> <> <> <> ./. (0 5 7 12 24 27 29 30 )
<> <> <VBG> <> <> <> <> <> <> <> <> <> ./. (7 20 22 27 29 )
<> <> <VBN> <> <> <> <> <> <> <> <> <> ./. (2 4 16 22 28 29 30 )
<> <> <VBP> <> <> <> <> <> <> <> <> <> ./. (16 )
<> <> <VBZ> <> <> <> <> <> <> <> <> <> ./. (2 4 14 22 29 )
<> <> <WDT> <> <> <> <> <> <> <> <> <> ./. (14 )
<> <> <WP> <> <> <> <> <> <> <> <> <> ./. (0 12 29 )
<> <> <WP$> <> <> <> <> <> <> <> <> <> ./. (29 )
<> <> <``> <> <> <> <> <> <> <> <> <> ./. (29 )
<> <> <> <''> <> <> <> <> <> <> <> <> ./. (29 )
<> <> <> <,> <> <> <> <> <> <> <> <> ./. (2 4 7 8 12 14 16 20 22 27 29 )
<> <> <> <-LRB-> <> <> <> <> <> <> <> <> ./. (2 4 5 )
<> <> <> <-RRB-> <> <> <> <> <> <> <> <> ./. (0 2 4 5 12 22 )
<> <> <> <:> <> <> <> <> <> <> <> <> ./. (0 5 12 )
<> <> <> <CC> <> <> <> <> <> <> <> <> ./. (0 2 12 14 20 22 27 29 32 )
<> <> <> <CD> <> <> <> <> <> <> <> <> ./. (0 2 4 5 10 12 15 20 22 27 29 )
<> <> <> <DT> <> <> <> <> <> <> <> <> ./. (0 2 4 5 8 10 12 14 15 22 27 29 30 32 )
<> <> <> <IN> <> <> <> <> <> <> <> <> ./. (0 4 8 10 12 14 15 16 19 20 22 27 29 30 32 )
<> <> <> <JJ> <> <> <> <> <> <> <> <> ./. (0 2 4 5 8 12 14 15 22 27 29 )
<> <> <> <NN> <> <> <> <> <> <> <> <> ./. (0 2 4 5 7 8 10 12 14 16 17 22 24 27 29 30 32 )
<> <> <> <NNP> <> <> <> <> <> <> <> <> ./. (0 2 4 5 7 8 12 14 15 16 20 22 27 29 30 32 )
<> <> <> <NNPS> <> <> <> <> <> <> <> <> ./. (29 )
<> <> <> <NNS> <> <> <> <> <> <> <> <> ./. (0 7 10 12 15 16 17 19 22 27 32 )
<> <> <> <POS> <> <> <> <> <> <> <> <> ./. (32 )
<> <> <> <PRP> <> <> <> <> <> <> <> <> ./. (27 )
<> <> <> <PRP$> <> <> <> <> <> <> <> <> ./. (12 27 )
<> <> <> <RB> <> <> <> <> <> <> <> <> ./. (16 29 )
<> <> <> <RP> <> <> <> <> <> <> <> <> ./. (29 )
<> <> <> <TO> <> <> <> <> <> <> <> <> ./. (10 12 27 )
<> <> <> <VB> <> <> <> <> <> <> <> <> ./. (27 )
<> <> <> <VBD> <> <> <> <> <> <> <> <> ./. (0 5 7 12 24 27 29 )
<> <> <> <VBG> <> <> <> <> <> <> <> <> ./. (7 20 22 27 29 )
<> <> <> <VBN> <> <> <> <> <> <> <> <> ./. (2 4 16 22 28 29 30 )
<> <> <> <VBP> <> <> <> <> <> <> <> <> ./. (16 )
<> <> <> <VBZ> <> <> <> <> <> <> <> <> ./. (2 4 14 22 29 )
<> <> <> <WDT> <> <> <> <> <> <> <> <> ./. (14 )
<> <> <> <WP> <> <> <> <> <> <> <> <> ./. (0 12 29 )
<> <> <> <WP$> <> <> <> <> <> <> <> <> ./. (29 )
<> <> <> <``> <> <> <> <> <> <> <> <> ./. (29 )
<> <> <> <> <''> <> <> <> <> <> <> <> ./. (29 )
<> <> <> <> <,> <> <> <> <> <> <> <> ./. (2 4 5 7 8 12 14 15 16 20 22 27 29 )
<> <> <> <> <-LRB-> <> <> <> <> <> <> <> ./. (2 )
<> <> <> <> <-RRB-> <> <> <> <> <> <> <> ./. (0 2 4 5 12 22 )
<> <> <> <> <:> <> <> <> <> <> <> <> ./. (0 5 12 )
<> <> <> <> <CC> <> <> <> <> <> <> <> ./. (0 2 8 10 12 14 20 22 27 29 32 )
<> <> <> <> <CD> <> <> <> <> <> <> <> ./. (0 2 4 5 10 12 15 20 22 27 29 )
<> <> <> <> <DT> <> <> <> <> <> <> <> ./. (0 2 4 5 8 10 12 14 15 22 27 29 30 32 )
<> <> <> <> <IN> <> <> <> <> <> <> <> ./. (0 4 7 8 10 12 14 15 16 19 20 22 27 28 29 30 32 )
<> <> <> <> <JJ> <> <> <> <> <> <> <> ./. (0 2 4 5 8 12 14 15 22 27 29 )
<> <> <> <> <NN> <> <> <> <> <> <> <> ./. (0 2 4 5 7 8 10 12 14 16 22 24 27 29 30 32 )
<> <> <> <> <NNP> <> <> <> <> <> <> <> ./. (0 2 4 5 7 8 12 14 15 16 19 20 22 24 27 29 30 32 )
<> <> <> <> <NNPS> <> <> <> <> <> <> <> ./. (29 )
<> <> <> <> <NNS> <> <> <> <> <> <> <> ./. (0 7 10 12 15 17 22 27 32 )
<> <> <> <> <POS> <> <> <> <> <> <> <> ./. (32 )
<> <> <> <> <PRP> <> <> <> <> <> <> <> ./. (27 )
<> <> <> <> <PRP$> <> <> <> <> <> <> <> ./. (12 27 )
<> <> <> <> <RB> <> <> <> <> <> <> <> ./. (16 17 29 )
<> <> <> <> <RP> <> <> <> <> <> <> <> ./. (29 )
<> <> <> <> <TO> <> <> <> <> <> <> <> ./. (10 12 27 )
<> <> <> <> <VB> <> <> <> <> <> <> <> ./. (27 )
<> <> <> <> <VBD> <> <> <> <> <> <> <> ./. (0 5 7 12 27 29 )
<> <> <> <> <VBG> <> <> <> <> <> <> <> ./. (7 20 22 27 29 )
<> <> <> <> <VBN> <> <> <> <> <> <> <> ./. (2 4 16 27 29 )
<> <> <> <> <VBP> <> <> <> <> <> <> <> ./. (16 )
<> <> <> <> <VBZ> <> <> <> <> <> <> <> ./. (2 4 14 22 29 )
<> <> <> <> <WDT> <> <> <> <> <> <> <> ./. (14 )
<> <> <> <> <WP> <> <> <> <> <> <> <> ./. (0 12 29 )
<> <> <> <> <WP$> <> <> <> <> <> <> <> ./. (29 )
<> <> <> <> <``> <> <> <> <> <> <> <> ./. (29 )
<> <> <> <> <> <''> <> <> <> <> <> <> ./. (29 )
<> <> <> <> <> <,> <> <> <> <> <> <> ./. (2 4 5 7 8 12 14 15 16 20 22 27 29 )
<> <> <> <> <> <-LRB-> <> <> <> <> <> <> ./. (24 )
<> <> <> <> <> <-RRB-> <> <> <> <> <> <> ./. (0 2 4 5 12 22 )
<> <> <> <> <> <:> <> <> <> <> <> <> ./. (0 5 12 )
<> <> <> <> <> <CC> <> <> <> <> <> <> ./. (0 2 4 5 8 10 12 14 20 22 27 29 32 )
<> <> <> <> <> <CD> <> <> <> <> <> <> ./. (0 2 4 5 10 12 15 20 27 29 30 )
<> <> <> <> <> <DT> <> <> <> <> <> <> ./. (0 2 4 5 8 10 12 14 15 22 27 29 30 32 )
<> <> <> <> <> <IN> <> <> <> <> <> <> ./. (0 4 7 8 10 12 14 15 16 20 22 27 29 30 32 )
<> <> <> <> <> <JJ> <> <> <> <> <> <> ./. (0 2 4 5 8 12 14 15 22 27 29 32 )
<> <> <> <> <> <NN> <> <> <> <> <> <> ./. (0 2 4 5 7 8 10 12 14 16 22 27 29 30 32 )
<> <> <> <> <> <NNP> <> <> <> <> <> <> ./. (0 2 4 5 7 8 12 14 15 16 19 20 22 24 27 29 30 32 )
<> <> <> <> <> <NNPS> <> <> <> <> <> <> ./. (29 )
<> <> <> <> <> <NNS> <> <> <> <> <> <> ./. (0 7 8 10 12 15 22 27 32 )
<> <> <> <> <> <PRP> <> <> <> <> <> <> ./. (27 )
<> <> <> <> <> <PRP$> <> <> <> <> <> <> ./. (12 27 )
<> <> <> <> <> <RB> <> <> <> <> <> <> ./. (16 17 29 )
<> <> <> <> <> <RP> <> <> <> <> <> <> ./. (29 )
<> <> <> <> <> <TO> <> <> <> <> <> <> ./. (12 27 )
<> <> <> <> <> <VB> <> <> <> <> <> <> ./. (27 )
<> <> <> <> <> <VBD> <> <> <> <> <> <> ./. (0 5 7 12 27 29 )
<> <> <> <> <> <VBG> <> <> <> <> <> <> ./. (7 20 22 27 28 29 )
<> <> <> <> <> <VBN> <> <> <> <> <> <> ./. (2 16 27 29 )
<> <> <> <> <> <VBZ> <> <> <> <> <> <> ./. (2 4 14 22 29 )
<> <> <> <> <> <WDT> <> <> <> <> <> <> ./. (14 16 )
<> <> <> <> <> <WP> <> <> <> <> <> <> ./. (0 12 29 )
<> <> <> <> <> <WP$> <> <> <> <> <> <> ./. (29 )
<> <> <> <> <> <``> <> <> <> <> <> <> ./. (29 )
<> <> <> <> <> <> <''> <> <> <> <> <> ./. (29 )
<> <> <> <> <> <> <,> <> <> <> <> <> ./. (2 4 5 8 12 14 15 16 19 20 22 27 29 )
<> <> <> <> <> <> <-LRB-> <> <> <> <> <> ./. (24 )
<> <> <> <> <> <> <-RRB-> <> <> <> <> <> ./. (0 2 4 5 12 )
<> <> <> <> <> <> <:> <> <> <> <> <> ./. (0 5 12 )
<> <> <> <> <> <> <CC> <> <> <> <> <> ./. (0 2 4 5 7 8 10 12 14 20 22 27 29 30 32 )
<> <> <> <> <> <> <CD> <> <> <> <> <> ./. (0 2 4 5 10 12 20 27 29 30 )
<> <> <> <> <> <> <DT> <> <> <> <> <> ./. (0 2 4 5 12 14 15 22 27 29 32 )
<> <> <> <> <> <> <IN> <> <> <> <> <> ./. (0 4 7 8 10 12 14 15 16 17 20 22 27 29 30 32 )
<> <> <> <> <> <> <JJ> <> <> <> <> <> ./. (0 2 4 5 8 12 14 15 22 27 29 32 )
<> <> <> <> <> <> <NN> <> <> <> <> <> ./. (0 2 4 5 7 8 10 12 14 15 16 22 27 28 29 30 32 )
<> <> <> <> <> <> <NNP> <> <> <> <> <> ./. (0 2 4 5 7 8 12 14 15 16 19 20 22 24 27 29 30 32 )
<> <> <> <> <> <> <NNPS> <> <> <> <> <> ./. (29 )
<> <> <> <> <> <> <NNS> <> <> <> <> <> ./. (0 7 8 10 12 15 20 22 27 32 )
<> <> <> <> <> <> <PRP> <> <> <> <> <> ./. (27 )
<> <> <> <> <> <> <PRP$> <> <> <> <> <> ./. (12 27 )
<> <> <> <> <> <> <RB> <> <> <> <> <> ./. (17 29 )
<> <> <> <> <> <> <RP> <> <> <> <> <> ./. (29 )
<> <> <> <> <> <> <TO> <> <> <> <> <> ./. (12 27 )
<> <> <> <> <> <> <VB> <> <> <> <> <> ./. (27 )
<> <> <> <> <> <> <VBD> <> <> <> <> <> ./. (0 5 7 12 27 29 )
<> <> <> <> <> <> <VBG> <> <> <> <> <> ./. (7 20 22 27 29 )
<> <> <> <> <> <> <VBN> <> <> <> <> <> ./. (2 16 27 29 )
<> <> <> <> <> <> <VBZ> <> <> <> <> <> ./. (2 4 14 22 29 )
<> <> <> <> <> <> <WDT> <> <> <> <> <> ./. (14 16 )
<> <> <> <> <> <> <WP> <> <> <> <> <> ./. (0 12 29 )
<> <> <> <> <> <> <WP$> <> <> <> <> <> ./. (29 )
<> <> <> <> <> <> <``> <> <> <> <> <> ./. (29 )
<> <> <> <> <> <> <> <''> <> <> <> <> ./. (29 )
<> <> <> <> <> <> <> <,> <> <> <> <> ./. (2 4 5 8 12 14 15 16 19 20 22 27 29 )
<> <> <> <> <> <> <> <-RRB-> <> <> <> <> ./. (0 2 4 5 12 24 )
<> <> <> <> <> <> <> <:> <> <> <> <> ./. (5 12 )
<> <> <> <> <> <> <> <CC> <> <> <> <> ./. (0 2 4 5 7 8 10 12 14 20 22 27 29 30 32 )
<> <> <> <> <> <> <> <CD> <> <> <> <> ./. (0 2 4 5 10 12 20 27 29 30 )
<> <> <> <> <> <> <> <DT> <> <> <> <> ./. (0 2 4 5 12 14 15 17 19 22 27 29 30 32 )
<> <> <> <> <> <> <> <IN> <> <> <> <> ./. (0 2 4 5 7 8 10 12 14 15 16 17 20 22 27 29 30 32 )
<> <> <> <> <> <> <> <JJ> <> <> <> <> ./. (0 2 4 5 12 14 22 27 29 32 )
<> <> <> <> <> <> <> <NN> <> <> <> <> ./. (0 2 4 5 7 8 12 14 15 16 22 27 28 29 30 32 )
<> <> <> <> <> <> <> <NNP> <> <> <> <> ./. (0 2 4 5 8 12 14 15 16 20 22 24 27 29 32 )
<> <> <> <> <> <> <> <NNPS> <> <> <> <> ./. (29 )
<> <> <> <> <> <> <> <NNS> <> <> <> <> ./. (0 7 8 10 12 15 20 22 27 32 )
<> <> <> <> <> <> <> <PRP> <> <> <> <> ./. (27 )
<> <> <> <> <> <> <> <PRP$> <> <> <> <> ./. (12 27 )
<> <> <> <> <> <> <> <RB> <> <> <> <> ./. (29 )
<> <> <> <> <> <> <> <RP> <> <> <> <> ./. (29 )
<> <> <> <> <> <> <> <TO> <> <> <> <> ./. (12 27 )
<> <> <> <> <> <> <> <VB> <> <> <> <> ./. (27 )
<> <> <> <> <> <> <> <VBD> <> <> <> <> ./. (0 5 7 10 12 27 29 )
<> <> <> <> <> <> <> <VBG> <> <> <> <> ./. (7 20 22 27 29 )
<> <> <> <> <> <> <> <VBN> <> <> <> <> ./. (2 27 29 )
<> <> <> <> <> <> <> <VBZ> <> <> <> <> ./. (2 4 14 16 29 )
<> <> <> <> <> <> <> <WDT> <> <> <> <> ./. (14 16 )
<> <> <> <> <> <> <> <WP> <> <> <> <> ./. (0 12 29 )
<> <> <> <> <> <> <> <WP$> <> <> <> <> ./. (29 )
<> <> <> <> <> <> <> <``> <> <> <> <> ./. (29 )
<> <> <> <> <> <> <> <> <''> <> <> <> ./. (29 )
<> <> <> <> <> <> <> <> <,> <> <> <> ./. (2 4 5 8 12 14 15 16 20 22 24 27 29 )
<> <> <> <> <> <> <> <> <-RRB-> <> <> <> ./. (0 2 4 5 12 24 )
<> <> <> <> <> <> <> <> <CC> <> <> <> ./. (0 2 4 5 7 8 10 12 14 20 22 27 29 30 32 )
<> <> <> <> <> <> <> <> <CD> <> <> <> ./. (0 2 5 10 12 20 27 29 30 )
<> <> <> <> <> <> <> <> <DT> <> <> <> ./. (0 2 4 5 12 14 15 17 19 27 29 30 32 )
<> <> <> <> <> <> <> <> <IN> <> <> <> ./. (0 2 4 5 7 8 10 12 14 15 16 20 22 27 28 29 30 32 )
<> <> <> <> <> <> <> <> <JJ> <> <> <> ./. (0 2 4 5 12 14 17 22 27 29 32 )
<> <> <> <> <> <> <> <> <NN> <> <> <> ./. (0 2 4 5 7 8 12 14 15 16 19 20 22 27 29 32 )
<> <> <> <> <> <> <> <> <NNP> <> <> <> ./. (0 2 4 5 8 12 14 15 16 20 22 27 29 30 32 )
<> <> <> <> <> <> <> <> <NNPS> <> <> <> ./. (29 )
<> <> <> <> <> <> <> <> <NNS> <> <> <> ./. (0 7 8 10 12 20 22 27 32 )
<> <> <> <> <> <> <> <> <PRP> <> <> <> ./. (27 )
<> <> <> <> <> <> <> <> <PRP$> <> <> <> ./. (12 27 )
<> <> <> <> <> <> <> <> <RB> <> <> <> ./. (16 29 )
<> <> <> <> <> <> <> <> <RP> <> <> <> ./. (29 )
<> <> <> <> <> <> <> <> <TO> <> <> <> ./. (12 27 )
<> <> <> <> <> <> <> <> <VB> <> <> <> ./. (27 )
<> <> <> <> <> <> <> <> <VBD> <> <> <> ./. (0 5 10 12 27 29 )
<> <> <> <> <> <> <> <> <VBG> <> <> <> ./. (7 20 22 27 29 )
<> <> <> <> <> <> <> <> <VBN> <> <> <> ./. (2 27 29 )
<> <> <> <> <> <> <> <> <VBZ> <> <> <> ./. (2 4 14 16 29 )
<> <> <> <> <> <> <> <> <WDT> <> <> <> ./. (14 16 )
<> <> <> <> <> <> <> <> <WP> <> <> <> ./. (0 12 29 )
<> <> <> <> <> <> <> <> <WP$> <> <> <> ./. (29 )
<> <> <> <> <> <> <> <> <``> <> <> <> ./. (29 )
<> <> <> <> <> <> <> <> <> <''> <> <> ./. (29 )
<> <> <> <> <> <> <> <> <> <,> <> <> ./. (2 4 5 8 12 14 15 16 20 22 24 27 29 )
<> <> <> <> <> <> <> <> <> <-LRB-> <> <> ./. (12 )
<> <> <> <> <> <> <> <> <> <-RRB-> <> <> ./. (0 2 5 12 )
<> <> <> <> <> <> <> <> <> <CC> <> <> ./. (0 2 4 5 7 8 10 12 14 20 22 27 29 30 32 )
<> <> <> <> <> <> <> <> <> <CD> <> <> ./. (0 2 4 5 10 12 20 27 29 30 )
<> <> <> <> <> <> <> <> <> <DT> <> <> ./. (0 2 4 5 12 14 15 16 24 27 29 30 32 )
<> <> <> <> <> <> <> <> <> <IN> <> <> ./. (0 2 4 5 7 8 10 12 14 15 16 19 20 22 27 29 32 )
<> <> <> <> <> <> <> <> <> <JJ> <> <> ./. (0 2 4 5 8 12 14 15 17 22 27 29 32 )
<> <> <> <> <> <> <> <> <> <NN> <> <> ./. (0 2 4 5 7 12 14 15 17 19 20 22 27 29 30 32 )
<> <> <> <> <> <> <> <> <> <NNP> <> <> ./. (2 4 8 12 14 15 16 20 22 27 29 30 32 )
<> <> <> <> <> <> <> <> <> <NNPS> <> <> ./. (29 )
<> <> <> <> <> <> <> <> <> <NNS> <> <> ./. (0 7 8 10 12 20 22 27 32 )
<> <> <> <> <> <> <> <> <> <PRP> <> <> ./. (27 )
<> <> <> <> <> <> <> <> <> <PRP$> <> <> ./. (12 27 )
<> <> <> <> <> <> <> <> <> <RB> <> <> ./. (16 29 )
<> <> <> <> <> <> <> <> <> <RP> <> <> ./. (29 )
<> <> <> <> <> <> <> <> <> <TO> <> <> ./. (7 12 27 )
<> <> <> <> <> <> <> <> <> <VB> <> <> ./. (27 )
<> <> <> <> <> <> <> <> <> <VBD> <> <> ./. (0 5 10 12 27 29 )
<> <> <> <> <> <> <> <> <> <VBG> <> <> ./. (20 22 27 28 29 )
<> <> <> <> <> <> <> <> <> <VBN> <> <> ./. (2 27 29 )
<> <> <> <> <> <> <> <> <> <VBZ> <> <> ./. (2 4 14 16 29 )
<> <> <> <> <> <> <> <> <> <WDT> <> <> ./. (14 16 )
<> <> <> <> <> <> <> <> <> <WP> <> <> ./. (0 12 29 )
<> <> <> <> <> <> <> <> <> <WP$> <> <> ./. (29 )
<> <> <> <> <> <> <> <> <> <> <''> <> ./. (29 )
<> <> <> <> <> <> <> <> <> <> <,> <> ./. (2 4 5 8 12 14 15 16 20 22 27 29 )
<> <> <> <> <> <> <> <> <> <> <-LRB-> <> ./. (12 )
<> <> <> <> <> <> <> <> <> <> <-RRB-> <> ./. (0 2 5 12 )
<> <> <> <> <> <> <> <> <> <> <CC> <> ./. (0 2 4 5 7 8 10 12 14 20 22 27 29 30 32 )
<> <> <> <> <> <> <> <> <> <> <CD> <> ./. (2 4 5 10 12 27 29 )
<> <> <> <> <> <> <> <> <> <> <DT> <> ./. (0 2 4 5 12 14 15 16 19 24 27 29 30 32 )
<> <> <> <> <> <> <> <> <> <> <IN> <> ./. (0 2 4 5 7 10 12 14 15 16 17 19 20 22 27 29 30 32 )
<> <> <> <> <> <> <> <> <> <> <JJ> <> ./. (0 2 4 5 8 10 12 14 15 22 24 27 29 32 )
<> <> <> <> <> <> <> <> <> <> <NN> <> ./. (0 2 4 5 7 8 12 14 15 17 20 22 27 29 30 32 )
<> <> <> <> <> <> <> <> <> <> <NNP> <> ./. (2 4 5 8 12 14 15 16 20 22 27 28 29 30 32 )
<> <> <> <> <> <> <> <> <> <> <NNPS> <> ./. (29 )
<> <> <> <> <> <> <> <> <> <> <NNS> <> ./. (0 8 10 12 20 22 27 32 )
<> <> <> <> <> <> <> <> <> <> <PRP> <> ./. (27 )
<> <> <> <> <> <> <> <> <> <> <PRP$> <> ./. (12 27 )
<> <> <> <> <> <> <> <> <> <> <RB> <> ./. (16 29 )
<> <> <> <> <> <> <> <> <> <> <RP> <> ./. (29 )
<> <> <> <> <> <> <> <> <> <> <TO> <> ./. (7 12 27 )
<> <> <> <> <> <> <> <> <> <> <VB> <> ./. (27 )
<> <> <> <> <> <> <> <> <> <> <VBD> <> ./. (0 5 10 12 27 29 )
<> <> <> <> <> <> <> <> <> <> <VBG> <> ./. (16 20 22 27 29 )
<> <> <> <> <> <> <> <> <> <> <VBN> <> ./. (2 27 29 )
<> <> <> <> <> <> <> <> <> <> <VBZ> <> ./. (2 14 16 29 )
<> <> <> <> <> <> <> <> <> <> <WDT> <> ./. (14 16 )
<> <> <> <> <> <> <> <> <> <> <WP> <> ./. (0 12 29 )
<> <> <> <> <> <> <> <> <> <> <WP$> <> ./. (29 )
<> <> <> <> <> <> <> <> <> <> <> <-RRB-> ./. (12 )
<> <> <> <> <> <> <> <> <> <> <> <CD> ./. (30 )
<> <> <> <> <> <> <> <> <> <> <> <NN> ./. (2 4 5 7 8 14 15 16 20 22 24 27 29 )
<> <> <> <> <> <> <> <> <> <> <> <NNP> ./. (17 28 32 )
<> <> <> <> <> <> <> <> <> <> <> <NNS> ./. (0 10 19 )
<> <> <> <> <> <> <> <> <> <> <> <> ./. (0 2 4 5 7 8 10 12 14 15 16 17 19 20 22 24 27 29 30 32 )
}}}
{{{ div: 2 patterns
<NNP> <> <> <> <> <> <> <> <> <> <> <> ./. (0 2 4 5 10 12 14 15 19 20 22 28 29 32)
<> <> <> <> <> <> <> <> <> <> <> <> ./. (0 2 4 5 7 8 10 12 14 15 16 17 19 20 22 24 27 29 30 32)
}}}

# division of <> <> <> <NN> <> <> <> <> <> <> <> <> ./., 7 8 16 17 24 27 30
{{{ cspc: 55 patterns
<DT> <> <> <NN> <> <> <> <> <> <> <> <> ./. (8 30 )
<IN> <> <> <NN> <> <> <> <> <> <> <> <> ./. (7 24 27 )
<JJ> <> <> <NN> <> <> <> <> <> <> <> <> ./. (16 )
<NN> <> <> <NN> <> <> <> <> <> <> <> <> ./. (17 )
<> <,> <> <NN> <> <> <> <> <> <> <> <> ./. (8 27 )
<> <CC> <> <NN> <> <> <> <> <> <> <> <> ./. (16 27 )
<> <CD> <> <NN> <> <> <> <> <> <> <> <> ./. (24 27 )
<> <DT> <> <NN> <> <> <> <> <> <> <> <> ./. (7 8 27 30 )
<> <IN> <> <NN> <> <> <> <> <> <> <> <> ./. (27 30 )
<> <JJ> <> <NN> <> <> <> <> <> <> <> <> ./. (8 16 27 )
<> <NN> <> <NN> <> <> <> <> <> <> <> <> ./. (8 27 30 )
<> <NNP> <> <NN> <> <> <> <> <> <> <> <> ./. (7 27 )
<> <NNS> <> <NN> <> <> <> <> <> <> <> <> ./. (16 27 )
<> <PRP> <> <NN> <> <> <> <> <> <> <> <> ./. (24 27 )
<> <PRP$> <> <NN> <> <> <> <> <> <> <> <> ./. (27 )
<> <RB> <> <NN> <> <> <> <> <> <> <> <> ./. (16 )
<> <TO> <> <NN> <> <> <> <> <> <> <> <> ./. (27 )
<> <VB> <> <NN> <> <> <> <> <> <> <> <> ./. (27 )
<> <VBD> <> <NN> <> <> <> <> <> <> <> <> ./. (8 17 27 30 )
<> <VBG> <> <NN> <> <> <> <> <> <> <> <> ./. (27 )
<> <VBN> <> <NN> <> <> <> <> <> <> <> <> ./. (16 30 )
<> <VBP> <> <NN> <> <> <> <> <> <> <> <> ./. (16 )
<> <> <DT> <NN> <> <> <> <> <> <> <> <> ./. (27 )
<> <> <IN> <NN> <> <> <> <> <> <> <> <> ./. (16 27 )
<> <> <JJ> <NN> <> <> <> <> <> <> <> <> ./. (8 )
<> <> <NN> <NN> <> <> <> <> <> <> <> <> ./. (7 8 17 )
<> <> <NNP> <NN> <> <> <> <> <> <> <> <> ./. (7 30 )
<> <> <NNS> <NN> <> <> <> <> <> <> <> <> ./. (27 )
<> <> <PRP$> <NN> <> <> <> <> <> <> <> <> ./. (27 )
<> <> <VBD> <NN> <> <> <> <> <> <> <> <> ./. (24 )
<> <> <> research/NN <> <> <> <> <> <> <> <> ./. (7 )
<> <> <> fellow/NN <> <> <> <> <> <> <> <> ./. (7 )
<> <> <> theory/NN <> <> <> <> <> <> <> <> ./. (8 )
<> <> <> programming/NN <> <> <> <> <> <> <> <> ./. (8 )
<> <> <> theory/NN <> <> <> <> <> <> <> <> ./. (8 )
<> <> <> Test/NN <> <> <> <> <> <> <> <> ./. (16 )
<> <> <> design/NN <> <> <> <> <> <> <> <> ./. (17 )
<> <> <> Presentation/NN <> <> <> <> <> <> <> <> ./. (24 )
<> <> <> convener/NN <> <> <> <> <> <> <> <> ./. (27 )
<> <> <> ISO/NN <> <> <> <> <> <> <> <> ./. (27 )
<> <> <> committee/NN <> <> <> <> <> <> <> <> ./. (27 )
<> <> <> resignation/NN <> <> <> <> <> <> <> <> ./. (27 )
<> <> <> resolution/NN <> <> <> <> <> <> <> <> ./. (27 )
<> <> <> order/NN <> <> <> <> <> <> <> <> ./. (27 )
<> <> <> Award/NN <> <> <> <> <> <> <> <> ./. (30 )
<> <> <> Award/NN <> <> <> <> <> <> <> <> ./. (30 )
<> <> <> Award/NN <IN> <> <> <> <> <> <> <> ./. (30 )
<> <> <> Award/NN <> <CD> <> <> <> <> <> <> ./. (30 )
<> <> <> Award/NN <> <> <CC> <> <> <> <> <> ./. (30 )
<> <> <> Award/NN <> <> <> <DT> <> <> <> <> ./. (30 )
<> <> <> Award/NN <> <> <> <> <NNP> <> <> <> ./. (30 )
<> <> <> Award/NN <> <> <> <> <> <NN> <> <> ./. (30 )
<> <> <> Award/NN <> <> <> <> <> <> <IN> <> ./. (30 )
<> <> <> Award/NN <> <> <> <> <> <> <> <CD> ./. (30 )
<> <> <> Award/NN <> <> <> <> <> <> <> <> ./. (30 )
}}}
{{{ div: 7 patterns
<IN> <> <> <NN> <> <> <> <> <> <> <> <> ./. (7 24 27)
<> <DT> <> <NN> <> <> <> <> <> <> <> <> ./. (7 8 27 30)
<> <VBD> <> <NN> <> <> <> <> <> <> <> <> ./. (8 17 27 30)
<> <VBN> <> <NN> <> <> <> <> <> <> <> <> ./. (16 30)
<> <> <IN> <NN> <> <> <> <> <> <> <> <> ./. (16 27)
<> <> <NN> <NN> <> <> <> <> <> <> <> <> ./. (7 8 17)
<> <> <NNP> <NN> <> <> <> <> <> <> <> <> ./. (7 30)
}}}

# division of <NNP> <> <> <> <> <> <> <> <> <> <> <> ./., 0 2 4 5 10 12 14 15 19 20 22 28 29 32
{{{ cspc: 15 patterns
Albert/NNP <> <> <> <> <> <> <> <> <> <> <> ./. (0 )
Charles/NNP <> <> <> <> <> <> <> <> <> <> <> ./. (2 )
Donald/NNP <> <> <> <> <> <> <> <> <> <> <> ./. (4 )
Edsger/NNP <> <> <> <> <> <> <> <> <> <> <> ./. (5 )
Mills/NNP <> <> <> <> <> <> <> <> <> <> <> ./. (10 )
John/NNP <> <> <> <> <> <> <> <> <> <> <> ./. (12 )
Kent/NNP <> <> <> <> <> <> <> <> <> <> <> ./. (14 )
Beck/NNP <> <> <> <> <> <> <> <> <> <> <> ./. (15 19 20 )
Beck/NNP <> <> <> <> <> <> <> <> <> <> <> ./. (15 19 20 )
Beck/NNP <> <> <> <> <> <> <> <> <> <> <> ./. (15 19 20 )
Beck/NNP <> <> <> <> <> <> <> <> <> <> <> ./. (15 19 20 )
Martin/NNP <> <> <> <> <> <> <> <> <> <> <> ./. (22 )
Plauger/NNP <> <> <> <> <> <> <> <> <> <> <> ./. (28 29 32 )
Plauger/NNP <> <> <> <> <> <> <> <> <> <> <> ./. (28 29 32 )
Plauger/NNP <> <> <> <> <> <> <> <> <> <> <> ./. (28 29 32 )
}}}
{{{ div: 10 patterns
Albert/NNP <> <> <> <> <> <> <> <> <> <> <> ./. (0)
Charles/NNP <> <> <> <> <> <> <> <> <> <> <> ./. (2)
Donald/NNP <> <> <> <> <> <> <> <> <> <> <> ./. (4)
Edsger/NNP <> <> <> <> <> <> <> <> <> <> <> ./. (5)
Mills/NNP <> <> <> <> <> <> <> <> <> <> <> ./. (10)
John/NNP <> <> <> <> <> <> <> <> <> <> <> ./. (12)
Kent/NNP <> <> <> <> <> <> <> <> <> <> <> ./. (14)
Beck/NNP <> <> <> <> <> <> <> <> <> <> <> ./. (15 19 20)
Martin/NNP <> <> <> <> <> <> <> <> <> <> <> ./. (22)
Plauger/NNP <> <> <> <> <> <> <> <> <> <> <> ./. (28 29 32)
}}}

# division of Plauger/NNP <> <> <> <IN> <> <NN> <> <IN> <> <NNP> <> ./., 28 29 32
{{{ cspc: 41 patterns
Plauger/NNP <VBD> <> <> <IN> <> <NN> <> <IN> <> <NNP> <> ./. (29 )
Plauger/NNP <VBZ> <> <> <IN> <> <NN> <> <IN> <> <NNP> <> ./. (28 32 )
Plauger/NNP <> <''> <> <IN> <> <NN> <> <IN> <> <NNP> <> ./. (29 )
Plauger/NNP <> <,> <> <IN> <> <NN> <> <IN> <> <NNP> <> ./. (29 )
Plauger/NNP <> <CC> <> <IN> <> <NN> <> <IN> <> <NNP> <> ./. (29 )
Plauger/NNP <> <CD> <> <IN> <> <NN> <> <IN> <> <NNP> <> ./. (29 )
Plauger/NNP <> <DT> <> <IN> <> <NN> <> <IN> <> <NNP> <> ./. (29 32 )
Plauger/NNP <> <IN> <> <IN> <> <NN> <> <IN> <> <NNP> <> ./. (29 32 )
Plauger/NNP <> <JJ> <> <IN> <> <NN> <> <IN> <> <NNP> <> ./. (29 )
Plauger/NNP <> <NN> <> <IN> <> <NN> <> <IN> <> <NNP> <> ./. (29 32 )
Plauger/NNP <> <NNP> <> <IN> <> <NN> <> <IN> <> <NNP> <> ./. (29 )
Plauger/NNP <> <NNPS> <> <IN> <> <NN> <> <IN> <> <NNP> <> ./. (29 )
Plauger/NNP <> <POS> <> <IN> <> <NN> <> <IN> <> <NNP> <> ./. (32 )
Plauger/NNP <> <VBD> <> <IN> <> <NN> <> <IN> <> <NNP> <> ./. (29 )
Plauger/NNP <> <VBG> <> <IN> <> <NN> <> <IN> <> <NNP> <> ./. (29 )
Plauger/NNP <> <VBN> <> <IN> <> <NN> <> <IN> <> <NNP> <> ./. (28 29 )
Plauger/NNP <> <WP$> <> <IN> <> <NN> <> <IN> <> <NNP> <> ./. (29 )
Plauger/NNP <> <``> <> <IN> <> <NN> <> <IN> <> <NNP> <> ./. (29 )
Plauger/NNP <> <> <NN> <IN> <> <NN> <> <IN> <> <NNP> <> ./. (29 32 )
Plauger/NNP <> <> <NNP> <IN> <> <NN> <> <IN> <> <NNP> <> ./. (29 )
Plauger/NNP <> <> <NNS> <IN> <> <NN> <> <IN> <> <NNP> <> ./. (32 )
Plauger/NNP <> <> <VBN> <IN> <> <NN> <> <IN> <> <NNP> <> ./. (28 29 )
Plauger/NNP <> <> <VBZ> <IN> <> <NN> <> <IN> <> <NNP> <> ./. (29 )
Plauger/NNP <> <> <> with/IN <> <NN> <> <IN> <> <NNP> <> ./. (28 )
Plauger/NNP <> <> <> of/IN <> <NN> <> <IN> <> <NNP> <> ./. (29 )
Plauger/NNP <> <> <> in/IN <> <NN> <> <IN> <> <NNP> <> ./. (29 32 )
Plauger/NNP <> <> <> in/IN <> <NN> <> <IN> <> <NNP> <> ./. (29 32 )
Plauger/NNP <> <> <> before/IN <> <NN> <> <IN> <> <NNP> <> ./. (29 )
Plauger/NNP <> <> <> that/IN <> <NN> <> <IN> <> <NNP> <> ./. (29 )
Plauger/NNP <> <> <> from/IN <> <NN> <> <IN> <> <NNP> <> ./. (32 )
Plauger/NNP <> <> <> in/IN <> <NN> <> <IN> <> <NNP> <> ./. (29 32 )
Plauger/NNP <> <> <> from/IN <> <NN> <> <IN> <> <NNP> <> ./. (32 )
Plauger/NNP <> <> <> in/IN <> <NN> <> <IN> <> <NNP> <> ./. (29 32 )
Plauger/NNP <> <> <> from/IN <> <NN> <> <IN> <> <NNP> <> ./. (32 )
Plauger/NNP <> <> <> from/IN <> PhD/NN <> <IN> <> <NNP> <> ./. (32 )
Plauger/NNP <> <> <> from/IN <> PhD/NN <> from/IN <> <NNP> <> ./. (32 )
Plauger/NNP <> <> <> from/IN <> PhD/NN <> from/IN <> <NNP> <> ./. (32 )
Plauger/NNP <> <> <> from/IN <> PhD/NN <> from/IN <> <NNP> <> ./. (32 )
Plauger/NNP <> <> <> from/IN <> PhD/NN <> from/IN <DT> <NNP> <> ./. (32 )
Plauger/NNP <> <> <> from/IN <> PhD/NN <> from/IN <> Michigan/NNP <> ./. (32 )
Plauger/NNP <> <> <> from/IN <> PhD/NN <> from/IN <> State/NNP <> ./. (32 )
}}}
{{{ div: 2 patterns
Plauger/NNP <VBZ> <> <> <IN> <> <NN> <> <IN> <> <NNP> <> ./. (28 32)
Plauger/NNP <> <DT> <> <IN> <> <NN> <> <IN> <> <NNP> <> ./. (29 32)
}}}
# not divisible: Mills/NNP contributed/VBD his/PRP$ ideas/NNS to/TO the/DT profession/NN in/IN six/CD books/NNS and/CC over/IN fifty/CD refereed/VBD articles/NNS in/IN technical/JJ journals/NNS ./.
# not divisible: Martin/NNP Fowler/NNP -LRB-/-LRB- born/VBN 1963/CD -RRB-/-RRB- is/VBZ a/DT British/JJ software/NN engineer/NN ,/, author/NN and/CC international/JJ public/JJ speaker/NN on/IN software/NN development/NN ,/, specializing/VBG in/IN object-oriented/JJ analysis/NN and/CC design/NN ,/, UML/NNP ,/, patterns/NNS ,/, and/CC agile/JJ software/NN development/NN methodologies/NNS ,/, including/VBG extreme/JJ programming/NN ./.
# not divisible: Kent/NNP Beck/NNP is/VBZ an/DT American/JJ software/NN engineer/NN and/CC the/DT creator/NN of/IN Extreme/NNP Programming/NNP ,/, a/DT software/NN development/NN methodology/NN which/WDT eschews/VBZ rigid/JJ formal/JJ specification/NN for/IN a/DT collaborative/JJ and/CC iterative/JJ design/NN process/NN ./.
# not divisible: John/NNP McCarthy/NNP -LRB-/-LRB- September/NNP 4/CD ,/, 1927/CD --/: October/NNP 24/CD ,/, 2011/CD -RRB-/-RRB- was/VBD an/DT American/JJ computer/NN scientist/NN and/CC cognitive/JJ scientist/NN who/WP received/VBD the/DT Turing/NNP Award/NN in/IN 1971/CD for/IN his/PRP$ major/JJ contributions/NNS to/TO the/DT field/NN of/IN Artificial/NNP Intelligence/NNP -LRB-/-LRB- AI/NNP -RRB-/-RRB- ./.
# not divisible: Edsger/NNP Wybe/NNP Dijkstra/NNP -LRB-/-LRB- May/NNP 11/CD 1930/CD --/: August/NNP 6/CD 2002/CD -RRB-/-RRB- was/VBD a/DT Dutch/JJ computer/NN scientist/NN ,/, and/CC winner/NN of/IN the/DT 1972/CD Turing/NNP Award/NN ./.
# not divisible: Donald/NNP Ervin/NNP Knuth/NNP -LRB-/-LRB- born/VBN 10/CD January/NNP 1938/CD -RRB-/-RRB- is/VBZ an/DT American/JJ computer/NN scientist/NN ,/, Professor/NNP Emeritus/NNP at/IN Stanford/NNP University/NNP ,/, and/CC winner/NN of/IN the/DT 1974/CD Turing/NNP Award/NN ./.
# not divisible: Charles/NNP Antony/NNP Richard/NNP Hoare/NNP -LRB-/-LRB- Tony/NNP Hoare/NNP or/CC C.A.R./NNP Hoare/NNP ,/, born/VBN January/NNP 11/CD ,/, 1934/CD -RRB-/-RRB- is/VBZ a/DT British/JJ computer/NN scientist/NN ,/, and/CC winner/NN of/IN the/DT 1980/CD Turing/NNP Award/NN ./.

# division of Beck/NNP <VBD> <> <> <IN> <> <NNP> <> <> <NN> <> <> <> ./., 15 19 20
{{{ cspc: 10 patterns
Beck/NNP was/VBD <> <> <IN> <> <NNP> <> <> <NN> <> <> <> ./. (15 )
Beck/NNP popularized/VBD <> <> <IN> <> <NNP> <> <> <NN> <> <> <> ./. (19 )
Beck/NNP attended/VBD <> <> <IN> <> <NNP> <> <> <NN> <> <> <> ./. (20 )
Beck/NNP attended/VBD <DT> <> <IN> <> <NNP> <> <> <NN> <> <> <> ./. (20 )
Beck/NNP attended/VBD <> <NNP> <IN> <> <NNP> <> <> <NN> <> <> <> ./. (20 )
Beck/NNP attended/VBD <> <> of/IN <> <NNP> <> <> <NN> <> <> <> ./. (20 )
Beck/NNP attended/VBD <> <> of/IN <> <NNP> <> <> <NN> <> <> <> ./. (20 )
Beck/NNP attended/VBD <> <> of/IN <> <NNP> <> <> <NN> <> <> <> ./. (20 )
Beck/NNP attended/VBD <> <> of/IN <> <NNP> <> <> <NN> <> <> <> ./. (20 )
Beck/NNP attended/VBD <> <> between/IN <> <NNP> <> <> <NN> <> <> <> ./. (20 )
}}}
{{{ div: 3 patterns
Beck/NNP was/VBD <> <> <IN> <> <NNP> <> <> <NN> <> <> <> ./. (15)
Beck/NNP popularized/VBD <> <> <IN> <> <NNP> <> <> <NN> <> <> <> ./. (19)
Beck/NNP attended/VBD <> <> <IN> <> <NNP> <> <> <NN> <> <> <> ./. (20)
}}}
# not divisible: Albert/NNP Einstein/NNP -LRB-/-LRB- 14/CD March/NNP 1879/NNS --/: 18/CD April/NNP 1955/CD -RRB-/-RRB- was/VBD a/DT theoretical/JJ physicist/NN who/WP published/VBD the/DT special/JJ and/CC general/JJ theories/NNS of/IN relativity/NN and/CC contributed/VBD in/IN other/JJ areas/NNS of/IN physics/NNS ./.
# not divisible: In/IN 2004/CD he/PRP introduced/VBD Presentation/NN Model/NNP -LRB-/-LRB- PM/NNP -RRB-/-RRB- ,/, an/DT architectural/JJ pattern/NN ./.
# not divisible: Beck/NN pioneered/VBD software/NN design/NN patterns/NNS as/RB well/RB as/IN the/DT commercial/JJ application/NN of/IN Smalltalk/NNP ./.

# division of <> <DT> <> <NN> <> <> and/CC <> <> <> <> <> ./., 7 8 30
{{{ cspc: 16 patterns
<IN> <DT> <> <NN> <> <> and/CC <> <> <> <> <> ./. (7 )
<> an/DT <> <NN> <> <> and/CC <> <> <> <> <> ./. (7 )
<> the/DT <> <NN> <> <> and/CC <> <> <> <> <> ./. (8 )
<> a/DT <> <NN> <> <> and/CC <> <> <> <> <> ./. (30 )
<> a/DT <> <NN> <> <> and/CC <> <> <> <> <> ./. (30 )
<> a/DT <NNP> <NN> <> <> and/CC <> <> <> <> <> ./. (30 )
<> a/DT <> Award/NN <> <> and/CC <> <> <> <> <> ./. (30 )
<> a/DT <> Award/NN <> <> and/CC <> <> <> <> <> ./. (30 )
<> a/DT <> Award/NN <IN> <> and/CC <> <> <> <> <> ./. (30 )
<> a/DT <> Award/NN <> <CD> and/CC <> <> <> <> <> ./. (30 )
<> a/DT <> Award/NN <> <> and/CC <DT> <> <> <> <> ./. (30 )
<> a/DT <> Award/NN <> <> and/CC <> <NNP> <> <> <> ./. (30 )
<> a/DT <> Award/NN <> <> and/CC <> <> <NN> <> <> ./. (30 )
<> a/DT <> Award/NN <> <> and/CC <> <> <> <IN> <> ./. (30 )
<> a/DT <> Award/NN <> <> and/CC <> <> <> <> <CD> ./. (30 )
<> a/DT <> Award/NN <> <> and/CC <> <> <> <> <> ./. (30 )
}}}
{{{ div: 3 patterns
<> an/DT <> <NN> <> <> and/CC <> <> <> <> <> ./. (7)
<> the/DT <> <NN> <> <> and/CC <> <> <> <> <> ./. (8)
<> a/DT <> <NN> <> <> and/CC <> <> <> <> <> ./. (30)
}}}

# division of <> <CC> <> <> <> <> <> <IN> <NN> <> <> <> <IN> <> <NNP> <> <NN> ./., 16 27
{{{ cspc: 38 patterns
<JJ> <CC> <> <> <> <> <> <IN> <NN> <> <> <> <IN> <> <NNP> <> <NN> ./. (16 )
<> and/CC <> <> <> <> <> <IN> <NN> <> <> <> <IN> <> <NNP> <> <NN> ./. (16 )
<> but/CC <> <> <> <> <> <IN> <NN> <> <> <> <IN> <> <NNP> <> <NN> ./. (27 )
<> but/CC <IN> <> <> <> <> <IN> <NN> <> <> <> <IN> <> <NNP> <> <NN> ./. (27 )
<> but/CC <> <CD> <> <> <> <IN> <NN> <> <> <> <IN> <> <NNP> <> <NN> ./. (27 )
<> but/CC <> <DT> <> <> <> <IN> <NN> <> <> <> <IN> <> <NNP> <> <NN> ./. (27 )
<> but/CC <> <IN> <> <> <> <IN> <NN> <> <> <> <IN> <> <NNP> <> <NN> ./. (27 )
<> but/CC <> <NN> <> <> <> <IN> <NN> <> <> <> <IN> <> <NNP> <> <NN> ./. (27 )
<> but/CC <> <NNP> <> <> <> <IN> <NN> <> <> <> <IN> <> <NNP> <> <NN> ./. (27 )
<> but/CC <> <PRP> <> <> <> <IN> <NN> <> <> <> <IN> <> <NNP> <> <NN> ./. (27 )
<> but/CC <> <PRP$> <> <> <> <IN> <NN> <> <> <> <IN> <> <NNP> <> <NN> ./. (27 )
<> but/CC <> <TO> <> <> <> <IN> <NN> <> <> <> <IN> <> <NNP> <> <NN> ./. (27 )
<> but/CC <> <VB> <> <> <> <IN> <NN> <> <> <> <IN> <> <NNP> <> <NN> ./. (27 )
<> but/CC <> <VBD> <> <> <> <IN> <NN> <> <> <> <IN> <> <NNP> <> <NN> ./. (27 )
<> but/CC <> <VBG> <> <> <> <IN> <NN> <> <> <> <IN> <> <NNP> <> <NN> ./. (27 )
<> but/CC <> <> <CD> <> <> <IN> <NN> <> <> <> <IN> <> <NNP> <> <NN> ./. (27 )
<> but/CC <> <> <DT> <> <> <IN> <NN> <> <> <> <IN> <> <NNP> <> <NN> ./. (27 )
<> but/CC <> <> <IN> <> <> <IN> <NN> <> <> <> <IN> <> <NNP> <> <NN> ./. (27 )
<> but/CC <> <> <NN> <> <> <IN> <NN> <> <> <> <IN> <> <NNP> <> <NN> ./. (27 )
<> but/CC <> <> <PRP> <> <> <IN> <NN> <> <> <> <IN> <> <NNP> <> <NN> ./. (27 )
<> but/CC <> <> <PRP$> <> <> <IN> <NN> <> <> <> <IN> <> <NNP> <> <NN> ./. (27 )
<> but/CC <> <> <TO> <> <> <IN> <NN> <> <> <> <IN> <> <NNP> <> <NN> ./. (27 )
<> but/CC <> <> <VB> <> <> <IN> <NN> <> <> <> <IN> <> <NNP> <> <NN> ./. (27 )
<> but/CC <> <> <VBD> <> <> <IN> <NN> <> <> <> <IN> <> <NNP> <> <NN> ./. (27 )
<> but/CC <> <> <VBG> <> <> <IN> <NN> <> <> <> <IN> <> <NNP> <> <NN> ./. (27 )
<> but/CC <> <> <> <DT> <> <IN> <NN> <> <> <> <IN> <> <NNP> <> <NN> ./. (27 )
<> but/CC <> <> <> <IN> <> <IN> <NN> <> <> <> <IN> <> <NNP> <> <NN> ./. (27 )
<> but/CC <> <> <> <JJ> <> <IN> <NN> <> <> <> <IN> <> <NNP> <> <NN> ./. (27 )
<> but/CC <> <> <> <NN> <> <IN> <NN> <> <> <> <IN> <> <NNP> <> <NN> ./. (27 )
<> but/CC <> <> <> <PRP> <> <IN> <NN> <> <> <> <IN> <> <NNP> <> <NN> ./. (27 )
<> but/CC <> <> <> <PRP$> <> <IN> <NN> <> <> <> <IN> <> <NNP> <> <NN> ./. (27 )
<> but/CC <> <> <> <TO> <> <IN> <NN> <> <> <> <IN> <> <NNP> <> <NN> ./. (27 )
<> but/CC <> <> <> <VB> <> <IN> <NN> <> <> <> <IN> <> <NNP> <> <NN> ./. (27 )
<> but/CC <> <> <> <VBD> <> <IN> <NN> <> <> <> <IN> <> <NNP> <> <NN> ./. (27 )
<> but/CC <> <> <> <VBG> <> <IN> <NN> <> <> <> <IN> <> <NNP> <> <NN> ./. (27 )
<> but/CC <> <> <> <> <NNS> <IN> <NN> <> <> <> <IN> <> <NNP> <> <NN> ./. (27 )
<> but/CC <> <> <> <> <> in/IN <NN> <> <> <> <IN> <> <NNP> <> <NN> ./. (27 )
<> but/CC <> <> <> <> <> in/IN <NN> <> <> <> <IN> <> <NNP> <> <NN> ./. (27 )
}}}
{{{ div: 2 patterns
<> and/CC <> <> <> <> <> <IN> <NN> <> <> <> <IN> <> <NNP> <> <NN> ./. (16)
<> but/CC <> <> <> <> <> <IN> <NN> <> <> <> <IN> <> <NNP> <> <NN> ./. (27)
}}}
#pattern is over K=23
>>> ret.size() = 10
>>> pcs.size() = 12
>>> dPC.size() = 2
# not divisible: Beck/NNP was/VBD one/CD of/IN the/DT 17/CD original/JJ signatories/NNS of/IN the/DT Agile/NNP Manifesto/NNP ,/, the/DT founding/NN document/NN for/IN agile/JJ software/NN development/NN ./.
# not divisible: Beck/NNP popularized/VBD CRC/NN cards/NNS with/IN Ward/NNP Cunningham/NNP ,/, the/DT inventor/NN of/IN the/DT wiki/NNS ./.
# not divisible: Beck/NNP attended/VBD the/DT University/NNP of/IN Oregon/NNP between/IN 1979/CD and/CC 1987/CD ,/, receiving/VBG B.S./NNP and/CC M.S./NNP degrees/NNS in/IN computer/NN and/CC information/NN science/NN ./.
# not divisible: These/DT included/VBD automata/JJ theory/NN ,/, the/DT structured/JJ programming/NN theory/NN of/IN Edsger/NNP Dijkstra/NNP ,/, Robert/NNP W./NNP Floyd/NNP ,/, and/CC others/NNS ,/, and/CC Markov/NNP chain-driven/JJ software/NN testing/NN ./.
# not divisible: As/IN an/DT IBM/NNP research/NN fellow/NN ,/, Mills/NNP adapted/VBD existing/VBG ideas/NNS from/IN engineering/NN and/CC computer/NN science/NN to/TO software/NN development/NN ./.
# not divisible: The/DT story/NN was/VBD nominated/VBN for/IN a/DT Nebula/NNP Award/NN in/IN 1975/CD and/CC a/DT Hugo/NNP Award/NN in/IN 1976/CD ./.

# division of His/PRP$ <> <NN> <NN> <VBD> <> <NN> <> <> <NN> ./., 9 23
{{{ cspc: 3 patterns
His/PRP$ <CD> <NN> <NN> <VBD> <> <NN> <> <> <NN> ./. (23 )
His/PRP$ <> development/NN <NN> <VBD> <> <NN> <> <> <NN> ./. (9 )
His/PRP$ <> book/NN <NN> <VBD> <> <NN> <> <> <NN> ./. (23 )
}}}
{{{ div: 2 patterns
His/PRP$ <CD> <NN> <NN> <VBD> <> <NN> <> <> <NN> ./. (23)
His/PRP$ <> development/NN <NN> <VBD> <> <NN> <> <> <NN> ./. (9)
}}}
#pattern is over K=23
>>> ret.size() = 17
>>> pcs.size() = 5
>>> dPC.size() = 2

# division of He/PRP <> <> <> <> <> <> <> <> <> ./., 1 3 13 18 21 25 26 31
{{{ cspc: 168 patterns
He/PRP <VBD> <> <> <> <> <> <> <> <> ./. (1 13 18 25 31 )
He/PRP <VBZ> <> <> <> <> <> <> <> <> ./. (3 21 26 )
He/PRP <> <''> <> <> <> <> <> <> <> ./. (13 )
He/PRP <> <,> <> <> <> <> <> <> <> ./. (3 18 25 )
He/PRP <> <:> <> <> <> <> <> <> <> ./. (31 )
He/PRP <> <CC> <> <> <> <> <> <> <> ./. (3 13 26 31 )
He/PRP <> <CD> <> <> <> <> <> <> <> ./. (13 31 )
He/PRP <> <DT> <> <> <> <> <> <> <> ./. (1 3 13 18 25 31 )
He/PRP <> <IN> <> <> <> <> <> <> <> ./. (1 3 13 18 21 26 31 )
He/PRP <> <JJ> <> <> <> <> <> <> <> ./. (3 13 25 31 )
He/PRP <> <JJS> <> <> <> <> <> <> <> ./. (31 )
He/PRP <> <NN> <> <> <> <> <> <> <> ./. (1 3 13 18 25 26 31 )
He/PRP <> <NNP> <> <> <> <> <> <> <> ./. (1 3 13 18 25 26 31 )
He/PRP <> <NNS> <> <> <> <> <> <> <> ./. (3 18 )
He/PRP <> <PRP$> <> <> <> <> <> <> <> ./. (3 13 )
He/PRP <> <RB> <> <> <> <> <> <> <> ./. (3 18 31 )
He/PRP <> <TO> <> <> <> <> <> <> <> ./. (3 25 )
He/PRP <> <VB> <> <> <> <> <> <> <> ./. (25 )
He/PRP <> <VBD> <> <> <> <> <> <> <> ./. (13 18 31 )
He/PRP <> <VBG> <> <> <> <> <> <> <> ./. (31 )
He/PRP <> <VBN> <> <> <> <> <> <> <> ./. (3 26 )
He/PRP <> <WDT> <> <> <> <> <> <> <> ./. (18 )
He/PRP <> <``> <> <> <> <> <> <> <> ./. (13 )
He/PRP <> <> <''> <> <> <> <> <> <> ./. (13 )
He/PRP <> <> <,> <> <> <> <> <> <> ./. (3 18 25 )
He/PRP <> <> <:> <> <> <> <> <> <> ./. (31 )
He/PRP <> <> <CC> <> <> <> <> <> <> ./. (3 13 25 26 31 )
He/PRP <> <> <CD> <> <> <> <> <> <> ./. (13 31 )
He/PRP <> <> <DT> <> <> <> <> <> <> ./. (3 13 18 25 31 )
He/PRP <> <> <IN> <> <> <> <> <> <> ./. (1 3 13 18 26 31 )
He/PRP <> <> <JJ> <> <> <> <> <> <> ./. (3 25 31 )
He/PRP <> <> <JJS> <> <> <> <> <> <> ./. (31 )
He/PRP <> <> <NN> <> <> <> <> <> <> ./. (1 3 13 18 25 26 31 )
He/PRP <> <> <NNP> <> <> <> <> <> <> ./. (1 3 13 18 21 26 31 )
He/PRP <> <> <NNS> <> <> <> <> <> <> ./. (3 18 )
He/PRP <> <> <PRP$> <> <> <> <> <> <> ./. (3 13 )
He/PRP <> <> <RB> <> <> <> <> <> <> ./. (18 31 )
He/PRP <> <> <TO> <> <> <> <> <> <> ./. (3 25 )
He/PRP <> <> <VB> <> <> <> <> <> <> ./. (25 )
He/PRP <> <> <VBD> <> <> <> <> <> <> ./. (13 18 31 )
He/PRP <> <> <VBG> <> <> <> <> <> <> ./. (31 )
He/PRP <> <> <VBN> <> <> <> <> <> <> ./. (3 26 )
He/PRP <> <> <WDT> <> <> <> <> <> <> ./. (18 )
He/PRP <> <> <``> <> <> <> <> <> <> ./. (13 )
He/PRP <> <> <> <''> <> <> <> <> <> ./. (13 )
He/PRP <> <> <> <,> <> <> <> <> <> ./. (3 18 21 )
He/PRP <> <> <> <:> <> <> <> <> <> ./. (31 )
He/PRP <> <> <> <CC> <> <> <> <> <> ./. (3 13 25 26 31 )
He/PRP <> <> <> <CD> <> <> <> <> <> ./. (13 31 )
He/PRP <> <> <> <DT> <> <> <> <> <> ./. (3 13 18 25 31 )
He/PRP <> <> <> <IN> <> <> <> <> <> ./. (1 3 13 18 26 31 )
He/PRP <> <> <> <JJ> <> <> <> <> <> ./. (3 25 31 )
He/PRP <> <> <> <JJS> <> <> <> <> <> ./. (31 )
He/PRP <> <> <> <NN> <> <> <> <> <> ./. (1 3 13 18 25 26 31 )
He/PRP <> <> <> <NNP> <> <> <> <> <> ./. (1 3 13 18 26 31 )
He/PRP <> <> <> <NNS> <> <> <> <> <> ./. (3 18 )
He/PRP <> <> <> <POS> <> <> <> <> <> ./. (3 )
He/PRP <> <> <> <PRP$> <> <> <> <> <> ./. (1 3 13 )
He/PRP <> <> <> <RB> <> <> <> <> <> ./. (18 31 )
He/PRP <> <> <> <TO> <> <> <> <> <> ./. (3 25 )
He/PRP <> <> <> <VB> <> <> <> <> <> ./. (25 )
He/PRP <> <> <> <VBD> <> <> <> <> <> ./. (13 18 31 )
He/PRP <> <> <> <VBG> <> <> <> <> <> ./. (31 )
He/PRP <> <> <> <VBN> <> <> <> <> <> ./. (26 )
He/PRP <> <> <> <VBZ> <> <> <> <> <> ./. (26 )
He/PRP <> <> <> <WDT> <> <> <> <> <> ./. (18 )
He/PRP <> <> <> <``> <> <> <> <> <> ./. (13 )
He/PRP <> <> <> <> <''> <> <> <> <> ./. (13 )
He/PRP <> <> <> <> <,> <> <> <> <> ./. (3 18 )
He/PRP <> <> <> <> <:> <> <> <> <> ./. (31 )
He/PRP <> <> <> <> <CC> <> <> <> <> ./. (3 13 25 26 31 )
He/PRP <> <> <> <> <CD> <> <> <> <> ./. (13 31 )
He/PRP <> <> <> <> <DT> <> <> <> <> ./. (3 13 18 25 31 )
He/PRP <> <> <> <> <IN> <> <> <> <> ./. (1 3 13 18 26 31 )
He/PRP <> <> <> <> <JJ> <> <> <> <> ./. (3 25 31 )
He/PRP <> <> <> <> <JJS> <> <> <> <> ./. (31 )
He/PRP <> <> <> <> <NN> <> <> <> <> ./. (1 3 13 18 25 26 31 )
He/PRP <> <> <> <> <NNP> <> <> <> <> ./. (3 13 18 21 26 31 )
He/PRP <> <> <> <> <NNS> <> <> <> <> ./. (3 18 )
He/PRP <> <> <> <> <POS> <> <> <> <> ./. (3 )
He/PRP <> <> <> <> <PRP$> <> <> <> <> ./. (1 3 13 )
He/PRP <> <> <> <> <RB> <> <> <> <> ./. (18 26 31 )
He/PRP <> <> <> <> <RBS> <> <> <> <> ./. (3 )
He/PRP <> <> <> <> <TO> <> <> <> <> ./. (3 25 31 )
He/PRP <> <> <> <> <VB> <> <> <> <> ./. (25 )
He/PRP <> <> <> <> <VBD> <> <> <> <> ./. (13 18 31 )
He/PRP <> <> <> <> <VBG> <> <> <> <> ./. (31 )
He/PRP <> <> <> <> <VBZ> <> <> <> <> ./. (26 )
He/PRP <> <> <> <> <WDT> <> <> <> <> ./. (18 )
He/PRP <> <> <> <> <``> <> <> <> <> ./. (13 )
He/PRP <> <> <> <> <> <''> <> <> <> ./. (13 )
He/PRP <> <> <> <> <> <,> <> <> <> ./. (3 18 )
He/PRP <> <> <> <> <> <:> <> <> <> ./. (31 )
He/PRP <> <> <> <> <> <CC> <> <> <> ./. (3 13 21 25 26 31 )
He/PRP <> <> <> <> <> <CD> <> <> <> ./. (13 31 )
He/PRP <> <> <> <> <> <DT> <> <> <> ./. (3 13 18 25 26 31 )
He/PRP <> <> <> <> <> <IN> <> <> <> ./. (1 3 13 18 31 )
He/PRP <> <> <> <> <> <JJ> <> <> <> ./. (3 25 31 )
He/PRP <> <> <> <> <> <JJS> <> <> <> ./. (31 )
He/PRP <> <> <> <> <> <NN> <> <> <> ./. (1 3 13 18 25 26 31 )
He/PRP <> <> <> <> <> <NNP> <> <> <> ./. (3 13 18 26 31 )
He/PRP <> <> <> <> <> <NNS> <> <> <> ./. (3 18 )
He/PRP <> <> <> <> <> <POS> <> <> <> ./. (3 )
He/PRP <> <> <> <> <> <PRP$> <> <> <> ./. (1 13 )
He/PRP <> <> <> <> <> <RB> <> <> <> ./. (3 18 26 31 )
He/PRP <> <> <> <> <> <RBS> <> <> <> ./. (3 )
He/PRP <> <> <> <> <> <TO> <> <> <> ./. (3 25 31 )
He/PRP <> <> <> <> <> <VB> <> <> <> ./. (25 )
He/PRP <> <> <> <> <> <VBD> <> <> <> ./. (13 18 31 )
He/PRP <> <> <> <> <> <VBG> <> <> <> ./. (31 )
He/PRP <> <> <> <> <> <VBZ> <> <> <> ./. (26 )
He/PRP <> <> <> <> <> <WDT> <> <> <> ./. (18 )
He/PRP <> <> <> <> <> <``> <> <> <> ./. (13 )
He/PRP <> <> <> <> <> <> <''> <> <> ./. (13 )
He/PRP <> <> <> <> <> <> <,> <> <> ./. (3 18 )
He/PRP <> <> <> <> <> <> <-LRB-> <> <> ./. (25 )
He/PRP <> <> <> <> <> <> <:> <> <> ./. (31 )
He/PRP <> <> <> <> <> <> <CC> <> <> ./. (3 13 25 26 31 )
He/PRP <> <> <> <> <> <> <CD> <> <> ./. (13 31 )
He/PRP <> <> <> <> <> <> <DT> <> <> ./. (1 3 13 18 25 26 31 )
He/PRP <> <> <> <> <> <> <IN> <> <> ./. (1 3 13 18 31 )
He/PRP <> <> <> <> <> <> <JJ> <> <> ./. (25 31 )
He/PRP <> <> <> <> <> <> <JJS> <> <> ./. (31 )
He/PRP <> <> <> <> <> <> <NN> <> <> ./. (1 3 13 18 25 26 31 )
He/PRP <> <> <> <> <> <> <NNP> <> <> ./. (3 13 18 26 31 )
He/PRP <> <> <> <> <> <> <NNS> <> <> ./. (3 18 )
He/PRP <> <> <> <> <> <> <POS> <> <> ./. (3 )
He/PRP <> <> <> <> <> <> <PRP$> <> <> ./. (1 13 )
He/PRP <> <> <> <> <> <> <RB> <> <> ./. (3 18 26 31 )
He/PRP <> <> <> <> <> <> <RBS> <> <> ./. (3 )
He/PRP <> <> <> <> <> <> <TO> <> <> ./. (3 25 31 )
He/PRP <> <> <> <> <> <> <VB> <> <> ./. (25 )
He/PRP <> <> <> <> <> <> <VBD> <> <> ./. (13 18 31 )
He/PRP <> <> <> <> <> <> <VBG> <> <> ./. (31 )
He/PRP <> <> <> <> <> <> <VBN> <> <> ./. (3 )
He/PRP <> <> <> <> <> <> <VBZ> <> <> ./. (21 26 )
He/PRP <> <> <> <> <> <> <WDT> <> <> ./. (18 )
He/PRP <> <> <> <> <> <> <``> <> <> ./. (13 )
He/PRP <> <> <> <> <> <> <> <''> <> ./. (13 )
He/PRP <> <> <> <> <> <> <> <,> <> ./. (3 18 )
He/PRP <> <> <> <> <> <> <> <-LRB-> <> ./. (25 )
He/PRP <> <> <> <> <> <> <> <:> <> ./. (31 )
He/PRP <> <> <> <> <> <> <> <CC> <> ./. (3 13 25 26 31 )
He/PRP <> <> <> <> <> <> <> <CD> <> ./. (13 31 )
He/PRP <> <> <> <> <> <> <> <DT> <> ./. (1 3 13 18 25 26 31 )
He/PRP <> <> <> <> <> <> <> <IN> <> ./. (1 3 13 18 21 26 31 )
He/PRP <> <> <> <> <> <> <> <JJ> <> ./. (1 25 31 )
He/PRP <> <> <> <> <> <> <> <JJS> <> ./. (31 )
He/PRP <> <> <> <> <> <> <> <NN> <> ./. (1 3 13 18 25 26 31 )
He/PRP <> <> <> <> <> <> <> <NNP> <> ./. (3 13 18 25 26 31 )
He/PRP <> <> <> <> <> <> <> <NNS> <> ./. (3 18 )
He/PRP <> <> <> <> <> <> <> <POS> <> ./. (3 )
He/PRP <> <> <> <> <> <> <> <PRP$> <> ./. (1 13 )
He/PRP <> <> <> <> <> <> <> <RB> <> ./. (3 18 26 31 )
He/PRP <> <> <> <> <> <> <> <RBS> <> ./. (3 )
He/PRP <> <> <> <> <> <> <> <TO> <> ./. (3 31 )
He/PRP <> <> <> <> <> <> <> <VB> <> ./. (25 )
He/PRP <> <> <> <> <> <> <> <VBD> <> ./. (13 18 31 )
He/PRP <> <> <> <> <> <> <> <VBG> <> ./. (3 31 )
He/PRP <> <> <> <> <> <> <> <VBN> <> ./. (3 )
He/PRP <> <> <> <> <> <> <> <VBZ> <> ./. (26 )
He/PRP <> <> <> <> <> <> <> <WDT> <> ./. (18 )
He/PRP <> <> <> <> <> <> <> <``> <> ./. (13 )
He/PRP <> <> <> <> <> <> <> <> <-RRB-> ./. (25 )
He/PRP <> <> <> <> <> <> <> <> <NN> ./. (1 3 13 )
He/PRP <> <> <> <> <> <> <> <> <NNP> ./. (18 21 26 )
He/PRP <> <> <> <> <> <> <> <> <NNS> ./. (31 )
He/PRP <> <> <> <> <> <> <> <> <> ./. (1 3 13 18 25 26 31 )
}}}
{{{ div: 2 patterns
He/PRP <> <IN> <> <> <> <> <> <> <> ./. (1 3 13 18 21 26 31)
He/PRP <> <NN> <> <> <> <> <> <> <> ./. (1 3 13 18 25 26 31)
}}}
#pattern is over K=23
>>> ret.size() = 18
>>> pcs.size() = 4
>>> dPC.size() = 2
# not divisible: Plauger/NNP has/VBZ been/VBN credited/VBN with/IN inventing/VBG pair/NN programming/NN while/IN leading/VBG Whitesmiths/NNP Ltd./NNP ./.

# division of Plauger/NNP <> a/DT <NN> <> <> in/IN <> <IN> <> <NNP> <> a/DT <NN> <> <> <> from/IN <DT> <> <NNP> <> ./., 29 32
{{{ cspc: 4 patterns
Plauger/NNP <VBD> a/DT <NN> <> <> in/IN <> <IN> <> <NNP> <> a/DT <NN> <> <> <> from/IN <DT> <> <NNP> <> ./. (29 )
Plauger/NNP <VBZ> a/DT <NN> <> <> in/IN <> <IN> <> <NNP> <> a/DT <NN> <> <> <> from/IN <DT> <> <NNP> <> ./. (32 )
Plauger/NNP <> a/DT science/NN <> <> in/IN <> <IN> <> <NNP> <> a/DT <NN> <> <> <> from/IN <DT> <> <NNP> <> ./. (29 )
Plauger/NNP <> a/DT bachelor/NN <> <> in/IN <> <IN> <> <NNP> <> a/DT <NN> <> <> <> from/IN <DT> <> <NNP> <> ./. (32 )
}}}
{{{ div: 2 patterns
Plauger/NNP <VBD> a/DT <NN> <> <> in/IN <> <IN> <> <NNP> <> a/DT <NN> <> <> <> from/IN <DT> <> <NNP> <> ./. (29)
Plauger/NNP <VBZ> a/DT <NN> <> <> in/IN <> <IN> <> <NNP> <> a/DT <NN> <> <> <> from/IN <DT> <> <NNP> <> ./. (32)
}}}
#pattern is over K=23
>>> ret.size() = 20
>>> pcs.size() = 2
>>> dPC.size() = 2
# not divisible: Dr./NNP Mills/NNP was/VBD termed/VBN a/DT ``/`` super-programmer/NN ''/'' ,/, a/DT term/NN which/WDT would/MD evolve/VB to/TO the/DT concept/NN in/IN IBM/NNP of/IN a/DT ``/`` Chief/NNP Programmer/NNP ./. ''/''
# not divisible: He/PRP was/VBD an/DT early/JJ and/CC influential/JJ proponent/NN of/IN ``/`` structured/JJ programming/NN ./. ''/''
{{{ MMG Result: 23 patterns
Mills/NNP contributed/VBD his/PRP$ ideas/NNS to/TO the/DT profession/NN in/IN six/CD books/NNS and/CC over/IN fifty/CD refereed/VBD articles/NNS in/IN technical/JJ journals/NNS ./.
Martin/NNP Fowler/NNP -LRB-/-LRB- born/VBN 1963/CD -RRB-/-RRB- is/VBZ a/DT British/JJ software/NN engineer/NN ,/, author/NN and/CC international/JJ public/JJ speaker/NN on/IN software/NN development/NN ,/, specializing/VBG in/IN object-oriented/JJ analysis/NN and/CC design/NN ,/, UML/NNP ,/, patterns/NNS ,/, and/CC agile/JJ software/NN development/NN methodologies/NNS ,/, including/VBG extreme/JJ programming/NN ./.
Kent/NNP Beck/NNP is/VBZ an/DT American/JJ software/NN engineer/NN and/CC the/DT creator/NN of/IN Extreme/NNP Programming/NNP ,/, a/DT software/NN development/NN methodology/NN which/WDT eschews/VBZ rigid/JJ formal/JJ specification/NN for/IN a/DT collaborative/JJ and/CC iterative/JJ design/NN process/NN ./.
John/NNP McCarthy/NNP -LRB-/-LRB- September/NNP 4/CD ,/, 1927/CD --/: October/NNP 24/CD ,/, 2011/CD -RRB-/-RRB- was/VBD an/DT American/JJ computer/NN scientist/NN and/CC cognitive/JJ scientist/NN who/WP received/VBD the/DT Turing/NNP Award/NN in/IN 1971/CD for/IN his/PRP$ major/JJ contributions/NNS to/TO the/DT field/NN of/IN Artificial/NNP Intelligence/NNP -LRB-/-LRB- AI/NNP -RRB-/-RRB- ./.
Edsger/NNP Wybe/NNP Dijkstra/NNP -LRB-/-LRB- May/NNP 11/CD 1930/CD --/: August/NNP 6/CD 2002/CD -RRB-/-RRB- was/VBD a/DT Dutch/JJ computer/NN scientist/NN ,/, and/CC winner/NN of/IN the/DT 1972/CD Turing/NNP Award/NN ./.
Donald/NNP Ervin/NNP Knuth/NNP -LRB-/-LRB- born/VBN 10/CD January/NNP 1938/CD -RRB-/-RRB- is/VBZ an/DT American/JJ computer/NN scientist/NN ,/, Professor/NNP Emeritus/NNP at/IN Stanford/NNP University/NNP ,/, and/CC winner/NN of/IN the/DT 1974/CD Turing/NNP Award/NN ./.
Charles/NNP Antony/NNP Richard/NNP Hoare/NNP -LRB-/-LRB- Tony/NNP Hoare/NNP or/CC C.A.R./NNP Hoare/NNP ,/, born/VBN January/NNP 11/CD ,/, 1934/CD -RRB-/-RRB- is/VBZ a/DT British/JJ computer/NN scientist/NN ,/, and/CC winner/NN of/IN the/DT 1980/CD Turing/NNP Award/NN ./.
Albert/NNP Einstein/NNP -LRB-/-LRB- 14/CD March/NNP 1879/NNS --/: 18/CD April/NNP 1955/CD -RRB-/-RRB- was/VBD a/DT theoretical/JJ physicist/NN who/WP published/VBD the/DT special/JJ and/CC general/JJ theories/NNS of/IN relativity/NN and/CC contributed/VBD in/IN other/JJ areas/NNS of/IN physics/NNS ./.
In/IN 2004/CD he/PRP introduced/VBD Presentation/NN Model/NNP -LRB-/-LRB- PM/NNP -RRB-/-RRB- ,/, an/DT architectural/JJ pattern/NN ./.
Beck/NN pioneered/VBD software/NN design/NN patterns/NNS as/RB well/RB as/IN the/DT commercial/JJ application/NN of/IN Smalltalk/NNP ./.
<> <CC> <> <> <> <> <> <IN> <NN> <> <> <> <IN> <> <NNP> <> <NN> ./.
Beck/NNP was/VBD one/CD of/IN the/DT 17/CD original/JJ signatories/NNS of/IN the/DT Agile/NNP Manifesto/NNP ,/, the/DT founding/NN document/NN for/IN agile/JJ software/NN development/NN ./.
Beck/NNP popularized/VBD CRC/NN cards/NNS with/IN Ward/NNP Cunningham/NNP ,/, the/DT inventor/NN of/IN the/DT wiki/NNS ./.
Beck/NNP attended/VBD the/DT University/NNP of/IN Oregon/NNP between/IN 1979/CD and/CC 1987/CD ,/, receiving/VBG B.S./NNP and/CC M.S./NNP degrees/NNS in/IN computer/NN and/CC information/NN science/NN ./.
These/DT included/VBD automata/JJ theory/NN ,/, the/DT structured/JJ programming/NN theory/NN of/IN Edsger/NNP Dijkstra/NNP ,/, Robert/NNP W./NNP Floyd/NNP ,/, and/CC others/NNS ,/, and/CC Markov/NNP chain-driven/JJ software/NN testing/NN ./.
As/IN an/DT IBM/NNP research/NN fellow/NN ,/, Mills/NNP adapted/VBD existing/VBG ideas/NNS from/IN engineering/NN and/CC computer/NN science/NN to/TO software/NN development/NN ./.
The/DT story/NN was/VBD nominated/VBN for/IN a/DT Nebula/NNP Award/NN in/IN 1975/CD and/CC a/DT Hugo/NNP Award/NN in/IN 1976/CD ./.
His/PRP$ <> <NN> <NN> <VBD> <> <NN> <> <> <NN> ./.
He/PRP <> <> <> <> <> <> <> <> <> ./.
Plauger/NNP has/VBZ been/VBN credited/VBN with/IN inventing/VBG pair/NN programming/NN while/IN leading/VBG Whitesmiths/NNP Ltd./NNP ./.
Plauger/NNP <> a/DT <NN> <> <> in/IN <> <IN> <> <NNP> <> a/DT <NN> <> <> <> from/IN <DT> <> <NNP> <> ./.
Dr./NNP Mills/NNP was/VBD termed/VBN a/DT ``/`` super-programmer/NN ''/'' ,/, a/DT term/NN which/WDT would/MD evolve/VB to/TO the/DT concept/NN in/IN IBM/NNP of/IN a/DT ``/`` Chief/NNP Programmer/NNP ./. ''/''
He/PRP was/VBD an/DT early/JJ and/CC influential/JJ proponent/NN of/IN ``/`` structured/JJ programming/NN ./. ''/''
}}}
