mode: k-multiple; k=23
>>> priority_pos = VB VBD VBG VBN VBP VBZ NN IN
>>> inpriority_pos = '' , -LRB- -RRB- . : CC CD DT JJ JJS MD NNP NNPS NNS POS PRP PRP$ RB RBS RP TO WDT WP WP$ ``

# division of <> <> <> <> <> <> <> <> <> <> <>, 0 1 2 3 4 5 6 7 8 9 10 11 12 13 14 15 16 17 18 19 20 21 22 23 24 25 26 27 28 29 30 31 32
{{{ cspc: 298 patterns
<DT> <> <> <> <> <> <> <> <> <> <> (8 30 )
<IN> <> <> <> <> <> <> <> <> <> <> (7 24 27 )
<JJ> <> <> <> <> <> <> <> <> <> <> (16 )
<NN> <> <> <> <> <> <> <> <> <> <> (17 )
<NNP> <> <> <> <> <> <> <> <> <> <> (0 2 4 5 10 11 12 14 15 19 20 22 28 29 32 )
<PRP> <> <> <> <> <> <> <> <> <> <> (1 3 6 13 18 21 25 26 31 )
<PRP$> <> <> <> <> <> <> <> <> <> <> (9 23 )
<> <''> <> <> <> <> <> <> <> <> <> (11 13 29 )
<> <,> <> <> <> <> <> <> <> <> <> (2 3 4 7 8 11 12 14 16 18 20 22 25 27 29 )
<> <-LRB-> <> <> <> <> <> <> <> <> <> (0 2 4 5 12 22 )
<> <-RRB-> <> <> <> <> <> <> <> <> <> (0 2 4 5 12 22 )
<> <:> <> <> <> <> <> <> <> <> <> (0 5 12 31 )
<> <CC> <> <> <> <> <> <> <> <> <> (0 2 3 12 13 14 16 20 22 26 27 29 31 32 )
<> <CD> <> <> <> <> <> <> <> <> <> (0 2 4 5 10 12 13 15 20 22 23 24 27 29 31 )
<> <DT> <> <> <> <> <> <> <> <> <> (0 1 2 3 4 5 6 7 8 10 11 12 13 14 15 18 20 22 25 27 29 30 31 32 )
<> <IN> <> <> <> <> <> <> <> <> <> (0 1 3 4 8 10 12 13 14 15 16 18 19 20 22 26 27 29 30 31 32 )
<> <JJ> <> <> <> <> <> <> <> <> <> (0 2 3 4 5 6 8 12 13 14 15 16 22 25 27 29 31 )
<> <JJS> <> <> <> <> <> <> <> <> <> (31 )
<> <MD> <> <> <> <> <> <> <> <> <> (11 )
<> <NN> <> <> <> <> <> <> <> <> <> (0 2 3 4 5 7 8 9 10 11 12 13 14 16 17 18 19 22 24 25 26 27 29 30 31 32 )
<> <NNP> <> <> <> <> <> <> <> <> <> (0 1 2 3 4 5 7 8 11 12 13 14 15 16 18 20 22 25 26 27 29 30 31 32 )
<> <NNPS> <> <> <> <> <> <> <> <> <> (29 )
<> <NNS> <> <> <> <> <> <> <> <> <> (0 3 7 10 12 15 16 17 18 19 22 27 32 )
<> <POS> <> <> <> <> <> <> <> <> <> (32 )
<> <PRP> <> <> <> <> <> <> <> <> <> (24 27 )
<> <PRP$> <> <> <> <> <> <> <> <> <> (3 10 12 13 27 )
<> <RB> <> <> <> <> <> <> <> <> <> (3 16 18 29 31 )
<> <RP> <> <> <> <> <> <> <> <> <> (29 )
<> <TO> <> <> <> <> <> <> <> <> <> (3 10 11 12 25 27 )
<> <VB> <> <> <> <> <> <> <> <> <> (11 25 27 )
<> <VBD> <> <> <> <> <> <> <> <> <> (0 1 5 6 7 8 10 11 12 13 15 17 18 19 20 24 25 27 29 30 31 )
<> <VBG> <> <> <> <> <> <> <> <> <> (7 20 22 27 29 31 )
<> <VBN> <> <> <> <> <> <> <> <> <> (2 3 4 11 16 22 26 28 29 30 )
<> <VBP> <> <> <> <> <> <> <> <> <> (16 )
<> <VBZ> <> <> <> <> <> <> <> <> <> (2 3 4 14 21 22 26 28 29 32 )
<> <WDT> <> <> <> <> <> <> <> <> <> (11 14 18 )
<> <WP> <> <> <> <> <> <> <> <> <> (0 12 29 )
<> <WP$> <> <> <> <> <> <> <> <> <> (29 )
<> <``> <> <> <> <> <> <> <> <> <> (11 13 29 )
<> <> <''> <> <> <> <> <> <> <> <> (11 13 29 )
<> <> <,> <> <> <> <> <> <> <> <> (2 3 4 5 7 8 11 12 14 15 16 18 20 22 25 27 29 )
<> <> <-LRB-> <> <> <> <> <> <> <> <> (0 2 4 5 12 22 )
<> <> <-RRB-> <> <> <> <> <> <> <> <> (0 2 4 5 12 22 )
<> <> <:> <> <> <> <> <> <> <> <> (0 5 12 31 )
<> <> <CC> <> <> <> <> <> <> <> <> (0 2 3 6 8 10 12 13 14 20 22 26 27 29 31 32 )
<> <> <CD> <> <> <> <> <> <> <> <> (0 2 4 5 10 12 13 15 20 22 27 29 31 )
<> <> <DT> <> <> <> <> <> <> <> <> (0 1 2 3 4 5 6 8 10 11 12 13 14 15 18 20 22 25 27 29 30 31 32 )
<> <> <IN> <> <> <> <> <> <> <> <> (0 1 3 4 7 8 10 11 12 13 14 15 16 18 19 20 21 22 26 27 28 29 30 31 32 )
<> <> <JJ> <> <> <> <> <> <> <> <> (0 2 3 4 5 6 8 12 13 14 15 16 22 25 27 29 31 )
<> <> <JJS> <> <> <> <> <> <> <> <> (31 )
<> <> <MD> <> <> <> <> <> <> <> <> (11 )
<> <> <NN> <> <> <> <> <> <> <> <> (0 1 2 3 4 5 7 8 9 10 11 12 13 14 16 17 18 19 22 23 24 25 26 27 29 30 31 32 )
<> <> <NNP> <> <> <> <> <> <> <> <> (0 1 2 3 4 5 7 8 12 13 14 15 16 18 19 20 22 24 25 26 27 29 30 31 32 )
<> <> <NNPS> <> <> <> <> <> <> <> <> (29 )
<> <> <NNS> <> <> <> <> <> <> <> <> (0 3 7 10 12 15 16 17 18 19 22 27 32 )
<> <> <POS> <> <> <> <> <> <> <> <> (32 )
<> <> <PRP> <> <> <> <> <> <> <> <> (24 27 )
<> <> <PRP$> <> <> <> <> <> <> <> <> (3 10 12 13 27 )
<> <> <RB> <> <> <> <> <> <> <> <> (3 16 17 18 29 31 )
<> <> <RP> <> <> <> <> <> <> <> <> (29 )
<> <> <TO> <> <> <> <> <> <> <> <> (3 10 11 12 25 27 )
<> <> <VB> <> <> <> <> <> <> <> <> (11 25 27 )
<> <> <VBD> <> <> <> <> <> <> <> <> (0 5 7 11 12 13 18 24 27 29 30 31 )
<> <> <VBG> <> <> <> <> <> <> <> <> (7 20 22 27 29 31 )
<> <> <VBN> <> <> <> <> <> <> <> <> (2 3 4 11 16 22 26 27 28 29 30 )
<> <> <VBP> <> <> <> <> <> <> <> <> (16 )
<> <> <VBZ> <> <> <> <> <> <> <> <> (2 4 14 22 29 )
<> <> <WDT> <> <> <> <> <> <> <> <> (11 14 18 )
<> <> <WP> <> <> <> <> <> <> <> <> (0 12 29 )
<> <> <WP$> <> <> <> <> <> <> <> <> (29 )
<> <> <``> <> <> <> <> <> <> <> <> (11 13 29 )
<> <> <> <''> <> <> <> <> <> <> <> (11 13 29 )
<> <> <> <,> <> <> <> <> <> <> <> (2 3 4 5 7 8 11 12 14 15 16 18 20 22 25 27 29 )
<> <> <> <-LRB-> <> <> <> <> <> <> <> (2 4 5 24 )
<> <> <> <-RRB-> <> <> <> <> <> <> <> (0 2 4 5 12 22 )
<> <> <> <:> <> <> <> <> <> <> <> (0 5 12 31 )
<> <> <> <CC> <> <> <> <> <> <> <> (0 2 3 4 5 6 8 10 12 13 14 20 22 25 26 27 29 31 32 )
<> <> <> <CD> <> <> <> <> <> <> <> (0 2 4 5 10 12 13 15 20 22 27 29 30 31 )
<> <> <> <DT> <> <> <> <> <> <> <> (0 2 3 4 5 8 10 11 12 13 14 15 18 22 25 27 29 30 31 32 )
<> <> <> <IN> <> <> <> <> <> <> <> (0 1 3 4 7 8 10 11 12 13 14 15 16 18 19 20 22 26 27 28 29 30 31 32 )
<> <> <> <JJ> <> <> <> <> <> <> <> (0 2 3 4 5 6 8 12 14 15 22 25 27 29 31 32 )
<> <> <> <JJS> <> <> <> <> <> <> <> (31 )
<> <> <> <MD> <> <> <> <> <> <> <> (11 )
<> <> <> <NN> <> <> <> <> <> <> <> (0 1 2 3 4 5 7 8 9 10 11 12 13 14 16 17 18 22 23 24 25 26 27 29 30 31 32 )
<> <> <> <NNP> <> <> <> <> <> <> <> (0 1 2 3 4 5 7 8 11 12 13 14 15 16 18 19 20 21 22 24 26 27 29 30 31 32 )
<> <> <> <NNPS> <> <> <> <> <> <> <> (29 )
<> <> <> <NNS> <> <> <> <> <> <> <> (0 3 7 8 10 12 15 16 17 18 19 22 27 32 )
<> <> <> <POS> <> <> <> <> <> <> <> (32 )
<> <> <> <PRP> <> <> <> <> <> <> <> (27 )
<> <> <> <PRP$> <> <> <> <> <> <> <> (3 12 13 27 )
<> <> <> <RB> <> <> <> <> <> <> <> (16 17 18 29 31 )
<> <> <> <RP> <> <> <> <> <> <> <> (29 )
<> <> <> <TO> <> <> <> <> <> <> <> (3 10 11 12 25 27 )
<> <> <> <VB> <> <> <> <> <> <> <> (11 25 27 )
<> <> <> <VBD> <> <> <> <> <> <> <> (0 5 7 12 13 18 24 27 29 31 )
<> <> <> <VBG> <> <> <> <> <> <> <> (7 20 22 27 28 29 31 )
<> <> <> <VBN> <> <> <> <> <> <> <> (2 3 4 11 16 22 26 27 28 29 30 )
<> <> <> <VBP> <> <> <> <> <> <> <> (16 )
<> <> <> <VBZ> <> <> <> <> <> <> <> (2 4 14 22 29 )
<> <> <> <WDT> <> <> <> <> <> <> <> (11 14 16 18 )
<> <> <> <WP> <> <> <> <> <> <> <> (0 12 29 )
<> <> <> <WP$> <> <> <> <> <> <> <> (29 )
<> <> <> <``> <> <> <> <> <> <> <> (11 13 29 )
<> <> <> <> <''> <> <> <> <> <> <> (11 13 29 )
<> <> <> <> <,> <> <> <> <> <> <> (2 3 4 5 7 8 11 12 14 15 16 18 19 20 21 22 27 29 )
<> <> <> <> <-LRB-> <> <> <> <> <> <> (2 24 )
<> <> <> <> <-RRB-> <> <> <> <> <> <> (0 2 4 5 12 22 )
<> <> <> <> <:> <> <> <> <> <> <> (0 5 12 31 )
<> <> <> <> <CC> <> <> <> <> <> <> (0 2 3 4 5 6 7 8 10 12 13 14 20 22 25 26 27 29 30 31 32 )
<> <> <> <> <CD> <> <> <> <> <> <> (0 2 4 5 10 12 13 15 20 22 27 29 30 31 )
<> <> <> <> <DT> <> <> <> <> <> <> (0 2 3 4 5 8 10 11 12 13 14 15 18 22 25 27 29 30 31 32 )
<> <> <> <> <IN> <> <> <> <> <> <> (0 1 3 4 7 8 10 11 12 13 14 15 16 17 18 19 20 22 26 27 28 29 30 31 32 )
<> <> <> <> <JJ> <> <> <> <> <> <> (0 2 3 4 5 6 8 12 14 15 22 25 27 29 31 32 )
<> <> <> <> <JJS> <> <> <> <> <> <> (31 )
<> <> <> <> <MD> <> <> <> <> <> <> (11 )
<> <> <> <> <NN> <> <> <> <> <> <> (0 1 2 3 4 5 6 7 8 9 10 11 12 13 14 15 16 18 22 24 25 26 27 28 29 30 31 32 )
<> <> <> <> <NNP> <> <> <> <> <> <> (0 1 2 3 4 5 7 8 11 12 13 14 15 16 18 19 20 22 24 26 27 29 30 31 32 )
<> <> <> <> <NNPS> <> <> <> <> <> <> (29 )
<> <> <> <> <NNS> <> <> <> <> <> <> (0 3 7 8 10 12 15 17 18 20 22 27 32 )
<> <> <> <> <POS> <> <> <> <> <> <> (3 32 )
<> <> <> <> <PRP> <> <> <> <> <> <> (27 )
<> <> <> <> <PRP$> <> <> <> <> <> <> (1 3 12 13 27 )
<> <> <> <> <RB> <> <> <> <> <> <> (16 17 18 29 31 )
<> <> <> <> <RP> <> <> <> <> <> <> (29 )
<> <> <> <> <TO> <> <> <> <> <> <> (3 10 11 12 25 27 )
<> <> <> <> <VB> <> <> <> <> <> <> (11 25 27 )
<> <> <> <> <VBD> <> <> <> <> <> <> (0 5 7 9 12 13 18 23 27 29 31 )
<> <> <> <> <VBG> <> <> <> <> <> <> (7 20 22 27 28 29 31 )
<> <> <> <> <VBN> <> <> <> <> <> <> (2 4 16 26 27 29 )
<> <> <> <> <VBP> <> <> <> <> <> <> (16 )
<> <> <> <> <VBZ> <> <> <> <> <> <> (2 4 14 22 26 29 )
<> <> <> <> <WDT> <> <> <> <> <> <> (11 14 16 18 )
<> <> <> <> <WP> <> <> <> <> <> <> (0 12 29 )
<> <> <> <> <WP$> <> <> <> <> <> <> (29 )
<> <> <> <> <``> <> <> <> <> <> <> (11 13 29 )
<> <> <> <> <> <''> <> <> <> <> <> (11 13 29 )
<> <> <> <> <> <,> <> <> <> <> <> (2 3 4 5 7 8 11 12 14 15 16 18 19 20 22 27 29 )
<> <> <> <> <> <-LRB-> <> <> <> <> <> (24 )
<> <> <> <> <> <-RRB-> <> <> <> <> <> (0 2 4 5 12 22 24 )
<> <> <> <> <> <:> <> <> <> <> <> (0 5 12 31 )
<> <> <> <> <> <CC> <> <> <> <> <> (0 2 3 4 5 7 8 10 12 13 14 20 22 25 26 27 29 30 31 32 )
<> <> <> <> <> <CD> <> <> <> <> <> (0 2 4 5 10 12 13 15 20 27 29 30 31 )
<> <> <> <> <> <DT> <> <> <> <> <> (0 2 3 4 5 8 10 11 12 13 14 15 17 18 19 22 23 25 27 29 30 31 32 )
<> <> <> <> <> <IN> <> <> <> <> <> (0 1 2 3 4 5 6 7 8 10 11 12 13 14 15 16 17 18 20 22 26 27 29 30 31 32 )
<> <> <> <> <> <JJ> <> <> <> <> <> (0 2 3 4 5 6 8 9 12 14 15 22 25 27 29 31 32 )
<> <> <> <> <> <JJS> <> <> <> <> <> (31 )
<> <> <> <> <> <MD> <> <> <> <> <> (11 )
<> <> <> <> <> <NN> <> <> <> <> <> (0 1 2 3 4 5 6 7 8 10 11 12 13 14 15 16 18 22 25 26 27 28 29 30 31 32 )
<> <> <> <> <> <NNP> <> <> <> <> <> (0 2 3 4 5 7 8 11 12 13 14 15 16 18 19 20 21 22 24 26 27 29 30 31 32 )
<> <> <> <> <> <NNPS> <> <> <> <> <> (29 )
<> <> <> <> <> <NNS> <> <> <> <> <> (0 3 7 8 10 12 15 18 20 22 27 32 )
<> <> <> <> <> <POS> <> <> <> <> <> (3 )
<> <> <> <> <> <PRP> <> <> <> <> <> (27 )
<> <> <> <> <> <PRP$> <> <> <> <> <> (1 3 12 13 27 )
<> <> <> <> <> <RB> <> <> <> <> <> (16 17 18 26 29 31 )
<> <> <> <> <> <RBS> <> <> <> <> <> (3 )
<> <> <> <> <> <RP> <> <> <> <> <> (29 )
<> <> <> <> <> <TO> <> <> <> <> <> (3 11 12 25 27 31 )
<> <> <> <> <> <VB> <> <> <> <> <> (11 25 27 )
<> <> <> <> <> <VBD> <> <> <> <> <> (0 5 7 9 10 12 13 18 27 29 31 )
<> <> <> <> <> <VBG> <> <> <> <> <> (7 20 22 27 28 29 31 )
<> <> <> <> <> <VBN> <> <> <> <> <> (2 16 27 29 )
<> <> <> <> <> <VBZ> <> <> <> <> <> (2 4 14 16 22 26 29 )
<> <> <> <> <> <WDT> <> <> <> <> <> (11 14 16 18 )
<> <> <> <> <> <WP> <> <> <> <> <> (0 12 29 )
<> <> <> <> <> <WP$> <> <> <> <> <> (29 )
<> <> <> <> <> <``> <> <> <> <> <> (11 13 29 )
<> <> <> <> <> <> <''> <> <> <> <> (11 13 29 )
<> <> <> <> <> <> <,> <> <> <> <> (2 3 4 5 8 11 12 14 15 16 18 19 20 22 24 27 29 )
<> <> <> <> <> <> <-LRB-> <> <> <> <> (24 )
<> <> <> <> <> <> <-RRB-> <> <> <> <> (0 2 4 5 12 24 )
<> <> <> <> <> <> <:> <> <> <> <> (0 5 12 31 )
<> <> <> <> <> <> <CC> <> <> <> <> (0 2 3 4 5 7 8 10 12 13 14 20 21 22 25 26 27 29 30 31 32 )
<> <> <> <> <> <> <CD> <> <> <> <> (0 2 4 5 10 12 13 20 27 29 30 31 )
<> <> <> <> <> <> <DT> <> <> <> <> (0 2 3 4 5 11 12 13 14 15 17 18 19 22 25 26 27 29 30 31 32 )
<> <> <> <> <> <> <IN> <> <> <> <> (0 1 2 3 4 5 6 7 8 10 11 12 13 14 15 16 17 18 20 22 27 28 29 30 31 32 )
<> <> <> <> <> <> <JJ> <> <> <> <> (0 2 3 4 5 8 9 12 14 15 17 22 25 27 29 31 32 )
<> <> <> <> <> <> <JJS> <> <> <> <> (31 )
<> <> <> <> <> <> <MD> <> <> <> <> (11 )
<> <> <> <> <> <> <NN> <> <> <> <> (0 1 2 3 4 5 6 7 8 9 10 11 12 13 14 15 16 18 19 20 22 23 25 26 27 28 29 30 31 32 )
<> <> <> <> <> <> <NNP> <> <> <> <> (0 2 3 4 5 7 8 11 12 13 14 15 16 18 19 20 22 24 26 27 29 30 31 32 )
<> <> <> <> <> <> <NNPS> <> <> <> <> (29 )
<> <> <> <> <> <> <NNS> <> <> <> <> (0 3 7 8 10 12 15 18 20 22 27 32 )
<> <> <> <> <> <> <POS> <> <> <> <> (3 )
<> <> <> <> <> <> <PRP> <> <> <> <> (27 )
<> <> <> <> <> <> <PRP$> <> <> <> <> (1 12 13 27 )
<> <> <> <> <> <> <RB> <> <> <> <> (3 16 17 18 26 29 31 )
<> <> <> <> <> <> <RBS> <> <> <> <> (3 )
<> <> <> <> <> <> <RP> <> <> <> <> (29 )
<> <> <> <> <> <> <TO> <> <> <> <> (3 11 12 25 27 31 )
<> <> <> <> <> <> <VB> <> <> <> <> (11 25 27 )
<> <> <> <> <> <> <VBD> <> <> <> <> (0 5 7 10 12 13 18 27 29 31 )
<> <> <> <> <> <> <VBG> <> <> <> <> (7 20 22 27 29 31 )
<> <> <> <> <> <> <VBN> <> <> <> <> (2 16 27 29 )
<> <> <> <> <> <> <VBZ> <> <> <> <> (2 4 14 16 22 26 29 )
<> <> <> <> <> <> <WDT> <> <> <> <> (11 14 16 18 )
<> <> <> <> <> <> <WP> <> <> <> <> (0 12 29 )
<> <> <> <> <> <> <WP$> <> <> <> <> (29 )
<> <> <> <> <> <> <``> <> <> <> <> (6 11 13 29 )
<> <> <> <> <> <> <> <''> <> <> <> (11 13 29 )
<> <> <> <> <> <> <> <,> <> <> <> (2 3 4 5 8 11 12 14 15 16 18 19 20 22 24 27 29 )
<> <> <> <> <> <> <> <-LRB-> <> <> <> (12 25 )
<> <> <> <> <> <> <> <-RRB-> <> <> <> (0 2 4 5 12 24 )
<> <> <> <> <> <> <> <:> <> <> <> (5 12 31 )
<> <> <> <> <> <> <> <CC> <> <> <> (0 2 3 4 5 7 8 9 10 12 13 14 20 22 25 26 27 29 30 31 32 )
<> <> <> <> <> <> <> <CD> <> <> <> (0 2 4 5 10 12 13 20 27 29 30 31 )
<> <> <> <> <> <> <> <DT> <> <> <> (0 1 2 3 4 5 11 12 13 14 15 16 17 18 19 22 24 25 26 27 29 30 31 32 )
<> <> <> <> <> <> <> <IN> <> <> <> (0 1 2 3 4 5 6 7 8 10 11 12 13 14 15 16 17 18 19 20 22 23 27 28 29 30 31 32 )
<> <> <> <> <> <> <> <JJ> <> <> <> (0 2 4 5 6 8 12 14 15 17 22 25 27 29 31 32 )
<> <> <> <> <> <> <> <JJS> <> <> <> (31 )
<> <> <> <> <> <> <> <MD> <> <> <> (11 )
<> <> <> <> <> <> <> <NN> <> <> <> (0 1 2 3 4 5 7 8 9 11 12 13 14 15 16 17 18 19 20 22 25 26 27 28 29 30 31 32 )
<> <> <> <> <> <> <> <NNP> <> <> <> (0 2 3 4 5 8 11 12 13 14 15 16 18 20 22 24 26 27 29 30 31 32 )
<> <> <> <> <> <> <> <NNPS> <> <> <> (29 )
<> <> <> <> <> <> <> <NNS> <> <> <> (0 3 7 8 10 12 15 18 20 22 27 32 )
<> <> <> <> <> <> <> <POS> <> <> <> (3 )
<> <> <> <> <> <> <> <PRP> <> <> <> (27 )
<> <> <> <> <> <> <> <PRP$> <> <> <> (1 12 13 27 )
<> <> <> <> <> <> <> <RB> <> <> <> (3 16 18 26 29 31 )
<> <> <> <> <> <> <> <RBS> <> <> <> (3 )
<> <> <> <> <> <> <> <RP> <> <> <> (29 )
<> <> <> <> <> <> <> <TO> <> <> <> (3 7 11 12 25 27 31 )
<> <> <> <> <> <> <> <VB> <> <> <> (11 25 27 )
<> <> <> <> <> <> <> <VBD> <> <> <> (0 5 7 10 12 13 18 27 29 31 )
<> <> <> <> <> <> <> <VBG> <> <> <> (7 20 22 27 28 29 31 )
<> <> <> <> <> <> <> <VBN> <> <> <> (2 3 27 29 )
<> <> <> <> <> <> <> <VBZ> <> <> <> (2 4 14 16 21 26 29 )
<> <> <> <> <> <> <> <WDT> <> <> <> (11 14 16 18 )
<> <> <> <> <> <> <> <WP> <> <> <> (0 12 29 )
<> <> <> <> <> <> <> <WP$> <> <> <> (29 )
<> <> <> <> <> <> <> <``> <> <> <> (6 11 13 29 )
<> <> <> <> <> <> <> <> <''> <> <> (13 29 )
<> <> <> <> <> <> <> <> <,> <> <> (2 3 4 5 8 11 12 14 15 16 18 20 22 24 27 29 )
<> <> <> <> <> <> <> <> <-LRB-> <> <> (12 25 )
<> <> <> <> <> <> <> <> <-RRB-> <> <> (0 2 4 5 12 24 )
<> <> <> <> <> <> <> <> <:> <> <> (31 )
<> <> <> <> <> <> <> <> <CC> <> <> (0 2 3 4 5 7 8 9 10 12 13 14 20 22 25 26 27 29 30 31 32 )
<> <> <> <> <> <> <> <> <CD> <> <> (0 2 4 5 10 12 13 20 27 29 30 31 )
<> <> <> <> <> <> <> <> <DT> <> <> (0 1 2 3 4 5 11 12 13 14 15 16 17 18 19 24 25 26 27 29 30 31 32 )
<> <> <> <> <> <> <> <> <IN> <> <> (0 1 2 3 4 5 7 8 10 11 12 13 14 15 16 17 18 19 20 21 22 26 27 28 29 30 31 32 )
<> <> <> <> <> <> <> <> <JJ> <> <> (0 1 2 4 5 6 8 9 10 12 14 15 17 22 24 25 27 29 31 32 )
<> <> <> <> <> <> <> <> <JJS> <> <> (31 )
<> <> <> <> <> <> <> <> <MD> <> <> (11 )
<> <> <> <> <> <> <> <> <NN> <> <> (0 1 2 3 4 5 6 7 8 11 12 13 14 15 16 17 18 19 20 22 23 25 26 27 29 30 31 32 )
<> <> <> <> <> <> <> <> <NNP> <> <> (0 2 3 4 5 8 11 12 13 14 15 16 18 20 22 25 26 27 28 29 30 31 32 )
<> <> <> <> <> <> <> <> <NNPS> <> <> (29 )
<> <> <> <> <> <> <> <> <NNS> <> <> (0 3 7 8 10 12 18 20 22 27 32 )
<> <> <> <> <> <> <> <> <POS> <> <> (3 )
<> <> <> <> <> <> <> <> <PRP> <> <> (27 )
<> <> <> <> <> <> <> <> <PRP$> <> <> (1 12 13 27 )
<> <> <> <> <> <> <> <> <RB> <> <> (3 16 18 26 29 31 )
<> <> <> <> <> <> <> <> <RBS> <> <> (3 )
<> <> <> <> <> <> <> <> <RP> <> <> (29 )
<> <> <> <> <> <> <> <> <TO> <> <> (3 7 11 12 27 31 )
<> <> <> <> <> <> <> <> <VB> <> <> (11 25 27 )
<> <> <> <> <> <> <> <> <VBD> <> <> (0 5 10 12 13 18 27 29 31 )
<> <> <> <> <> <> <> <> <VBG> <> <> (3 7 16 20 22 27 28 29 31 )
<> <> <> <> <> <> <> <> <VBN> <> <> (2 3 27 29 )
<> <> <> <> <> <> <> <> <VBZ> <> <> (2 4 14 16 26 29 )
<> <> <> <> <> <> <> <> <WDT> <> <> (11 14 16 18 )
<> <> <> <> <> <> <> <> <WP> <> <> (0 12 29 )
<> <> <> <> <> <> <> <> <WP$> <> <> (29 )
<> <> <> <> <> <> <> <> <``> <> <> (6 11 13 29 )
<> <> <> <> <> <> <> <> <> <''> <> (13 29 )
<> <> <> <> <> <> <> <> <> <,> <> (2 3 4 5 8 12 14 15 16 18 20 22 24 27 29 )
<> <> <> <> <> <> <> <> <> <-LRB-> <> (12 25 )
<> <> <> <> <> <> <> <> <> <-RRB-> <> (0 2 5 12 25 )
<> <> <> <> <> <> <> <> <> <.> <> (6 11 )
<> <> <> <> <> <> <> <> <> <:> <> (31 )
<> <> <> <> <> <> <> <> <> <CC> <> (0 2 3 4 5 7 8 10 12 13 14 20 22 25 26 27 29 30 31 32 )
<> <> <> <> <> <> <> <> <> <CD> <> (0 2 4 5 10 12 13 20 27 29 30 31 )
<> <> <> <> <> <> <> <> <> <DT> <> (0 1 2 3 4 5 11 12 13 14 15 16 18 19 24 25 26 27 29 30 31 32 )
<> <> <> <> <> <> <> <> <> <IN> <> (0 1 2 3 4 5 7 8 10 11 12 13 14 15 16 17 18 19 20 22 26 27 29 30 31 32 )
<> <> <> <> <> <> <> <> <> <JJ> <> (0 1 2 4 5 6 8 9 10 12 14 15 17 22 24 25 27 29 31 32 )
<> <> <> <> <> <> <> <> <> <MD> <> (11 )
<> <> <> <> <> <> <> <> <> <NN> <> (0 1 2 3 4 5 6 7 8 9 11 12 13 14 15 16 17 18 19 20 22 23 24 25 26 27 29 30 31 32 )
<> <> <> <> <> <> <> <> <> <NNP> <> (2 3 4 5 8 11 12 13 14 15 16 17 18 20 21 22 25 26 27 28 29 30 31 32 )
<> <> <> <> <> <> <> <> <> <NNPS> <> (29 )
<> <> <> <> <> <> <> <> <> <NNS> <> (0 3 7 8 10 12 18 19 20 22 27 31 32 )
<> <> <> <> <> <> <> <> <> <POS> <> (3 )
<> <> <> <> <> <> <> <> <> <PRP> <> (27 )
<> <> <> <> <> <> <> <> <> <PRP$> <> (12 13 27 )
<> <> <> <> <> <> <> <> <> <RB> <> (3 16 18 26 29 31 )
<> <> <> <> <> <> <> <> <> <RBS> <> (3 )
<> <> <> <> <> <> <> <> <> <RP> <> (29 )
<> <> <> <> <> <> <> <> <> <TO> <> (7 11 12 27 31 )
<> <> <> <> <> <> <> <> <> <VB> <> (11 27 )
<> <> <> <> <> <> <> <> <> <VBD> <> (0 5 10 12 13 18 27 29 31 )
<> <> <> <> <> <> <> <> <> <VBG> <> (3 16 20 22 27 28 29 31 )
<> <> <> <> <> <> <> <> <> <VBN> <> (2 3 27 29 )
<> <> <> <> <> <> <> <> <> <VBZ> <> (2 4 14 16 26 29 )
<> <> <> <> <> <> <> <> <> <WDT> <> (11 14 16 18 )
<> <> <> <> <> <> <> <> <> <WP> <> (0 12 29 )
<> <> <> <> <> <> <> <> <> <WP$> <> (29 )
<> <> <> <> <> <> <> <> <> <``> <> (11 13 )
<> <> <> <> <> <> <> <> <> <> <''> (6 11 )
<> <> <> <> <> <> <> <> <> <> <.> (0 1 2 3 4 5 7 8 9 10 12 13 14 15 16 17 18 19 20 21 22 23 24 25 26 27 28 29 30 31 32 )
<> <> <> <> <> <> <> <> <> <> <> (0 1 2 3 4 5 6 7 8 9 10 11 12 13 14 15 16 17 18 19 20 22 24 25 26 27 28 29 30 31 32 )
}}}
{{{ div: 3 patterns
<> <> <,> <> <> <> <> <> <> <> <> (2 3 4 5 7 8 11 12 14 15 16 18 20 22 25 27 29)
<> <> <> <> <> <> <``> <> <> <> <> (6 11 13 29)
<> <> <> <> <> <> <> <> <> <> <.> (0 1 2 3 4 5 7 8 9 10 12 13 14 15 16 17 18 19 20 21 22 23 24 25 26 27 28 29 30 31 32)
}}}

# division of <> was/VBD <> <> <> <> <NN> <> ``/`` <> <> ./. ''/'', 6 11
{{{ cspc: 32 patterns
<PRP> was/VBD <> <> <> <> <NN> <> ``/`` <> <> ./. ''/'' (6 )
<> was/VBD <DT> <> <> <> <NN> <> ``/`` <> <> ./. ''/'' (6 )
<> was/VBD <VBN> <> <> <> <NN> <> ``/`` <> <> ./. ''/'' (11 )
<> was/VBD <> <''> <> <> <NN> <> ``/`` <> <> ./. ''/'' (11 )
<> was/VBD <> <,> <> <> <NN> <> ``/`` <> <> ./. ''/'' (11 )
<> was/VBD <> <DT> <> <> <NN> <> ``/`` <> <> ./. ''/'' (11 )
<> was/VBD <> <JJ> <> <> <NN> <> ``/`` <> <> ./. ''/'' (6 )
<> was/VBD <> <MD> <> <> <NN> <> ``/`` <> <> ./. ''/'' (11 )
<> was/VBD <> <NN> <> <> <NN> <> ``/`` <> <> ./. ''/'' (11 )
<> was/VBD <> <VB> <> <> <NN> <> ``/`` <> <> ./. ''/'' (11 )
<> was/VBD <> <WDT> <> <> <NN> <> ``/`` <> <> ./. ''/'' (11 )
<> was/VBD <> <``> <> <> <NN> <> ``/`` <> <> ./. ''/'' (11 )
<> was/VBD <> <> <''> <> <NN> <> ``/`` <> <> ./. ''/'' (11 )
<> was/VBD <> <> <,> <> <NN> <> ``/`` <> <> ./. ''/'' (11 )
<> was/VBD <> <> <CC> <> <NN> <> ``/`` <> <> ./. ''/'' (6 )
<> was/VBD <> <> <DT> <> <NN> <> ``/`` <> <> ./. ''/'' (11 )
<> was/VBD <> <> <MD> <> <NN> <> ``/`` <> <> ./. ''/'' (11 )
<> was/VBD <> <> <NN> <> <NN> <> ``/`` <> <> ./. ''/'' (11 )
<> was/VBD <> <> <TO> <> <NN> <> ``/`` <> <> ./. ''/'' (11 )
<> was/VBD <> <> <VB> <> <NN> <> ``/`` <> <> ./. ''/'' (11 )
<> was/VBD <> <> <WDT> <> <NN> <> ``/`` <> <> ./. ''/'' (11 )
<> was/VBD <> <> <``> <> <NN> <> ``/`` <> <> ./. ''/'' (11 )
<> was/VBD <> <> <> <DT> <NN> <> ``/`` <> <> ./. ''/'' (11 )
<> was/VBD <> <> <> <JJ> <NN> <> ``/`` <> <> ./. ''/'' (6 )
<> was/VBD <> <> <> <> proponent/NN <> ``/`` <> <> ./. ''/'' (6 )
<> was/VBD <> <> <> <> term/NN <> ``/`` <> <> ./. ''/'' (11 )
<> was/VBD <> <> <> <> concept/NN <> ``/`` <> <> ./. ''/'' (11 )
<> was/VBD <> <> <> <> concept/NN <> ``/`` <NNP> <> ./. ''/'' (11 )
<> was/VBD <> <> <> <> concept/NN <> ``/`` <> <NNP> ./. ''/'' (11 )
<> was/VBD <> <> <> <> concept/NN <> ``/`` <> <> ./. ''/'' (11 )
<> was/VBD <> <> <> <> concept/NN <> ``/`` <> <> ./. ''/'' (11 )
<> was/VBD <> <> <> <> concept/NN <> ``/`` <> <> ./. ''/'' (11 )
}}}
{{{ div: 2 patterns
<> was/VBD <> <''> <> <> <NN> <> ``/`` <> <> ./. ''/'' (11)
<> was/VBD <> <> <CC> <> <NN> <> ``/`` <> <> ./. ''/'' (6)
}}}

# division of <> <> <> <> <> <> <> <> <> <> ./., 0 1 2 3 4 5 7 8 9 10 12 13 14 15 16 17 18 19 20 21 22 23 24 25 26 27 28 29 30 31 32
{{{ cspc: 261 patterns
<DT> <> <> <> <> <> <> <> <> <> ./. (8 30 )
<IN> <> <> <> <> <> <> <> <> <> ./. (7 24 27 )
<JJ> <> <> <> <> <> <> <> <> <> ./. (16 )
<NN> <> <> <> <> <> <> <> <> <> ./. (17 )
<NNP> <> <> <> <> <> <> <> <> <> ./. (0 2 4 5 10 12 14 15 19 20 22 28 29 32 )
<PRP> <> <> <> <> <> <> <> <> <> ./. (1 3 13 18 21 25 26 31 )
<PRP$> <> <> <> <> <> <> <> <> <> ./. (9 23 )
<> <''> <> <> <> <> <> <> <> <> ./. (13 29 )
<> <,> <> <> <> <> <> <> <> <> ./. (2 3 4 7 8 12 14 16 18 20 22 25 27 29 )
<> <-LRB-> <> <> <> <> <> <> <> <> ./. (0 2 4 5 12 22 )
<> <-RRB-> <> <> <> <> <> <> <> <> ./. (0 2 4 5 12 22 )
<> <:> <> <> <> <> <> <> <> <> ./. (0 5 12 31 )
<> <CC> <> <> <> <> <> <> <> <> ./. (0 2 3 12 13 14 16 20 22 26 27 29 31 32 )
<> <CD> <> <> <> <> <> <> <> <> ./. (0 2 4 5 10 12 13 15 20 22 23 24 27 29 31 )
<> <DT> <> <> <> <> <> <> <> <> ./. (0 1 2 3 4 5 7 8 10 12 13 14 15 18 20 22 25 27 29 30 31 32 )
<> <IN> <> <> <> <> <> <> <> <> ./. (0 1 3 4 8 10 12 13 14 15 16 18 19 20 22 26 27 29 30 31 32 )
<> <JJ> <> <> <> <> <> <> <> <> ./. (0 2 3 4 5 8 12 13 14 15 16 22 25 27 29 31 )
<> <JJS> <> <> <> <> <> <> <> <> ./. (31 )
<> <NN> <> <> <> <> <> <> <> <> ./. (0 2 3 4 5 7 8 9 10 12 13 14 16 17 18 19 22 24 25 26 27 29 30 31 32 )
<> <NNP> <> <> <> <> <> <> <> <> ./. (0 1 2 3 4 5 7 8 12 13 14 15 16 18 20 22 25 26 27 29 30 31 32 )
<> <NNPS> <> <> <> <> <> <> <> <> ./. (29 )
<> <NNS> <> <> <> <> <> <> <> <> ./. (0 3 7 10 12 15 16 17 18 19 22 27 32 )
<> <POS> <> <> <> <> <> <> <> <> ./. (32 )
<> <PRP> <> <> <> <> <> <> <> <> ./. (24 27 )
<> <PRP$> <> <> <> <> <> <> <> <> ./. (3 10 12 13 27 )
<> <RB> <> <> <> <> <> <> <> <> ./. (3 16 18 29 31 )
<> <RP> <> <> <> <> <> <> <> <> ./. (29 )
<> <TO> <> <> <> <> <> <> <> <> ./. (3 10 12 25 27 )
<> <VB> <> <> <> <> <> <> <> <> ./. (25 27 )
<> <VBD> <> <> <> <> <> <> <> <> ./. (0 1 5 7 8 10 12 13 15 17 18 19 20 24 25 27 29 30 31 )
<> <VBG> <> <> <> <> <> <> <> <> ./. (7 20 22 27 29 31 )
<> <VBN> <> <> <> <> <> <> <> <> ./. (2 3 4 16 22 26 28 29 30 )
<> <VBP> <> <> <> <> <> <> <> <> ./. (16 )
<> <VBZ> <> <> <> <> <> <> <> <> ./. (2 3 4 14 21 22 26 28 29 32 )
<> <WDT> <> <> <> <> <> <> <> <> ./. (14 18 )
<> <WP> <> <> <> <> <> <> <> <> ./. (0 12 29 )
<> <WP$> <> <> <> <> <> <> <> <> ./. (29 )
<> <``> <> <> <> <> <> <> <> <> ./. (13 29 )
<> <> <''> <> <> <> <> <> <> <> ./. (13 29 )
<> <> <,> <> <> <> <> <> <> <> ./. (2 3 4 5 7 8 12 14 15 16 18 20 22 25 27 29 )
<> <> <-LRB-> <> <> <> <> <> <> <> ./. (0 2 4 5 12 22 )
<> <> <-RRB-> <> <> <> <> <> <> <> ./. (0 2 4 5 12 22 )
<> <> <:> <> <> <> <> <> <> <> ./. (0 5 12 31 )
<> <> <CC> <> <> <> <> <> <> <> ./. (0 2 3 8 10 12 13 14 20 22 26 27 29 31 32 )
<> <> <CD> <> <> <> <> <> <> <> ./. (0 2 4 5 10 12 13 15 20 22 27 29 31 )
<> <> <DT> <> <> <> <> <> <> <> ./. (0 1 2 3 4 5 8 10 12 13 14 15 18 20 22 25 27 29 30 31 32 )
<> <> <IN> <> <> <> <> <> <> <> ./. (0 1 3 4 7 8 10 12 13 14 15 16 18 19 20 21 22 26 27 28 29 30 31 32 )
<> <> <JJ> <> <> <> <> <> <> <> ./. (0 2 3 4 5 8 12 13 14 15 16 22 25 27 29 31 )
<> <> <JJS> <> <> <> <> <> <> <> ./. (31 )
<> <> <NN> <> <> <> <> <> <> <> ./. (0 1 2 3 4 5 7 8 9 10 12 13 14 16 17 18 19 22 23 24 25 26 27 29 30 31 32 )
<> <> <NNP> <> <> <> <> <> <> <> ./. (0 1 2 3 4 5 7 8 12 13 14 15 16 18 19 20 22 24 25 26 27 29 30 31 32 )
<> <> <NNPS> <> <> <> <> <> <> <> ./. (29 )
<> <> <NNS> <> <> <> <> <> <> <> ./. (0 3 7 10 12 15 16 17 18 19 22 27 32 )
<> <> <POS> <> <> <> <> <> <> <> ./. (32 )
<> <> <PRP> <> <> <> <> <> <> <> ./. (24 27 )
<> <> <PRP$> <> <> <> <> <> <> <> ./. (3 10 12 13 27 )
<> <> <RB> <> <> <> <> <> <> <> ./. (3 16 17 18 29 31 )
<> <> <RP> <> <> <> <> <> <> <> ./. (29 )
<> <> <TO> <> <> <> <> <> <> <> ./. (3 10 12 25 27 )
<> <> <VB> <> <> <> <> <> <> <> ./. (25 27 )
<> <> <VBD> <> <> <> <> <> <> <> ./. (0 5 7 12 13 18 24 27 29 30 31 )
<> <> <VBG> <> <> <> <> <> <> <> ./. (7 20 22 27 29 31 )
<> <> <VBN> <> <> <> <> <> <> <> ./. (2 3 4 16 22 26 27 28 29 30 )
<> <> <VBP> <> <> <> <> <> <> <> ./. (16 )
<> <> <VBZ> <> <> <> <> <> <> <> ./. (2 4 14 22 29 )
<> <> <WDT> <> <> <> <> <> <> <> ./. (14 18 )
<> <> <WP> <> <> <> <> <> <> <> ./. (0 12 29 )
<> <> <WP$> <> <> <> <> <> <> <> ./. (29 )
<> <> <``> <> <> <> <> <> <> <> ./. (13 29 )
<> <> <> <''> <> <> <> <> <> <> ./. (13 29 )
<> <> <> <,> <> <> <> <> <> <> ./. (2 3 4 5 7 8 12 14 15 16 18 20 22 25 27 29 )
<> <> <> <-LRB-> <> <> <> <> <> <> ./. (2 4 5 24 )
<> <> <> <-RRB-> <> <> <> <> <> <> ./. (0 2 4 5 12 22 )
<> <> <> <:> <> <> <> <> <> <> ./. (0 5 12 31 )
<> <> <> <CC> <> <> <> <> <> <> ./. (0 2 3 4 5 8 10 12 13 14 20 22 25 26 27 29 31 32 )
<> <> <> <CD> <> <> <> <> <> <> ./. (0 2 4 5 10 12 13 15 20 22 27 29 30 31 )
<> <> <> <DT> <> <> <> <> <> <> ./. (0 2 3 4 5 8 10 12 13 14 15 18 22 25 27 29 30 31 32 )
<> <> <> <IN> <> <> <> <> <> <> ./. (0 1 3 4 7 8 10 12 13 14 15 16 18 19 20 22 26 27 28 29 30 31 32 )
<> <> <> <JJ> <> <> <> <> <> <> ./. (0 2 3 4 5 8 12 14 15 22 25 27 29 31 32 )
<> <> <> <JJS> <> <> <> <> <> <> ./. (31 )
<> <> <> <NN> <> <> <> <> <> <> ./. (0 1 2 3 4 5 7 8 9 10 12 13 14 16 17 18 22 23 24 25 26 27 29 30 31 32 )
<> <> <> <NNP> <> <> <> <> <> <> ./. (0 1 2 3 4 5 7 8 12 13 14 15 16 18 19 20 21 22 24 26 27 29 30 31 32 )
<> <> <> <NNPS> <> <> <> <> <> <> ./. (29 )
<> <> <> <NNS> <> <> <> <> <> <> ./. (0 3 7 8 10 12 15 16 17 18 19 22 27 32 )
<> <> <> <POS> <> <> <> <> <> <> ./. (32 )
<> <> <> <PRP> <> <> <> <> <> <> ./. (27 )
<> <> <> <PRP$> <> <> <> <> <> <> ./. (3 12 13 27 )
<> <> <> <RB> <> <> <> <> <> <> ./. (16 17 18 29 31 )
<> <> <> <RP> <> <> <> <> <> <> ./. (29 )
<> <> <> <TO> <> <> <> <> <> <> ./. (3 10 12 25 27 )
<> <> <> <VB> <> <> <> <> <> <> ./. (25 27 )
<> <> <> <VBD> <> <> <> <> <> <> ./. (0 5 7 12 13 18 24 27 29 31 )
<> <> <> <VBG> <> <> <> <> <> <> ./. (7 20 22 27 28 29 31 )
<> <> <> <VBN> <> <> <> <> <> <> ./. (2 3 4 16 22 26 27 28 29 30 )
<> <> <> <VBP> <> <> <> <> <> <> ./. (16 )
<> <> <> <VBZ> <> <> <> <> <> <> ./. (2 4 14 22 29 )
<> <> <> <WDT> <> <> <> <> <> <> ./. (14 16 18 )
<> <> <> <WP> <> <> <> <> <> <> ./. (0 12 29 )
<> <> <> <WP$> <> <> <> <> <> <> ./. (29 )
<> <> <> <``> <> <> <> <> <> <> ./. (13 29 )
<> <> <> <> <''> <> <> <> <> <> ./. (13 29 )
<> <> <> <> <,> <> <> <> <> <> ./. (2 3 4 5 7 8 12 14 15 16 18 19 20 21 22 27 29 )
<> <> <> <> <-LRB-> <> <> <> <> <> ./. (2 24 )
<> <> <> <> <-RRB-> <> <> <> <> <> ./. (0 2 4 5 12 22 )
<> <> <> <> <:> <> <> <> <> <> ./. (0 5 12 31 )
<> <> <> <> <CC> <> <> <> <> <> ./. (0 2 3 4 5 7 8 10 12 13 14 20 22 25 26 27 29 30 31 32 )
<> <> <> <> <CD> <> <> <> <> <> ./. (0 2 4 5 10 12 13 15 20 22 27 29 30 31 )
<> <> <> <> <DT> <> <> <> <> <> ./. (0 2 3 4 5 8 10 12 13 14 15 18 22 25 27 29 30 31 32 )
<> <> <> <> <IN> <> <> <> <> <> ./. (0 1 3 4 7 8 10 12 13 14 15 16 17 18 19 20 22 26 27 28 29 30 31 32 )
<> <> <> <> <JJ> <> <> <> <> <> ./. (0 2 3 4 5 8 12 14 15 22 25 27 29 31 32 )
<> <> <> <> <JJS> <> <> <> <> <> ./. (31 )
<> <> <> <> <NN> <> <> <> <> <> ./. (0 1 2 3 4 5 7 8 9 10 12 13 14 15 16 18 22 24 25 26 27 28 29 30 31 32 )
<> <> <> <> <NNP> <> <> <> <> <> ./. (0 1 2 3 4 5 7 8 12 13 14 15 16 18 19 20 22 24 26 27 29 30 31 32 )
<> <> <> <> <NNPS> <> <> <> <> <> ./. (29 )
<> <> <> <> <NNS> <> <> <> <> <> ./. (0 3 7 8 10 12 15 17 18 20 22 27 32 )
<> <> <> <> <POS> <> <> <> <> <> ./. (3 32 )
<> <> <> <> <PRP> <> <> <> <> <> ./. (27 )
<> <> <> <> <PRP$> <> <> <> <> <> ./. (1 3 12 13 27 )
<> <> <> <> <RB> <> <> <> <> <> ./. (16 17 18 29 31 )
<> <> <> <> <RP> <> <> <> <> <> ./. (29 )
<> <> <> <> <TO> <> <> <> <> <> ./. (3 10 12 25 27 )
<> <> <> <> <VB> <> <> <> <> <> ./. (25 27 )
<> <> <> <> <VBD> <> <> <> <> <> ./. (0 5 7 9 12 13 18 23 27 29 31 )
<> <> <> <> <VBG> <> <> <> <> <> ./. (7 20 22 27 28 29 31 )
<> <> <> <> <VBN> <> <> <> <> <> ./. (2 4 16 26 27 29 )
<> <> <> <> <VBP> <> <> <> <> <> ./. (16 )
<> <> <> <> <VBZ> <> <> <> <> <> ./. (2 4 14 22 26 29 )
<> <> <> <> <WDT> <> <> <> <> <> ./. (14 16 18 )
<> <> <> <> <WP> <> <> <> <> <> ./. (0 12 29 )
<> <> <> <> <WP$> <> <> <> <> <> ./. (29 )
<> <> <> <> <``> <> <> <> <> <> ./. (13 29 )
<> <> <> <> <> <''> <> <> <> <> ./. (13 29 )
<> <> <> <> <> <,> <> <> <> <> ./. (2 3 4 5 7 8 12 14 15 16 18 19 20 22 27 29 )
<> <> <> <> <> <-LRB-> <> <> <> <> ./. (24 )
<> <> <> <> <> <-RRB-> <> <> <> <> ./. (0 2 4 5 12 22 24 )
<> <> <> <> <> <:> <> <> <> <> ./. (0 5 12 31 )
<> <> <> <> <> <CC> <> <> <> <> ./. (0 2 3 4 5 7 8 10 12 13 14 20 22 25 26 27 29 30 31 32 )
<> <> <> <> <> <CD> <> <> <> <> ./. (0 2 4 5 10 12 13 15 20 27 29 30 31 )
<> <> <> <> <> <DT> <> <> <> <> ./. (0 2 3 4 5 8 10 12 13 14 15 17 18 19 22 23 25 27 29 30 31 32 )
<> <> <> <> <> <IN> <> <> <> <> ./. (0 1 2 3 4 5 7 8 10 12 13 14 15 16 17 18 20 22 26 27 29 30 31 32 )
<> <> <> <> <> <JJ> <> <> <> <> ./. (0 2 3 4 5 8 9 12 14 15 22 25 27 29 31 32 )
<> <> <> <> <> <JJS> <> <> <> <> ./. (31 )
<> <> <> <> <> <NN> <> <> <> <> ./. (0 1 2 3 4 5 7 8 10 12 13 14 15 16 18 22 25 26 27 28 29 30 31 32 )
<> <> <> <> <> <NNP> <> <> <> <> ./. (0 2 3 4 5 7 8 12 13 14 15 16 18 19 20 21 22 24 26 27 29 30 31 32 )
<> <> <> <> <> <NNPS> <> <> <> <> ./. (29 )
<> <> <> <> <> <NNS> <> <> <> <> ./. (0 3 7 8 10 12 15 18 20 22 27 32 )
<> <> <> <> <> <POS> <> <> <> <> ./. (3 )
<> <> <> <> <> <PRP> <> <> <> <> ./. (27 )
<> <> <> <> <> <PRP$> <> <> <> <> ./. (1 3 12 13 27 )
<> <> <> <> <> <RB> <> <> <> <> ./. (16 17 18 26 29 31 )
<> <> <> <> <> <RBS> <> <> <> <> ./. (3 )
<> <> <> <> <> <RP> <> <> <> <> ./. (29 )
<> <> <> <> <> <TO> <> <> <> <> ./. (3 12 25 27 31 )
<> <> <> <> <> <VB> <> <> <> <> ./. (25 27 )
<> <> <> <> <> <VBD> <> <> <> <> ./. (0 5 7 9 10 12 13 18 27 29 31 )
<> <> <> <> <> <VBG> <> <> <> <> ./. (7 20 22 27 28 29 31 )
<> <> <> <> <> <VBN> <> <> <> <> ./. (2 16 27 29 )
<> <> <> <> <> <VBZ> <> <> <> <> ./. (2 4 14 16 22 26 29 )
<> <> <> <> <> <WDT> <> <> <> <> ./. (14 16 18 )
<> <> <> <> <> <WP> <> <> <> <> ./. (0 12 29 )
<> <> <> <> <> <WP$> <> <> <> <> ./. (29 )
<> <> <> <> <> <``> <> <> <> <> ./. (13 29 )
<> <> <> <> <> <> <''> <> <> <> ./. (13 29 )
<> <> <> <> <> <> <,> <> <> <> ./. (2 3 4 5 8 12 14 15 16 18 19 20 22 24 27 29 )
<> <> <> <> <> <> <-LRB-> <> <> <> ./. (24 )
<> <> <> <> <> <> <-RRB-> <> <> <> ./. (0 2 4 5 12 24 )
<> <> <> <> <> <> <:> <> <> <> ./. (0 5 12 31 )
<> <> <> <> <> <> <CC> <> <> <> ./. (0 2 3 4 5 7 8 10 12 13 14 20 21 22 25 26 27 29 30 31 32 )
<> <> <> <> <> <> <CD> <> <> <> ./. (0 2 4 5 10 12 13 20 27 29 30 31 )
<> <> <> <> <> <> <DT> <> <> <> ./. (0 2 3 4 5 12 13 14 15 17 18 19 22 25 26 27 29 30 31 32 )
<> <> <> <> <> <> <IN> <> <> <> ./. (0 1 2 3 4 5 7 8 10 12 13 14 15 16 17 18 20 22 27 28 29 30 31 32 )
<> <> <> <> <> <> <JJ> <> <> <> ./. (0 2 3 4 5 8 9 12 14 15 17 22 25 27 29 31 32 )
<> <> <> <> <> <> <JJS> <> <> <> ./. (31 )
<> <> <> <> <> <> <NN> <> <> <> ./. (0 1 2 3 4 5 7 8 9 10 12 13 14 15 16 18 19 20 22 23 25 26 27 28 29 30 31 32 )
<> <> <> <> <> <> <NNP> <> <> <> ./. (0 2 3 4 5 7 8 12 13 14 15 16 18 19 20 22 24 26 27 29 30 31 32 )
<> <> <> <> <> <> <NNPS> <> <> <> ./. (29 )
<> <> <> <> <> <> <NNS> <> <> <> ./. (0 3 7 8 10 12 15 18 20 22 27 32 )
<> <> <> <> <> <> <POS> <> <> <> ./. (3 )
<> <> <> <> <> <> <PRP> <> <> <> ./. (27 )
<> <> <> <> <> <> <PRP$> <> <> <> ./. (1 12 13 27 )
<> <> <> <> <> <> <RB> <> <> <> ./. (3 16 17 18 26 29 31 )
<> <> <> <> <> <> <RBS> <> <> <> ./. (3 )
<> <> <> <> <> <> <RP> <> <> <> ./. (29 )
<> <> <> <> <> <> <TO> <> <> <> ./. (3 12 25 27 31 )
<> <> <> <> <> <> <VB> <> <> <> ./. (25 27 )
<> <> <> <> <> <> <VBD> <> <> <> ./. (0 5 7 10 12 13 18 27 29 31 )
<> <> <> <> <> <> <VBG> <> <> <> ./. (7 20 22 27 29 31 )
<> <> <> <> <> <> <VBN> <> <> <> ./. (2 16 27 29 )
<> <> <> <> <> <> <VBZ> <> <> <> ./. (2 4 14 16 22 26 29 )
<> <> <> <> <> <> <WDT> <> <> <> ./. (14 16 18 )
<> <> <> <> <> <> <WP> <> <> <> ./. (0 12 29 )
<> <> <> <> <> <> <WP$> <> <> <> ./. (29 )
<> <> <> <> <> <> <``> <> <> <> ./. (13 29 )
<> <> <> <> <> <> <> <''> <> <> ./. (13 29 )
<> <> <> <> <> <> <> <,> <> <> ./. (2 3 4 5 8 12 14 15 16 18 19 20 22 24 27 29 )
<> <> <> <> <> <> <> <-LRB-> <> <> ./. (12 25 )
<> <> <> <> <> <> <> <-RRB-> <> <> ./. (0 2 4 5 12 24 )
<> <> <> <> <> <> <> <:> <> <> ./. (5 12 31 )
<> <> <> <> <> <> <> <CC> <> <> ./. (0 2 3 4 5 7 8 9 10 12 13 14 20 22 25 26 27 29 30 31 32 )
<> <> <> <> <> <> <> <CD> <> <> ./. (0 2 4 5 10 12 13 20 27 29 30 31 )
<> <> <> <> <> <> <> <DT> <> <> ./. (0 1 2 3 4 5 12 13 14 15 16 17 18 19 22 24 25 26 27 29 30 31 32 )
<> <> <> <> <> <> <> <IN> <> <> ./. (0 1 2 3 4 5 7 8 10 12 13 14 15 16 17 18 19 20 22 23 27 28 29 30 31 32 )
<> <> <> <> <> <> <> <JJ> <> <> ./. (0 2 4 5 8 12 14 15 17 22 25 27 29 31 32 )
<> <> <> <> <> <> <> <JJS> <> <> ./. (31 )
<> <> <> <> <> <> <> <NN> <> <> ./. (0 1 2 3 4 5 7 8 9 12 13 14 15 16 17 18 19 20 22 25 26 27 28 29 30 31 32 )
<> <> <> <> <> <> <> <NNP> <> <> ./. (0 2 3 4 5 8 12 13 14 15 16 18 20 22 24 26 27 29 30 31 32 )
<> <> <> <> <> <> <> <NNPS> <> <> ./. (29 )
<> <> <> <> <> <> <> <NNS> <> <> ./. (0 3 7 8 10 12 15 18 20 22 27 32 )
<> <> <> <> <> <> <> <POS> <> <> ./. (3 )
<> <> <> <> <> <> <> <PRP> <> <> ./. (27 )
<> <> <> <> <> <> <> <PRP$> <> <> ./. (1 12 13 27 )
<> <> <> <> <> <> <> <RB> <> <> ./. (3 16 18 26 29 31 )
<> <> <> <> <> <> <> <RBS> <> <> ./. (3 )
<> <> <> <> <> <> <> <RP> <> <> ./. (29 )
<> <> <> <> <> <> <> <TO> <> <> ./. (3 7 12 25 27 31 )
<> <> <> <> <> <> <> <VB> <> <> ./. (25 27 )
<> <> <> <> <> <> <> <VBD> <> <> ./. (0 5 7 10 12 13 18 27 29 31 )
<> <> <> <> <> <> <> <VBG> <> <> ./. (7 20 22 27 28 29 31 )
<> <> <> <> <> <> <> <VBN> <> <> ./. (2 3 27 29 )
<> <> <> <> <> <> <> <VBZ> <> <> ./. (2 4 14 16 21 26 29 )
<> <> <> <> <> <> <> <WDT> <> <> ./. (14 16 18 )
<> <> <> <> <> <> <> <WP> <> <> ./. (0 12 29 )
<> <> <> <> <> <> <> <WP$> <> <> ./. (29 )
<> <> <> <> <> <> <> <``> <> <> ./. (13 29 )
<> <> <> <> <> <> <> <> <''> <> ./. (13 29 )
<> <> <> <> <> <> <> <> <,> <> ./. (2 3 4 5 8 12 14 15 16 18 20 22 24 27 29 )
<> <> <> <> <> <> <> <> <-LRB-> <> ./. (12 25 )
<> <> <> <> <> <> <> <> <-RRB-> <> ./. (0 2 4 5 12 24 )
<> <> <> <> <> <> <> <> <:> <> ./. (31 )
<> <> <> <> <> <> <> <> <CC> <> ./. (0 2 3 4 5 7 8 9 10 12 13 14 20 22 25 26 27 29 30 31 32 )
<> <> <> <> <> <> <> <> <CD> <> ./. (0 2 4 5 10 12 13 20 27 29 30 31 )
<> <> <> <> <> <> <> <> <DT> <> ./. (0 1 2 3 4 5 12 13 14 15 16 17 18 19 24 25 26 27 29 30 31 32 )
<> <> <> <> <> <> <> <> <IN> <> ./. (0 1 2 3 4 5 7 8 10 12 13 14 15 16 17 18 19 20 21 22 26 27 28 29 30 31 32 )
<> <> <> <> <> <> <> <> <JJ> <> ./. (0 1 2 4 5 8 9 10 12 14 15 17 22 24 25 27 29 31 32 )
<> <> <> <> <> <> <> <> <JJS> <> ./. (31 )
<> <> <> <> <> <> <> <> <NN> <> ./. (0 1 2 3 4 5 7 8 12 13 14 15 16 17 18 19 20 22 23 25 26 27 29 30 31 32 )
<> <> <> <> <> <> <> <> <NNP> <> ./. (0 2 3 4 5 8 12 13 14 15 16 18 20 22 25 26 27 28 29 30 31 32 )
<> <> <> <> <> <> <> <> <NNPS> <> ./. (29 )
<> <> <> <> <> <> <> <> <NNS> <> ./. (0 3 7 8 10 12 18 20 22 27 32 )
<> <> <> <> <> <> <> <> <POS> <> ./. (3 )
<> <> <> <> <> <> <> <> <PRP> <> ./. (27 )
<> <> <> <> <> <> <> <> <PRP$> <> ./. (1 12 13 27 )
<> <> <> <> <> <> <> <> <RB> <> ./. (3 16 18 26 29 31 )
<> <> <> <> <> <> <> <> <RBS> <> ./. (3 )
<> <> <> <> <> <> <> <> <RP> <> ./. (29 )
<> <> <> <> <> <> <> <> <TO> <> ./. (3 7 12 27 31 )
<> <> <> <> <> <> <> <> <VB> <> ./. (25 27 )
<> <> <> <> <> <> <> <> <VBD> <> ./. (0 5 10 12 13 18 27 29 31 )
<> <> <> <> <> <> <> <> <VBG> <> ./. (3 7 16 20 22 27 28 29 31 )
<> <> <> <> <> <> <> <> <VBN> <> ./. (2 3 27 29 )
<> <> <> <> <> <> <> <> <VBZ> <> ./. (2 4 14 16 26 29 )
<> <> <> <> <> <> <> <> <WDT> <> ./. (14 16 18 )
<> <> <> <> <> <> <> <> <WP> <> ./. (0 12 29 )
<> <> <> <> <> <> <> <> <WP$> <> ./. (29 )
<> <> <> <> <> <> <> <> <``> <> ./. (13 29 )
<> <> <> <> <> <> <> <> <> <-RRB-> ./. (12 25 )
<> <> <> <> <> <> <> <> <> <CD> ./. (30 )
<> <> <> <> <> <> <> <> <> <NN> ./. (1 2 3 4 5 7 8 9 13 14 15 16 20 22 23 24 27 29 )
<> <> <> <> <> <> <> <> <> <NNP> ./. (17 18 21 26 28 32 )
<> <> <> <> <> <> <> <> <> <NNS> ./. (0 10 19 31 )
<> <> <> <> <> <> <> <> <> <> ./. (0 1 2 3 4 5 7 8 9 10 12 13 14 15 16 17 18 19 20 22 24 25 26 27 28 29 30 31 32 )
}}}
{{{ div: 9 patterns
<PRP> <> <> <> <> <> <> <> <> <> ./. (1 3 13 18 21 25 26 31)
<PRP$> <> <> <> <> <> <> <> <> <> ./. (9 23)
<> <NNS> <> <> <> <> <> <> <> <> ./. (0 3 7 10 12 15 16 17 18 19 22 27 32)
<> <PRP$> <> <> <> <> <> <> <> <> ./. (3 10 12 13 27)
<> <VBN> <> <> <> <> <> <> <> <> ./. (2 3 4 16 22 26 28 29 30)
<> <> <,> <> <> <> <> <> <> <> ./. (2 3 4 5 7 8 12 14 15 16 18 20 22 25 27 29)
<> <> <> <-LRB-> <> <> <> <> <> <> ./. (2 4 5 24)
<> <> <> <> <,> <> <> <> <> <> ./. (2 3 4 5 7 8 12 14 15 16 18 19 20 21 22 27 29)
<> <> <> <> <CC> <> <> <> <> <> ./. (0 2 3 4 5 7 8 10 12 13 14 20 22 25 26 27 29 30 31 32)
}}}
# not divisible: Beck/NN pioneered/VBD software/NN design/NN patterns/NNS as/RB well/RB as/IN the/DT commercial/JJ application/NN of/IN Smalltalk/NNP ./.

# division of His/PRP$ <> <NN> <NN> <VBD> <> <NN> <> <> <NN> ./., 9 23
{{{ cspc: 3 patterns
His/PRP$ <CD> <NN> <NN> <VBD> <> <NN> <> <> <NN> ./. (23 )
His/PRP$ <> development/NN <NN> <VBD> <> <NN> <> <> <NN> ./. (9 )
His/PRP$ <> book/NN <NN> <VBD> <> <NN> <> <> <NN> ./. (23 )
}}}
{{{ div: 2 patterns
His/PRP$ <> development/NN <NN> <VBD> <> <NN> <> <> <NN> ./. (9)
His/PRP$ <> book/NN <NN> <VBD> <> <NN> <> <> <NN> ./. (23)
}}}
# not divisible: He/PRP won/VBD the/DT Nobel/NNP Prize/NNP in/IN physics/NN for/IN his/PRP$ explanation/NN of/IN the/DT photoelectric/JJ effect/NN ./.
# not divisible: Plauger/NNP has/VBZ been/VBN credited/VBN with/IN inventing/VBG pair/NN programming/NN while/IN leading/VBG Whitesmiths/NNP Ltd./NNP ./.

# division of <> <> <> <> <> <NN> <> <> and/CC <> <> <> <> <> ./., 0 10 13 26 30 31 32
{{{ cspc: 66 patterns
<DT> <> <> <> <> <NN> <> <> and/CC <> <> <> <> <> ./. (30 )
<NNP> <> <> <> <> <NN> <> <> and/CC <> <> <> <> <> ./. (0 10 32 )
<PRP> <> <> <> <> <NN> <> <> and/CC <> <> <> <> <> ./. (13 26 31 )
<> <''> <> <> <> <NN> <> <> and/CC <> <> <> <> <> ./. (13 )
<> <-LRB-> <> <> <> <NN> <> <> and/CC <> <> <> <> <> ./. (0 )
<> <-RRB-> <> <> <> <NN> <> <> and/CC <> <> <> <> <> ./. (0 )
<> <:> <> <> <> <NN> <> <> and/CC <> <> <> <> <> ./. (0 )
<> <CD> <> <> <> <NN> <> <> and/CC <> <> <> <> <> ./. (0 )
<> <DT> <> <> <> <NN> <> <> and/CC <> <> <> <> <> ./. (13 31 )
<> <IN> <> <> <> <NN> <> <> and/CC <> <> <> <> <> ./. (13 26 )
<> <JJ> <> <> <> <NN> <> <> and/CC <> <> <> <> <> ./. (13 )
<> <NN> <> <> <> <NN> <> <> and/CC <> <> <> <> <> ./. (13 30 31 )
<> <NNP> <> <> <> <NN> <> <> and/CC <> <> <> <> <> ./. (0 13 31 )
<> <NNS> <> <> <> <NN> <> <> and/CC <> <> <> <> <> ./. (0 )
<> <PRP$> <> <> <> <NN> <> <> and/CC <> <> <> <> <> ./. (10 )
<> <VBD> <> <> <> <NN> <> <> and/CC <> <> <> <> <> ./. (10 13 30 31 )
<> <VBN> <> <> <> <NN> <> <> and/CC <> <> <> <> <> ./. (30 )
<> <VBZ> <> <> <> <NN> <> <> and/CC <> <> <> <> <> ./. (26 32 )
<> <``> <> <> <> <NN> <> <> and/CC <> <> <> <> <> ./. (13 )
<> <> <''> <> <> <NN> <> <> and/CC <> <> <> <> <> ./. (13 )
<> <> <-LRB-> <> <> <NN> <> <> and/CC <> <> <> <> <> ./. (0 )
<> <> <-RRB-> <> <> <NN> <> <> and/CC <> <> <> <> <> ./. (0 )
<> <> <:> <> <> <NN> <> <> and/CC <> <> <> <> <> ./. (0 )
<> <> <CD> <> <> <NN> <> <> and/CC <> <> <> <> <> ./. (0 )
<> <> <DT> <> <> <NN> <> <> and/CC <> <> <> <> <> ./. (13 31 32 )
<> <> <IN> <> <> <NN> <> <> and/CC <> <> <> <> <> ./. (13 26 30 31 )
<> <> <JJ> <> <> <NN> <> <> and/CC <> <> <> <> <> ./. (13 )
<> <> <NN> <> <> <NN> <> <> and/CC <> <> <> <> <> ./. (13 31 )
<> <> <NNP> <> <> <NN> <> <> and/CC <> <> <> <> <> ./. (0 13 31 )
<> <> <NNS> <> <> <NN> <> <> and/CC <> <> <> <> <> ./. (0 10 )
<> <> <PRP$> <> <> <NN> <> <> and/CC <> <> <> <> <> ./. (10 )
<> <> <VBD> <> <> <NN> <> <> and/CC <> <> <> <> <> ./. (0 30 )
<> <> <VBN> <> <> <NN> <> <> and/CC <> <> <> <> <> ./. (26 30 )
<> <> <``> <> <> <NN> <> <> and/CC <> <> <> <> <> ./. (13 )
<> <> <> <''> <> <NN> <> <> and/CC <> <> <> <> <> ./. (13 )
<> <> <> <-RRB-> <> <NN> <> <> and/CC <> <> <> <> <> ./. (0 )
<> <> <> <:> <> <NN> <> <> and/CC <> <> <> <> <> ./. (0 )
<> <> <> <CD> <> <NN> <> <> and/CC <> <> <> <> <> ./. (0 )
<> <> <> <DT> <> <NN> <> <> and/CC <> <> <> <> <> ./. (0 13 30 )
<> <> <> <IN> <> <NN> <> <> and/CC <> <> <> <> <> ./. (13 30 31 )
<> <> <> <JJS> <> <NN> <> <> and/CC <> <> <> <> <> ./. (31 )
<> <> <> <NN> <> <NN> <> <> and/CC <> <> <> <> <> ./. (13 31 32 )
<> <> <> <NNP> <> <NN> <> <> and/CC <> <> <> <> <> ./. (0 13 31 )
<> <> <> <NNS> <> <NN> <> <> and/CC <> <> <> <> <> ./. (0 10 )
<> <> <> <PRP$> <> <NN> <> <> and/CC <> <> <> <> <> ./. (13 )
<> <> <> <TO> <> <NN> <> <> and/CC <> <> <> <> <> ./. (10 )
<> <> <> <VBD> <> <NN> <> <> and/CC <> <> <> <> <> ./. (0 )
<> <> <> <VBN> <> <NN> <> <> and/CC <> <> <> <> <> ./. (26 30 )
<> <> <> <``> <> <NN> <> <> and/CC <> <> <> <> <> ./. (13 )
<> <> <> <> <CD> <NN> <> <> and/CC <> <> <> <> <> ./. (13 )
<> <> <> <> <DT> <NN> <> <> and/CC <> <> <> <> <> ./. (10 13 )
<> <> <> <> <IN> <NN> <> <> and/CC <> <> <> <> <> ./. (26 )
<> <> <> <> <JJ> <NN> <> <> and/CC <> <> <> <> <> ./. (0 31 )
<> <> <> <> <NNP> <NN> <> <> and/CC <> <> <> <> <> ./. (30 31 )
<> <> <> <> <POS> <NN> <> <> and/CC <> <> <> <> <> ./. (32 )
<> <> <> <> <> physicist/NN <> <> and/CC <> <> <> <> <> ./. (0 )
<> <> <> <> <> profession/NN <> <> and/CC <> <> <> <> <> ./. (10 )
<> <> <> <> <> coining/NN <> <> and/CC <> <> <> <> <> ./. (13 )
<> <> <> <> <> term/NN <> <> and/CC <> <> <> <> <> ./. (13 )
<> <> <> <> <> proposal/NN <> <> and/CC <> <> <> <> <> ./. (13 )
<> <> <> <> <> C/NN <> <> and/CC <> <> <> <> <> ./. (26 )
<> <> <> <> <> Award/NN <> <> and/CC <> <> <> <> <> ./. (30 31 )
<> <> <> <> <> Award/NN <> <> and/CC <> <> <> <> <> ./. (30 31 )
<> <> <> <> <> Award/NN <> <> and/CC <> <> <> <> <> ./. (30 31 )
<> <> <> <> <> Writer/NN <> <> and/CC <> <> <> <> <> ./. (31 )
<> <> <> <> <> degree/NN <> <> and/CC <> <> <> <> <> ./. (32 )
}}}
{{{ div: 5 patterns
<PRP> <> <> <> <> <NN> <> <> and/CC <> <> <> <> <> ./. (13 26 31)
<> <-LRB-> <> <> <> <NN> <> <> and/CC <> <> <> <> <> ./. (0)
<> <PRP$> <> <> <> <NN> <> <> and/CC <> <> <> <> <> ./. (10)
<> <> <> <> <POS> <NN> <> <> and/CC <> <> <> <> <> ./. (32)
<> <> <> <> <> Award/NN <> <> and/CC <> <> <> <> <> ./. (30 31)
}}}

# division of He/PRP <> <IN> <> <> <> <NN> <> <NNP> <> and/CC <> the/DT <NN> of/IN <> ./., 13 26
{{{ cspc: 16 patterns
He/PRP <VBZ> <IN> <> <> <> <NN> <> <NNP> <> and/CC <> the/DT <NN> of/IN <> ./. (26 )
He/PRP <> for/IN <> <> <> <NN> <> <NNP> <> and/CC <> the/DT <NN> of/IN <> ./. (13 )
He/PRP <> of/IN <> <> <> <NN> <> <NNP> <> and/CC <> the/DT <NN> of/IN <> ./. (13 )
He/PRP <> for/IN <> <> <> <NN> <> <NNP> <> and/CC <> the/DT <NN> of/IN <> ./. (13 )
He/PRP <> of/IN <> <> <> <NN> <> <NNP> <> and/CC <> the/DT <NN> of/IN <> ./. (13 )
He/PRP <> since/IN <> <> <> <NN> <> <NNP> <> and/CC <> the/DT <NN> of/IN <> ./. (26 )
He/PRP <> of/IN <> <> <> <NN> <> <NNP> <> and/CC <> the/DT <NN> of/IN <> ./. (13 )
He/PRP <> of/IN <DT> <> <> <NN> <> <NNP> <> and/CC <> the/DT <NN> of/IN <> ./. (13 )
He/PRP <> of/IN <> <''> <> <NN> <> <NNP> <> and/CC <> the/DT <NN> of/IN <> ./. (13 )
He/PRP <> of/IN <> <IN> <> <NN> <> <NNP> <> and/CC <> the/DT <NN> of/IN <> ./. (13 )
He/PRP <> of/IN <> <NN> <> <NN> <> <NNP> <> and/CC <> the/DT <NN> of/IN <> ./. (13 )
He/PRP <> of/IN <> <NNP> <> <NN> <> <NNP> <> and/CC <> the/DT <NN> of/IN <> ./. (13 )
He/PRP <> of/IN <> <PRP$> <> <NN> <> <NNP> <> and/CC <> the/DT <NN> of/IN <> ./. (13 )
He/PRP <> of/IN <> <``> <> <NN> <> <NNP> <> and/CC <> the/DT <NN> of/IN <> ./. (13 )
He/PRP <> of/IN <> <> <CD> <NN> <> <NNP> <> and/CC <> the/DT <NN> of/IN <> ./. (13 )
He/PRP <> of/IN <> <> <> proposal/NN <> <NNP> <> and/CC <> the/DT <NN> of/IN <> ./. (13 )
}}}
{{{ div: 2 patterns
He/PRP <VBZ> <IN> <> <> <> <NN> <> <NNP> <> and/CC <> the/DT <NN> of/IN <> ./. (26)
He/PRP <> of/IN <> <''> <> <NN> <> <NNP> <> and/CC <> the/DT <NN> of/IN <> ./. (13)
}}}
# not divisible: Mills/NNP contributed/VBD his/PRP$ ideas/NNS to/TO the/DT profession/NN in/IN six/CD books/NNS and/CC over/IN fifty/CD refereed/VBD articles/NNS in/IN technical/JJ journals/NNS ./.
# not divisible: Albert/NNP Einstein/NNP -LRB-/-LRB- 14/CD March/NNP 1879/NNS --/: 18/CD April/NNP 1955/CD -RRB-/-RRB- was/VBD a/DT theoretical/JJ physicist/NN who/WP published/VBD the/DT special/JJ and/CC general/JJ theories/NNS of/IN relativity/NN and/CC contributed/VBD in/IN other/JJ areas/NNS of/IN physics/NNS ./.
# not divisible: Plauger/NNP holds/VBZ a/DT bachelor/NN 's/POS degree/NN in/IN physics/NNS from/IN Princeton/NNP University/NNP and/CC a/DT PhD/NN in/IN nuclear/JJ physics/NNS from/IN the/DT Michigan/NNP State/NNP University/NNP ./.

# division of <> <VBD> <> <> <> <NNP> Award/NN <IN> <> and/CC <> <> <NN> <> <> ./., 30 31
{{{ cspc: 3 patterns
<PRP> <VBD> <> <> <> <NNP> Award/NN <IN> <> and/CC <> <> <NN> <> <> ./. (31 )
<> was/VBD <> <> <> <NNP> Award/NN <IN> <> and/CC <> <> <NN> <> <> ./. (30 )
<> won/VBD <> <> <> <NNP> Award/NN <IN> <> and/CC <> <> <NN> <> <> ./. (31 )
}}}
{{{ div: 2 patterns
<PRP> <VBD> <> <> <> <NNP> Award/NN <IN> <> and/CC <> <> <NN> <> <> ./. (31)
<> was/VBD <> <> <> <NNP> Award/NN <IN> <> and/CC <> <> <NN> <> <> ./. (30)
}}}
# not divisible: The/DT story/NN was/VBD nominated/VBN for/IN a/DT Nebula/NNP Award/NN in/IN 1975/CD and/CC a/DT Hugo/NNP Award/NN in/IN 1976/CD ./.
# not divisible: He/PRP won/VBD the/DT John/NNP W./NNP Campbell/NNP Award/NN for/IN Best/JJS New/JJ Writer/NN in/IN 1975/CD --/: notably/RB beating/VBG John/NNP Varley/NNP for/IN the/DT award/NN --/: and/CC subsequently/RB sold/VBD a/DT story/NN to/TO The/DT Last/JJ Dangerous/JJ Visions/NNS ./.
# not divisible: He/PRP has/VBZ since/IN been/VBN involved/VBN in/IN C/NN and/CC C++/NNP standardization/NN and/CC is/VBZ now/RB the/DT president/NN of/IN Dinkumware/NNP ./.
# not divisible: He/PRP was/VBD responsible/JJ for/IN the/DT coining/NN of/IN the/DT term/NN ``/`` Artificial/NNP Intelligence/NNP ''/'' in/IN his/PRP$ 1955/CD proposal/NN for/IN the/DT 1956/CD Dartmouth/NNP Conference/NNP and/CC was/VBD the/DT inventor/NN of/IN the/DT Lisp/NNP programming/NN language/NN ./.
# not divisible: He/PRP founded/VBD Whitesmiths/NNP ,/, the/DT first/JJ company/NN to/TO sell/VB a/DT C/NN compiler/NN and/CC Unix-like/JJ operating/NN system/NN -LRB-/-LRB- Idris/NNP -RRB-/-RRB- ./.
# not divisible: In/IN 2004/CD he/PRP introduced/VBD Presentation/NN Model/NNP -LRB-/-LRB- PM/NNP -RRB-/-RRB- ,/, an/DT architectural/JJ pattern/NN ./.

# division of <> <> <> <> ,/, <> <> <> <> <> ./., 2 3 4 5 7 8 12 14 15 16 18 19 20 21 22 27 29
{{{ cspc: 164 patterns
<DT> <> <> <> ,/, <> <> <> <> <> ./. (8 )
<IN> <> <> <> ,/, <> <> <> <> <> ./. (7 27 )
<JJ> <> <> <> ,/, <> <> <> <> <> ./. (16 )
<NNP> <> <> <> ,/, <> <> <> <> <> ./. (2 4 5 12 14 15 19 20 22 29 )
<PRP> <> <> <> ,/, <> <> <> <> <> ./. (3 18 21 )
<> <''> <> <> ,/, <> <> <> <> <> ./. (29 )
<> <,> <> <> ,/, <> <> <> <> <> ./. (2 3 4 8 12 18 22 29 )
<> <-LRB-> <> <> ,/, <> <> <> <> <> ./. (2 4 5 12 22 )
<> <-RRB-> <> <> ,/, <> <> <> <> <> ./. (2 4 5 22 )
<> <:> <> <> ,/, <> <> <> <> <> ./. (5 12 )
<> <CC> <> <> ,/, <> <> <> <> <> ./. (2 3 14 16 22 )
<> <CD> <> <> ,/, <> <> <> <> <> ./. (2 4 5 12 15 20 22 27 )
<> <DT> <> <> ,/, <> <> <> <> <> ./. (2 3 4 5 7 8 14 15 18 20 22 27 29 )
<> <IN> <> <> ,/, <> <> <> <> <> ./. (3 4 8 14 15 16 18 19 20 22 27 29 )
<> <JJ> <> <> ,/, <> <> <> <> <> ./. (2 3 4 5 8 14 15 16 22 29 )
<> <NN> <> <> ,/, <> <> <> <> <> ./. (3 4 8 14 16 18 19 22 27 29 )
<> <NNP> <> <> ,/, <> <> <> <> <> ./. (2 4 5 7 8 12 14 18 20 22 27 29 )
<> <NNPS> <> <> ,/, <> <> <> <> <> ./. (29 )
<> <NNS> <> <> ,/, <> <> <> <> <> ./. (3 15 16 18 19 )
<> <PRP> <> <> ,/, <> <> <> <> <> ./. (27 )
<> <PRP$> <> <> ,/, <> <> <> <> <> ./. (3 )
<> <RB> <> <> ,/, <> <> <> <> <> ./. (3 16 18 )
<> <TO> <> <> ,/, <> <> <> <> <> ./. (3 )
<> <VBD> <> <> ,/, <> <> <> <> <> ./. (5 8 15 18 19 20 27 29 )
<> <VBG> <> <> ,/, <> <> <> <> <> ./. (22 )
<> <VBN> <> <> ,/, <> <> <> <> <> ./. (2 3 4 16 22 29 )
<> <VBP> <> <> ,/, <> <> <> <> <> ./. (16 )
<> <VBZ> <> <> ,/, <> <> <> <> <> ./. (2 3 4 14 21 22 )
<> <WDT> <> <> ,/, <> <> <> <> <> ./. (18 )
<> <``> <> <> ,/, <> <> <> <> <> ./. (29 )
<> <> <''> <> ,/, <> <> <> <> <> ./. (29 )
<> <> <,> <> ,/, <> <> <> <> <> ./. (2 3 4 8 12 18 22 29 )
<> <> <-LRB-> <> ,/, <> <> <> <> <> ./. (2 4 5 12 22 )
<> <> <-RRB-> <> ,/, <> <> <> <> <> ./. (2 4 5 22 )
<> <> <:> <> ,/, <> <> <> <> <> ./. (5 12 )
<> <> <CC> <> ,/, <> <> <> <> <> ./. (2 3 8 14 20 22 )
<> <> <CD> <> ,/, <> <> <> <> <> ./. (2 4 5 12 15 20 22 27 29 )
<> <> <DT> <> ,/, <> <> <> <> <> ./. (2 3 4 5 8 14 15 18 20 22 27 29 )
<> <> <IN> <> ,/, <> <> <> <> <> ./. (3 4 8 14 15 16 18 19 20 21 22 27 29 )
<> <> <JJ> <> ,/, <> <> <> <> <> ./. (2 3 4 5 8 14 15 16 22 29 )
<> <> <NN> <> ,/, <> <> <> <> <> ./. (2 3 4 5 7 8 14 16 18 19 22 27 29 )
<> <> <NNP> <> ,/, <> <> <> <> <> ./. (2 4 5 7 8 12 14 15 16 18 19 20 22 27 29 )
<> <> <NNPS> <> ,/, <> <> <> <> <> ./. (29 )
<> <> <NNS> <> ,/, <> <> <> <> <> ./. (3 15 16 18 19 27 )
<> <> <PRP> <> ,/, <> <> <> <> <> ./. (27 )
<> <> <PRP$> <> ,/, <> <> <> <> <> ./. (3 )
<> <> <RB> <> ,/, <> <> <> <> <> ./. (3 16 18 )
<> <> <TO> <> ,/, <> <> <> <> <> ./. (3 )
<> <> <VBD> <> ,/, <> <> <> <> <> ./. (5 18 27 )
<> <> <VBG> <> ,/, <> <> <> <> <> ./. (22 )
<> <> <VBN> <> ,/, <> <> <> <> <> ./. (2 3 4 16 22 29 )
<> <> <VBP> <> ,/, <> <> <> <> <> ./. (16 )
<> <> <VBZ> <> ,/, <> <> <> <> <> ./. (2 4 14 22 )
<> <> <WDT> <> ,/, <> <> <> <> <> ./. (18 )
<> <> <``> <> ,/, <> <> <> <> <> ./. (29 )
<> <> <> <''> ,/, <> <> <> <> <> ./. (29 )
<> <> <> <CD> ,/, <> <> <> <> <> ./. (2 12 20 )
<> <> <> <NN> ,/, <> <> <> <> <> ./. (2 4 5 7 8 22 27 29 )
<> <> <> <NNP> ,/, <> <> <> <> <> ./. (2 3 4 8 14 15 16 18 19 21 22 )
<> <> <> <NNS> ,/, <> <> <> <> <> ./. (3 8 18 22 )
<> <> <> <> ,/, <CC> <> <> <> <> ./. (2 3 4 5 8 22 27 )
<> <> <> <> ,/, <CD> <> <> <> <> ./. (2 12 )
<> <> <> <> ,/, <DT> <> <> <> <> ./. (3 8 14 15 19 )
<> <> <> <> ,/, <IN> <> <> <> <> ./. (16 )
<> <> <> <> ,/, <JJ> <> <> <> <> ./. (29 )
<> <> <> <> ,/, <NN> <> <> <> <> ./. (22 )
<> <> <> <> ,/, <NNP> <> <> <> <> ./. (4 7 8 21 22 )
<> <> <> <> ,/, <NNS> <> <> <> <> ./. (22 )
<> <> <> <> ,/, <RB> <> <> <> <> ./. (18 )
<> <> <> <> ,/, <VBG> <> <> <> <> ./. (20 22 )
<> <> <> <> ,/, <VBN> <> <> <> <> ./. (2 )
<> <> <> <> ,/, <WDT> <> <> <> <> ./. (18 )
<> <> <> <> ,/, <WP$> <> <> <> <> ./. (29 )
<> <> <> <> ,/, <``> <> <> <> <> ./. (29 )
<> <> <> <> ,/, <> <''> <> <> <> ./. (29 )
<> <> <> <> ,/, <> <,> <> <> <> ./. (2 3 4 8 12 18 22 29 )
<> <> <> <> ,/, <> <-RRB-> <> <> <> ./. (2 12 )
<> <> <> <> ,/, <> <:> <> <> <> ./. (12 )
<> <> <> <> ,/, <> <CC> <> <> <> ./. (2 4 7 8 12 14 20 21 22 29 )
<> <> <> <> ,/, <> <CD> <> <> <> ./. (2 12 27 29 )
<> <> <> <> ,/, <> <DT> <> <> <> ./. (2 3 4 5 12 14 18 27 29 )
<> <> <> <> ,/, <> <IN> <> <> <> ./. (2 3 4 5 7 8 12 14 15 18 20 22 27 29 )
<> <> <> <> ,/, <> <JJ> <> <> <> ./. (2 8 12 14 22 27 29 )
<> <> <> <> ,/, <> <NN> <> <> <> ./. (2 3 4 5 7 8 12 14 15 18 19 20 22 27 29 )
<> <> <> <> ,/, <> <NNP> <> <> <> ./. (2 3 4 8 12 16 18 20 22 27 29 )
<> <> <> <> ,/, <> <NNPS> <> <> <> ./. (29 )
<> <> <> <> ,/, <> <NNS> <> <> <> ./. (7 8 12 18 20 22 27 )
<> <> <> <> ,/, <> <POS> <> <> <> ./. (3 )
<> <> <> <> ,/, <> <PRP> <> <> <> ./. (27 )
<> <> <> <> ,/, <> <PRP$> <> <> <> ./. (12 27 )
<> <> <> <> ,/, <> <RB> <> <> <> ./. (3 16 18 29 )
<> <> <> <> ,/, <> <RBS> <> <> <> ./. (3 )
<> <> <> <> ,/, <> <RP> <> <> <> ./. (29 )
<> <> <> <> ,/, <> <TO> <> <> <> ./. (12 27 )
<> <> <> <> ,/, <> <VB> <> <> <> ./. (27 )
<> <> <> <> ,/, <> <VBD> <> <> <> ./. (7 12 18 27 29 )
<> <> <> <> ,/, <> <VBG> <> <> <> ./. (7 22 27 29 )
<> <> <> <> ,/, <> <VBN> <> <> <> ./. (27 29 )
<> <> <> <> ,/, <> <VBZ> <> <> <> ./. (2 14 16 29 )
<> <> <> <> ,/, <> <WDT> <> <> <> ./. (14 16 18 )
<> <> <> <> ,/, <> <WP> <> <> <> ./. (12 29 )
<> <> <> <> ,/, <> <WP$> <> <> <> ./. (29 )
<> <> <> <> ,/, <> <> <''> <> <> ./. (29 )
<> <> <> <> ,/, <> <> <,> <> <> ./. (2 3 4 8 12 18 22 29 )
<> <> <> <> ,/, <> <> <-LRB-> <> <> ./. (12 )
<> <> <> <> ,/, <> <> <-RRB-> <> <> ./. (2 12 )
<> <> <> <> ,/, <> <> <CC> <> <> ./. (2 4 7 8 12 14 20 22 29 )
<> <> <> <> ,/, <> <> <CD> <> <> ./. (2 4 5 12 27 29 )
<> <> <> <> ,/, <> <> <DT> <> <> ./. (2 3 4 5 12 14 16 18 27 29 )
<> <> <> <> ,/, <> <> <IN> <> <> ./. (2 3 4 5 7 8 12 14 15 18 19 20 22 27 29 )
<> <> <> <> ,/, <> <> <JJ> <> <> ./. (2 8 12 14 15 22 27 29 )
<> <> <> <> ,/, <> <> <NN> <> <> ./. (2 3 4 7 8 12 14 15 18 20 22 27 29 )
<> <> <> <> ,/, <> <> <NNP> <> <> ./. (3 4 8 12 16 18 20 22 27 29 )
<> <> <> <> ,/, <> <> <NNPS> <> <> ./. (29 )
<> <> <> <> ,/, <> <> <NNS> <> <> ./. (7 8 12 18 20 22 27 )
<> <> <> <> ,/, <> <> <POS> <> <> ./. (3 )
<> <> <> <> ,/, <> <> <PRP> <> <> ./. (27 )
<> <> <> <> ,/, <> <> <PRP$> <> <> ./. (12 27 )
<> <> <> <> ,/, <> <> <RB> <> <> ./. (3 16 18 29 )
<> <> <> <> ,/, <> <> <RBS> <> <> ./. (3 )
<> <> <> <> ,/, <> <> <RP> <> <> ./. (29 )
<> <> <> <> ,/, <> <> <TO> <> <> ./. (7 12 27 )
<> <> <> <> ,/, <> <> <VB> <> <> ./. (27 )
<> <> <> <> ,/, <> <> <VBD> <> <> ./. (12 18 27 29 )
<> <> <> <> ,/, <> <> <VBG> <> <> ./. (7 22 27 29 )
<> <> <> <> ,/, <> <> <VBN> <> <> ./. (3 27 29 )
<> <> <> <> ,/, <> <> <VBZ> <> <> ./. (2 14 16 21 29 )
<> <> <> <> ,/, <> <> <WDT> <> <> ./. (14 18 )
<> <> <> <> ,/, <> <> <WP> <> <> ./. (12 29 )
<> <> <> <> ,/, <> <> <WP$> <> <> ./. (29 )
<> <> <> <> ,/, <> <> <> <''> <> ./. (29 )
<> <> <> <> ,/, <> <> <> <,> <> ./. (2 3 4 8 12 18 22 29 )
<> <> <> <> ,/, <> <> <> <-LRB-> <> ./. (12 )
<> <> <> <> ,/, <> <> <> <-RRB-> <> ./. (2 12 )
<> <> <> <> ,/, <> <> <> <CC> <> ./. (2 4 7 8 12 14 20 22 29 )
<> <> <> <> ,/, <> <> <> <CD> <> ./. (2 4 5 12 27 29 )
<> <> <> <> ,/, <> <> <> <DT> <> ./. (2 3 4 5 12 14 16 19 27 29 )
<> <> <> <> ,/, <> <> <> <IN> <> ./. (2 3 4 7 8 12 14 15 18 20 21 22 27 29 )
<> <> <> <> ,/, <> <> <> <JJ> <> ./. (2 8 12 14 15 22 27 29 )
<> <> <> <> ,/, <> <> <> <NN> <> ./. (2 3 4 7 8 12 14 15 18 20 22 27 29 )
<> <> <> <> ,/, <> <> <> <NNP> <> ./. (2 3 4 5 8 12 18 20 22 27 29 )
<> <> <> <> ,/, <> <> <> <NNPS> <> ./. (29 )
<> <> <> <> ,/, <> <> <> <NNS> <> ./. (7 8 12 18 20 22 27 )
<> <> <> <> ,/, <> <> <> <POS> <> ./. (3 )
<> <> <> <> ,/, <> <> <> <PRP> <> ./. (27 )
<> <> <> <> ,/, <> <> <> <PRP$> <> ./. (12 27 )
<> <> <> <> ,/, <> <> <> <RB> <> ./. (3 16 18 29 )
<> <> <> <> ,/, <> <> <> <RBS> <> ./. (3 )
<> <> <> <> ,/, <> <> <> <RP> <> ./. (29 )
<> <> <> <> ,/, <> <> <> <TO> <> ./. (7 12 27 )
<> <> <> <> ,/, <> <> <> <VB> <> ./. (27 )
<> <> <> <> ,/, <> <> <> <VBD> <> ./. (12 18 27 29 )
<> <> <> <> ,/, <> <> <> <VBG> <> ./. (3 16 22 27 29 )
<> <> <> <> ,/, <> <> <> <VBN> <> ./. (3 27 29 )
<> <> <> <> ,/, <> <> <> <VBZ> <> ./. (2 14 16 29 )
<> <> <> <> ,/, <> <> <> <WDT> <> ./. (14 18 )
<> <> <> <> ,/, <> <> <> <WP> <> ./. (12 29 )
<> <> <> <> ,/, <> <> <> <WP$> <> ./. (29 )
<> <> <> <> ,/, <> <> <> <> <-RRB-> ./. (12 )
<> <> <> <> ,/, <> <> <> <> <NN> ./. (2 3 4 5 7 8 14 15 16 20 22 27 29 )
<> <> <> <> ,/, <> <> <> <> <NNP> ./. (18 21 )
<> <> <> <> ,/, <> <> <> <> <NNS> ./. (19 )
<> <> <> <> ,/, <> <> <> <> <> ./. (2 3 4 5 7 8 12 14 15 16 18 19 20 22 27 29 )
<> <> <> <> ,/, <> <> <> <> <> ./. (2 3 4 5 7 8 12 14 15 16 18 20 22 27 29 )
}}}
{{{ div: 6 patterns
<> <,> <> <> ,/, <> <> <> <> <> ./. (2 3 4 8 12 18 22 29)
<> <-LRB-> <> <> ,/, <> <> <> <> <> ./. (2 4 5 12 22)
<> <CC> <> <> ,/, <> <> <> <> <> ./. (2 3 14 16 22)
<> <DT> <> <> ,/, <> <> <> <> <> ./. (2 3 4 5 7 8 14 15 18 20 22 27 29)
<> <> <> <> ,/, <DT> <> <> <> <> ./. (3 8 14 15 19)
<> <> <> <> ,/, <> <CC> <> <> <> ./. (2 4 7 8 12 14 20 21 22 29)
}}}
# not divisible: In/IN January/NNP 2009/CD he/PRP became/VBD the/DT convener/NN of/IN the/DT ISO/NN C++/NNP standards/NNS committee/NN ,/, but/CC in/IN October/NNP 2009/CD he/PRP tendered/VBD his/PRP$ resignation/NN after/IN failing/VBG to/TO pass/VB a/DT resolution/NN to/TO stop/VB processing/VBG any/DT new/JJ features/NNS in/IN order/NN to/TO facilitate/VB the/DT promised/VBN shipping/NN date/NN for/IN the/DT C++/NNP 0x/NN standard/NN ./.

# division of Beck/NNP <VBD> <> <NNS> <> <NNP> <NNP> ,/, the/DT <NN> <> <> <> ./., 15 19
{{{ cspc: 4 patterns
Beck/NNP was/VBD <> <NNS> <> <NNP> <NNP> ,/, the/DT <NN> <> <> <> ./. (15 )
Beck/NNP popularized/VBD <> <NNS> <> <NNP> <NNP> ,/, the/DT <NN> <> <> <> ./. (19 )
Beck/NNP popularized/VBD <NN> <NNS> <> <NNP> <NNP> ,/, the/DT <NN> <> <> <> ./. (19 )
Beck/NNP popularized/VBD <> cards/NNS <> <NNP> <NNP> ,/, the/DT <NN> <> <> <> ./. (19 )
}}}
{{{ div: 2 patterns
Beck/NNP was/VBD <> <NNS> <> <NNP> <NNP> ,/, the/DT <NN> <> <> <> ./. (15)
Beck/NNP popularized/VBD <> cards/NNS <> <NNP> <NNP> ,/, the/DT <NN> <> <> <> ./. (19)
}}}
# not divisible: Extreme/JJ and/CC Agile/JJ methods/NNS are/VBP closely/RB associated/VBN with/IN Test/NN Driven/NNP Development/NNP ,/, of/IN which/WDT Beck/NNP is/VBZ perhaps/RB the/DT leading/VBG proponent/NN ./.
# not divisible: Edsger/NNP Wybe/NNP Dijkstra/NNP -LRB-/-LRB- May/NNP 11/CD 1930/CD --/: August/NNP 6/CD 2002/CD -RRB-/-RRB- was/VBD a/DT Dutch/JJ computer/NN scientist/NN ,/, and/CC winner/NN of/IN the/DT 1972/CD Turing/NNP Award/NN ./.

# division of He/PRP <> <> <> for/IN <> <> <> <> the/DT <NN> <> <> <NNS> ,/, <> <NN> <IN> <NNP> ,/, <> <> <> <> <> <> ./., 3 18
{{{ cspc: 18 patterns
He/PRP <VBD> <> <> for/IN <> <> <> <> the/DT <NN> <> <> <NNS> ,/, <> <NN> <IN> <NNP> ,/, <> <> <> <> <> <> ./. (18 )
He/PRP <VBZ> <> <> for/IN <> <> <> <> the/DT <NN> <> <> <NNS> ,/, <> <NN> <IN> <NNP> ,/, <> <> <> <> <> <> ./. (3 )
He/PRP <> <DT> <> for/IN <> <> <> <> the/DT <NN> <> <> <NNS> ,/, <> <NN> <IN> <NNP> ,/, <> <> <> <> <> <> ./. (18 )
He/PRP <> <NN> <> for/IN <> <> <> <> the/DT <NN> <> <> <NNS> ,/, <> <NN> <IN> <NNP> ,/, <> <> <> <> <> <> ./. (18 )
He/PRP <> <NNP> <> for/IN <> <> <> <> the/DT <NN> <> <> <NNS> ,/, <> <NN> <IN> <NNP> ,/, <> <> <> <> <> <> ./. (18 )
He/PRP <> <RB> <> for/IN <> <> <> <> the/DT <NN> <> <> <NNS> ,/, <> <NN> <IN> <NNP> ,/, <> <> <> <> <> <> ./. (3 )
He/PRP <> <> <NN> for/IN <> <> <> <> the/DT <NN> <> <> <NNS> ,/, <> <NN> <IN> <NNP> ,/, <> <> <> <> <> <> ./. (18 )
He/PRP <> <> <VBN> for/IN <> <> <> <> the/DT <NN> <> <> <NNS> ,/, <> <NN> <IN> <NNP> ,/, <> <> <> <> <> <> ./. (3 )
He/PRP <> <> <> for/IN <NNP> <> <> <> the/DT <NN> <> <> <NNS> ,/, <> <NN> <IN> <NNP> ,/, <> <> <> <> <> <> ./. (18 )
He/PRP <> <> <> for/IN <PRP$> <> <> <> the/DT <NN> <> <> <NNS> ,/, <> <NN> <IN> <NNP> ,/, <> <> <> <> <> <> ./. (3 )
He/PRP <> <> <> for/IN <> <,> <> <> the/DT <NN> <> <> <NNS> ,/, <> <NN> <IN> <NNP> ,/, <> <> <> <> <> <> ./. (18 )
He/PRP <> <> <> for/IN <> <JJ> <> <> the/DT <NN> <> <> <NNS> ,/, <> <NN> <IN> <NNP> ,/, <> <> <> <> <> <> ./. (3 )
He/PRP <> <> <> for/IN <> <> <NNS> <> the/DT <NN> <> <> <NNS> ,/, <> <NN> <IN> <NNP> ,/, <> <> <> <> <> <> ./. (3 )
He/PRP <> <> <> for/IN <> <> <WDT> <> the/DT <NN> <> <> <NNS> ,/, <> <NN> <IN> <NNP> ,/, <> <> <> <> <> <> ./. (18 )
He/PRP <> <> <> for/IN <> <> <> <TO> the/DT <NN> <> <> <NNS> ,/, <> <NN> <IN> <NNP> ,/, <> <> <> <> <> <> ./. (3 )
He/PRP <> <> <> for/IN <> <> <> <VBD> the/DT <NN> <> <> <NNS> ,/, <> <NN> <IN> <NNP> ,/, <> <> <> <> <> <> ./. (18 )
He/PRP <> <> <> for/IN <> <> <> <> the/DT definition/NN <> <> <NNS> ,/, <> <NN> <IN> <NNP> ,/, <> <> <> <> <> <> ./. (3 )
He/PRP <> <> <> for/IN <> <> <> <> the/DT xUnit/NN <> <> <NNS> ,/, <> <NN> <IN> <NNP> ,/, <> <> <> <> <> <> ./. (18 )
}}}
{{{ div: 2 patterns
He/PRP <> <> <> for/IN <PRP$> <> <> <> the/DT <NN> <> <> <NNS> ,/, <> <NN> <IN> <NNP> ,/, <> <> <> <> <> <> ./. (3)
He/PRP <> <> <> for/IN <> <,> <> <> the/DT <NN> <> <> <NNS> ,/, <> <NN> <IN> <NNP> ,/, <> <> <> <> <> <> ./. (18)
}}}
#pattern is over K=23
>>> ret.size() = 15
>>> pcs.size() = 7
>>> dPC.size() = 2

# division of <> <> <> <> ,/, <> and/CC <> <> <> ./., 2 4 7 8 12 14 20 21 22 29
{{{ cspc: 75 patterns
<DT> <> <> <> ,/, <> and/CC <> <> <> ./. (8 )
<IN> <> <> <> ,/, <> and/CC <> <> <> ./. (7 )
<NNP> <> <> <> ,/, <> and/CC <> <> <> ./. (2 4 12 14 20 22 29 )
<PRP> <> <> <> ,/, <> and/CC <> <> <> ./. (21 )
<> <''> <> <> ,/, <> and/CC <> <> <> ./. (29 )
<> <,> <> <> ,/, <> and/CC <> <> <> ./. (2 8 12 22 29 )
<> <-LRB-> <> <> ,/, <> and/CC <> <> <> ./. (2 4 12 22 )
<> <-RRB-> <> <> ,/, <> and/CC <> <> <> ./. (4 22 )
<> <:> <> <> ,/, <> and/CC <> <> <> ./. (12 )
<> <CC> <> <> ,/, <> and/CC <> <> <> ./. (2 14 22 )
<> <CD> <> <> ,/, <> and/CC <> <> <> ./. (4 12 20 22 )
<> <DT> <> <> ,/, <> and/CC <> <> <> ./. (4 7 8 14 20 22 29 )
<> <IN> <> <> ,/, <> and/CC <> <> <> ./. (8 14 20 22 29 )
<> <JJ> <> <> ,/, <> and/CC <> <> <> ./. (4 8 14 22 29 )
<> <NN> <> <> ,/, <> and/CC <> <> <> ./. (8 14 22 29 )
<> <NNP> <> <> ,/, <> and/CC <> <> <> ./. (2 4 7 8 12 14 20 22 29 )
<> <NNPS> <> <> ,/, <> and/CC <> <> <> ./. (29 )
<> <VBD> <> <> ,/, <> and/CC <> <> <> ./. (8 20 29 )
<> <VBG> <> <> ,/, <> and/CC <> <> <> ./. (22 )
<> <VBN> <> <> ,/, <> and/CC <> <> <> ./. (2 4 22 29 )
<> <VBZ> <> <> ,/, <> and/CC <> <> <> ./. (4 14 21 22 )
<> <``> <> <> ,/, <> and/CC <> <> <> ./. (29 )
<> <> <''> <> ,/, <> and/CC <> <> <> ./. (29 )
<> <> <,> <> ,/, <> and/CC <> <> <> ./. (2 8 12 22 29 )
<> <> <-LRB-> <> ,/, <> and/CC <> <> <> ./. (2 4 12 22 )
<> <> <-RRB-> <> ,/, <> and/CC <> <> <> ./. (4 22 )
<> <> <:> <> ,/, <> and/CC <> <> <> ./. (12 )
<> <> <CC> <> ,/, <> and/CC <> <> <> ./. (2 14 20 22 )
<> <> <CD> <> ,/, <> and/CC <> <> <> ./. (4 12 20 22 29 )
<> <> <DT> <> ,/, <> and/CC <> <> <> ./. (4 8 14 20 22 29 )
<> <> <IN> <> ,/, <> and/CC <> <> <> ./. (8 14 20 21 22 29 )
<> <> <JJ> <> ,/, <> and/CC <> <> <> ./. (4 8 14 22 29 )
<> <> <NN> <> ,/, <> and/CC <> <> <> ./. (4 7 8 14 22 29 )
<> <> <NNP> <> ,/, <> and/CC <> <> <> ./. (2 4 7 8 12 14 20 29 )
<> <> <NNPS> <> ,/, <> and/CC <> <> <> ./. (29 )
<> <> <VBG> <> ,/, <> and/CC <> <> <> ./. (22 )
<> <> <VBN> <> ,/, <> and/CC <> <> <> ./. (2 4 22 29 )
<> <> <VBZ> <> ,/, <> and/CC <> <> <> ./. (4 14 22 )
<> <> <``> <> ,/, <> and/CC <> <> <> ./. (29 )
<> <> <> <''> ,/, <> and/CC <> <> <> ./. (29 )
<> <> <> <CD> ,/, <> and/CC <> <> <> ./. (2 12 20 )
<> <> <> <NN> ,/, <> and/CC <> <> <> ./. (4 7 8 22 29 )
<> <> <> <NNP> ,/, <> and/CC <> <> <> ./. (2 8 14 21 22 )
<> <> <> <> ,/, <NN> and/CC <> <> <> ./. (22 )
<> <> <> <> ,/, <NNP> and/CC <> <> <> ./. (21 )
<> <> <> <> ,/, <> and/CC <JJ> <> <> ./. (12 14 22 )
<> <> <> <> ,/, <> and/CC <NN> <> <> ./. (2 4 7 22 )
<> <> <> <> ,/, <> and/CC <NNP> <> <> ./. (8 20 )
<> <> <> <> ,/, <> and/CC <NNS> <> <> ./. (8 )
<> <> <> <> ,/, <> and/CC <VBZ> <> <> ./. (21 29 )
<> <> <> <> ,/, <> and/CC <> <,> <> ./. (8 22 )
<> <> <> <> ,/, <> and/CC <> <-LRB-> <> ./. (12 )
<> <> <> <> ,/, <> and/CC <> <CC> <> ./. (8 20 22 )
<> <> <> <> ,/, <> and/CC <> <CD> <> ./. (2 4 12 )
<> <> <> <> ,/, <> and/CC <> <DT> <> ./. (2 4 12 29 )
<> <> <> <> ,/, <> and/CC <> <IN> <> ./. (2 4 12 20 21 22 29 )
<> <> <> <> ,/, <> and/CC <> <JJ> <> ./. (8 12 22 29 )
<> <> <> <> ,/, <> and/CC <> <NN> <> ./. (7 8 12 14 20 22 29 )
<> <> <> <> ,/, <> and/CC <> <NNP> <> ./. (2 4 8 12 22 29 )
<> <> <> <> ,/, <> and/CC <> <NNS> <> ./. (12 20 22 )
<> <> <> <> ,/, <> and/CC <> <PRP$> <> ./. (12 )
<> <> <> <> ,/, <> and/CC <> <RB> <> ./. (29 )
<> <> <> <> ,/, <> and/CC <> <RP> <> ./. (29 )
<> <> <> <> ,/, <> and/CC <> <TO> <> ./. (7 12 )
<> <> <> <> ,/, <> and/CC <> <VBD> <> ./. (12 )
<> <> <> <> ,/, <> and/CC <> <VBG> <> ./. (22 29 )
<> <> <> <> ,/, <> and/CC <> <VBN> <> ./. (29 )
<> <> <> <> ,/, <> and/CC <> <VBZ> <> ./. (29 )
<> <> <> <> ,/, <> and/CC <> <WP> <> ./. (12 29 )
<> <> <> <> ,/, <> and/CC <> <> <-RRB-> ./. (12 )
<> <> <> <> ,/, <> and/CC <> <> <NN> ./. (2 4 7 8 14 20 22 29 )
<> <> <> <> ,/, <> and/CC <> <> <NNP> ./. (21 )
<> <> <> <> ,/, <> and/CC <> <> <> ./. (2 4 7 8 12 14 20 22 29 )
<> <> <> <> ,/, <> and/CC <> <> <> ./. (2 4 7 8 12 14 20 22 29 )
<> <> <> <> ,/, <> and/CC <> <> <> ./. (2 4 7 8 12 20 22 29 )
}}}
{{{ div: 5 patterns
<PRP> <> <> <> ,/, <> and/CC <> <> <> ./. (21)
<> <,> <> <> ,/, <> and/CC <> <> <> ./. (2 8 12 22 29)
<> <-LRB-> <> <> ,/, <> and/CC <> <> <> ./. (2 4 12 22)
<> <> <CC> <> ,/, <> and/CC <> <> <> ./. (2 14 20 22)
<> <> <> <> ,/, <> and/CC <> <TO> <> ./. (7 12)
}}}
#pattern is over K=23
>>> ret.size() = 16
>>> pcs.size() = 6
>>> dPC.size() = 5
# not divisible: Beck/NNP was/VBD one/CD of/IN the/DT 17/CD original/JJ signatories/NNS of/IN the/DT Agile/NNP Manifesto/NNP ,/, the/DT founding/NN document/NN for/IN agile/JJ software/NN development/NN ./.
# not divisible: Dr./NNP Mills/NNP was/VBD termed/VBN a/DT ``/`` super-programmer/NN ''/'' ,/, a/DT term/NN which/WDT would/MD evolve/VB to/TO the/DT concept/NN in/IN IBM/NNP of/IN a/DT ``/`` Chief/NNP Programmer/NNP ./. ''/''
# not divisible: He/PRP was/VBD an/DT early/JJ and/CC influential/JJ proponent/NN of/IN ``/`` structured/JJ programming/NN ./. ''/''
# not divisible: Beck/NNP popularized/VBD CRC/NN cards/NNS with/IN Ward/NNP Cunningham/NNP ,/, the/DT inventor/NN of/IN the/DT wiki/NNS ./.
# not divisible: His/PRP$ Cleanroom/NN software/NN development/NN process/NN emphasized/VBD top-down/JJ design/NN and/CC formal/JJ specification/NN ./.
# not divisible: His/PRP$ 1999/CD book/NN Refactoring/NN popularized/VBD the/DT practice/NN of/IN code/NN refactoring/NN ./.
{{{ MMG Result: 23 patterns
Beck/NN pioneered/VBD software/NN design/NN patterns/NNS as/RB well/RB as/IN the/DT commercial/JJ application/NN of/IN Smalltalk/NNP ./.
He/PRP won/VBD the/DT Nobel/NNP Prize/NNP in/IN physics/NN for/IN his/PRP$ explanation/NN of/IN the/DT photoelectric/JJ effect/NN ./.
Plauger/NNP has/VBZ been/VBN credited/VBN with/IN inventing/VBG pair/NN programming/NN while/IN leading/VBG Whitesmiths/NNP Ltd./NNP ./.
Mills/NNP contributed/VBD his/PRP$ ideas/NNS to/TO the/DT profession/NN in/IN six/CD books/NNS and/CC over/IN fifty/CD refereed/VBD articles/NNS in/IN technical/JJ journals/NNS ./.
Albert/NNP Einstein/NNP -LRB-/-LRB- 14/CD March/NNP 1879/NNS --/: 18/CD April/NNP 1955/CD -RRB-/-RRB- was/VBD a/DT theoretical/JJ physicist/NN who/WP published/VBD the/DT special/JJ and/CC general/JJ theories/NNS of/IN relativity/NN and/CC contributed/VBD in/IN other/JJ areas/NNS of/IN physics/NNS ./.
Plauger/NNP holds/VBZ a/DT bachelor/NN 's/POS degree/NN in/IN physics/NNS from/IN Princeton/NNP University/NNP and/CC a/DT PhD/NN in/IN nuclear/JJ physics/NNS from/IN the/DT Michigan/NNP State/NNP University/NNP ./.
The/DT story/NN was/VBD nominated/VBN for/IN a/DT Nebula/NNP Award/NN in/IN 1975/CD and/CC a/DT Hugo/NNP Award/NN in/IN 1976/CD ./.
He/PRP won/VBD the/DT John/NNP W./NNP Campbell/NNP Award/NN for/IN Best/JJS New/JJ Writer/NN in/IN 1975/CD --/: notably/RB beating/VBG John/NNP Varley/NNP for/IN the/DT award/NN --/: and/CC subsequently/RB sold/VBD a/DT story/NN to/TO The/DT Last/JJ Dangerous/JJ Visions/NNS ./.
He/PRP has/VBZ since/IN been/VBN involved/VBN in/IN C/NN and/CC C++/NNP standardization/NN and/CC is/VBZ now/RB the/DT president/NN of/IN Dinkumware/NNP ./.
He/PRP was/VBD responsible/JJ for/IN the/DT coining/NN of/IN the/DT term/NN ``/`` Artificial/NNP Intelligence/NNP ''/'' in/IN his/PRP$ 1955/CD proposal/NN for/IN the/DT 1956/CD Dartmouth/NNP Conference/NNP and/CC was/VBD the/DT inventor/NN of/IN the/DT Lisp/NNP programming/NN language/NN ./.
He/PRP founded/VBD Whitesmiths/NNP ,/, the/DT first/JJ company/NN to/TO sell/VB a/DT C/NN compiler/NN and/CC Unix-like/JJ operating/NN system/NN -LRB-/-LRB- Idris/NNP -RRB-/-RRB- ./.
In/IN 2004/CD he/PRP introduced/VBD Presentation/NN Model/NNP -LRB-/-LRB- PM/NNP -RRB-/-RRB- ,/, an/DT architectural/JJ pattern/NN ./.
In/IN January/NNP 2009/CD he/PRP became/VBD the/DT convener/NN of/IN the/DT ISO/NN C++/NNP standards/NNS committee/NN ,/, but/CC in/IN October/NNP 2009/CD he/PRP tendered/VBD his/PRP$ resignation/NN after/IN failing/VBG to/TO pass/VB a/DT resolution/NN to/TO stop/VB processing/VBG any/DT new/JJ features/NNS in/IN order/NN to/TO facilitate/VB the/DT promised/VBN shipping/NN date/NN for/IN the/DT C++/NNP 0x/NN standard/NN ./.
Extreme/JJ and/CC Agile/JJ methods/NNS are/VBP closely/RB associated/VBN with/IN Test/NN Driven/NNP Development/NNP ,/, of/IN which/WDT Beck/NNP is/VBZ perhaps/RB the/DT leading/VBG proponent/NN ./.
Edsger/NNP Wybe/NNP Dijkstra/NNP -LRB-/-LRB- May/NNP 11/CD 1930/CD --/: August/NNP 6/CD 2002/CD -RRB-/-RRB- was/VBD a/DT Dutch/JJ computer/NN scientist/NN ,/, and/CC winner/NN of/IN the/DT 1972/CD Turing/NNP Award/NN ./.
He/PRP <> <> <> for/IN <> <> <> <> the/DT <NN> <> <> <NNS> ,/, <> <NN> <IN> <NNP> ,/, <> <> <> <> <> <> ./.
<> <> <> <> ,/, <> and/CC <> <> <> ./.
Beck/NNP was/VBD one/CD of/IN the/DT 17/CD original/JJ signatories/NNS of/IN the/DT Agile/NNP Manifesto/NNP ,/, the/DT founding/NN document/NN for/IN agile/JJ software/NN development/NN ./.
Dr./NNP Mills/NNP was/VBD termed/VBN a/DT ``/`` super-programmer/NN ''/'' ,/, a/DT term/NN which/WDT would/MD evolve/VB to/TO the/DT concept/NN in/IN IBM/NNP of/IN a/DT ``/`` Chief/NNP Programmer/NNP ./. ''/''
He/PRP was/VBD an/DT early/JJ and/CC influential/JJ proponent/NN of/IN ``/`` structured/JJ programming/NN ./. ''/''
Beck/NNP popularized/VBD CRC/NN cards/NNS with/IN Ward/NNP Cunningham/NNP ,/, the/DT inventor/NN of/IN the/DT wiki/NNS ./.
His/PRP$ Cleanroom/NN software/NN development/NN process/NN emphasized/VBD top-down/JJ design/NN and/CC formal/JJ specification/NN ./.
His/PRP$ 1999/CD book/NN Refactoring/NN popularized/VBD the/DT practice/NN of/IN code/NN refactoring/NN ./.
}}}
